{"level":"info","message":"OAuth server started","port":8889,"service":"microsoft-oauth-handler","timestamp":"2025-10-15T23:34:34.735Z"}
{"authUrl":"https://login.microsoftonline.com/common/oauth2/v2...","level":"info","message":"Authorization URL generated","service":"microsoft-oauth-handler","timestamp":"2025-10-15T23:34:34.737Z"}
{"account":"avi@jarv1s.onmicrosoft.com","level":"info","message":"Authentication successful","service":"microsoft-oauth-handler","timestamp":"2025-10-15T23:35:12.497Z"}
{"level":"info","message":"OAuth server stopped","service":"microsoft-oauth-handler","timestamp":"2025-10-15T23:35:17.700Z"}
{"level":"info","message":"OAuth server started","port":8889,"service":"microsoft-oauth-handler","timestamp":"2025-10-15T23:38:15.889Z"}
{"authUrl":"https://login.microsoftonline.com/common/oauth2/v2...","level":"info","message":"Authorization URL generated","service":"microsoft-oauth-handler","timestamp":"2025-10-15T23:38:15.891Z"}
{"account":"avi@jarv1s.onmicrosoft.com","level":"info","message":"Authentication successful","service":"microsoft-oauth-handler","timestamp":"2025-10-15T23:38:17.093Z"}
{"level":"info","message":"OAuth server stopped","service":"microsoft-oauth-handler","timestamp":"2025-10-15T23:38:22.096Z"}
{"level":"info","message":"OAuth server started","port":8889,"service":"microsoft-oauth-handler","timestamp":"2025-10-15T23:38:22.369Z"}
{"authUrl":"https://login.microsoftonline.com/common/oauth2/v2...","level":"info","message":"Authorization URL generated","service":"microsoft-oauth-handler","timestamp":"2025-10-15T23:38:22.369Z"}
{"account":"avi@jarv1s.onmicrosoft.com","level":"info","message":"Authentication successful","service":"microsoft-oauth-handler","timestamp":"2025-10-15T23:38:23.467Z"}
{"level":"info","message":"OAuth server stopped","service":"microsoft-oauth-handler","timestamp":"2025-10-15T23:38:28.472Z"}
{"level":"info","message":"OAuth server started","port":8889,"service":"microsoft-oauth-handler","timestamp":"2025-10-15T23:38:42.721Z"}
{"authUrl":"https://login.microsoftonline.com/common/oauth2/v2...","level":"info","message":"Authorization URL generated","service":"microsoft-oauth-handler","timestamp":"2025-10-15T23:38:42.721Z"}
{"account":"avi@jarv1s.onmicrosoft.com","level":"info","message":"Authentication successful","service":"microsoft-oauth-handler","timestamp":"2025-10-15T23:38:44.174Z"}
{"level":"info","message":"OAuth server stopped","service":"microsoft-oauth-handler","timestamp":"2025-10-15T23:38:49.180Z"}
{"level":"info","message":"OAuth server started","port":8889,"service":"microsoft-oauth-handler","timestamp":"2025-10-15T23:39:29.980Z"}
{"authUrl":"https://login.microsoftonline.com/common/oauth2/v2...","level":"info","message":"Authorization URL generated","service":"microsoft-oauth-handler","timestamp":"2025-10-15T23:39:29.980Z"}
{"account":"avi@jarv1s.onmicrosoft.com","level":"info","message":"Authentication successful","service":"microsoft-oauth-handler","timestamp":"2025-10-15T23:39:31.218Z"}
{"level":"info","message":"OAuth server started","port":8889,"service":"microsoft-oauth-handler","timestamp":"2025-10-15T23:39:36.118Z"}
{"authUrl":"https://login.microsoftonline.com/common/oauth2/v2...","level":"info","message":"Authorization URL generated","service":"microsoft-oauth-handler","timestamp":"2025-10-15T23:39:36.118Z"}
{"account":"avi@jarv1s.onmicrosoft.com","level":"info","message":"Authentication successful","service":"microsoft-oauth-handler","timestamp":"2025-10-15T23:39:37.117Z"}
{"level":"info","message":"OAuth server stopped","service":"microsoft-oauth-handler","timestamp":"2025-10-15T23:39:38.122Z"}
{"level":"info","message":"OAuth server stopped","service":"microsoft-oauth-handler","timestamp":"2025-10-15T23:39:42.122Z"}
{"level":"info","message":"OAuth server started","port":8889,"service":"microsoft-oauth-handler","timestamp":"2025-10-15T23:41:06.339Z"}
{"authUrl":"https://login.microsoftonline.com/common/oauth2/v2...","level":"info","message":"Authorization URL generated","service":"microsoft-oauth-handler","timestamp":"2025-10-15T23:41:06.340Z"}
{"account":"avi@jarv1s.onmicrosoft.com","level":"info","message":"Authentication successful","service":"microsoft-oauth-handler","timestamp":"2025-10-15T23:41:07.370Z"}
{"level":"info","message":"OAuth server stopped","service":"microsoft-oauth-handler","timestamp":"2025-10-15T23:41:12.376Z"}
{"level":"info","message":"OAuth server started","port":8889,"service":"microsoft-oauth-handler","timestamp":"2025-10-15T23:41:20.952Z"}
{"authUrl":"https://login.microsoftonline.com/common/oauth2/v2...","level":"info","message":"Authorization URL generated","service":"microsoft-oauth-handler","timestamp":"2025-10-15T23:41:20.953Z"}
{"account":"avi@jarv1s.onmicrosoft.com","level":"info","message":"Authentication successful","service":"microsoft-oauth-handler","timestamp":"2025-10-15T23:41:22.084Z"}
{"level":"info","message":"OAuth server stopped","service":"microsoft-oauth-handler","timestamp":"2025-10-15T23:41:27.087Z"}
{"level":"info","message":"OAuth server started","port":8889,"service":"microsoft-oauth-handler","timestamp":"2025-10-15T23:41:53.363Z"}
{"authUrl":"https://login.microsoftonline.com/common/oauth2/v2...","level":"info","message":"Authorization URL generated","service":"microsoft-oauth-handler","timestamp":"2025-10-15T23:41:53.364Z"}
{"account":"avi@jarv1s.onmicrosoft.com","level":"info","message":"Authentication successful","service":"microsoft-oauth-handler","timestamp":"2025-10-15T23:41:54.512Z"}
{"level":"info","message":"OAuth server stopped","service":"microsoft-oauth-handler","timestamp":"2025-10-15T23:41:59.519Z"}
{"level":"info","message":"OAuth server started","port":8889,"service":"microsoft-oauth-handler","timestamp":"2025-10-15T23:46:12.976Z"}
{"authUrl":"https://login.microsoftonline.com/common/oauth2/v2...","level":"info","message":"Authorization URL generated","service":"microsoft-oauth-handler","timestamp":"2025-10-15T23:46:12.977Z"}
{"account":"avi@jarv1s.onmicrosoft.com","level":"info","message":"Authentication successful","service":"microsoft-oauth-handler","timestamp":"2025-10-15T23:46:14.122Z"}
{"level":"info","message":"OAuth server stopped","service":"microsoft-oauth-handler","timestamp":"2025-10-15T23:46:19.129Z"}
{"level":"info","message":"OAuth server started","port":8889,"service":"microsoft-oauth-handler","timestamp":"2025-10-15T23:47:00.535Z"}
{"authUrl":"https://login.microsoftonline.com/common/oauth2/v2...","level":"info","message":"Authorization URL generated","service":"microsoft-oauth-handler","timestamp":"2025-10-15T23:47:00.535Z"}
{"account":"avi@jarv1s.onmicrosoft.com","level":"info","message":"Authentication successful","service":"microsoft-oauth-handler","timestamp":"2025-10-15T23:47:01.553Z"}
{"level":"info","message":"OAuth server stopped","service":"microsoft-oauth-handler","timestamp":"2025-10-15T23:47:06.556Z"}
{"level":"info","message":"OAuth server started","port":8889,"service":"microsoft-oauth-handler","timestamp":"2025-10-15T23:48:38.681Z"}
{"authUrl":"https://login.microsoftonline.com/common/oauth2/v2...","level":"info","message":"Authorization URL generated","service":"microsoft-oauth-handler","timestamp":"2025-10-15T23:48:38.682Z"}
{"account":"avi@jarv1s.onmicrosoft.com","level":"info","message":"Authentication successful","service":"microsoft-oauth-handler","timestamp":"2025-10-15T23:48:39.736Z"}
{"level":"info","message":"OAuth server stopped","service":"microsoft-oauth-handler","timestamp":"2025-10-15T23:48:44.743Z"}
{"level":"info","message":"OAuth server started","port":8889,"service":"microsoft-oauth-handler","timestamp":"2025-10-15T23:50:06.545Z"}
{"authUrl":"https://login.microsoftonline.com/common/oauth2/v2...","level":"info","message":"Authorization URL generated","service":"microsoft-oauth-handler","timestamp":"2025-10-15T23:50:06.546Z"}
{"account":"avi@jarv1s.onmicrosoft.com","level":"info","message":"Authentication successful","service":"microsoft-oauth-handler","timestamp":"2025-10-15T23:50:07.644Z"}
{"level":"info","message":"OAuth server stopped","service":"microsoft-oauth-handler","timestamp":"2025-10-15T23:50:12.646Z"}
{"level":"info","message":"OAuth server started","port":8889,"service":"microsoft-oauth-handler","timestamp":"2025-10-15T23:51:00.583Z"}
{"authUrl":"https://login.microsoftonline.com/common/oauth2/v2...","level":"info","message":"Authorization URL generated","service":"microsoft-oauth-handler","timestamp":"2025-10-15T23:51:00.584Z"}
{"account":"avi@jarv1s.onmicrosoft.com","level":"info","message":"Authentication successful","service":"microsoft-oauth-handler","timestamp":"2025-10-15T23:51:01.706Z"}
{"level":"info","message":"OAuth server stopped","service":"microsoft-oauth-handler","timestamp":"2025-10-15T23:51:06.711Z"}
{"level":"info","message":"OAuth server started","port":8889,"service":"microsoft-oauth-handler","timestamp":"2025-10-15T23:52:19.374Z"}
{"authUrl":"https://login.microsoftonline.com/common/oauth2/v2...","level":"info","message":"Authorization URL generated","service":"microsoft-oauth-handler","timestamp":"2025-10-15T23:52:19.375Z"}
{"account":"avi@jarv1s.onmicrosoft.com","level":"info","message":"Authentication successful","service":"microsoft-oauth-handler","timestamp":"2025-10-15T23:52:20.568Z"}
{"level":"info","message":"OAuth server stopped","service":"microsoft-oauth-handler","timestamp":"2025-10-15T23:52:25.571Z"}
{"level":"info","message":"OAuth server started","port":8889,"service":"microsoft-oauth-handler","timestamp":"2025-10-15T23:57:16.576Z"}
{"authUrl":"https://login.microsoftonline.com/common/oauth2/v2...","level":"info","message":"Authorization URL generated","service":"microsoft-oauth-handler","timestamp":"2025-10-15T23:57:16.578Z"}
{"account":"avi@jarv1s.onmicrosoft.com","level":"info","message":"Authentication successful","service":"microsoft-oauth-handler","timestamp":"2025-10-15T23:57:18.099Z"}
{"level":"info","message":"OAuth server stopped","service":"microsoft-oauth-handler","timestamp":"2025-10-15T23:57:23.104Z"}
{"level":"info","message":"OAuth server started","port":8889,"service":"microsoft-oauth-handler","timestamp":"2025-10-16T00:01:04.942Z"}
{"authUrl":"https://login.microsoftonline.com/common/oauth2/v2...","level":"info","message":"Authorization URL generated","service":"microsoft-oauth-handler","timestamp":"2025-10-16T00:01:04.944Z"}
{"account":"avi@jarv1s.onmicrosoft.com","level":"info","message":"Authentication successful","service":"microsoft-oauth-handler","timestamp":"2025-10-16T00:01:06.442Z"}
{"level":"info","message":"OAuth server stopped","service":"microsoft-oauth-handler","timestamp":"2025-10-16T00:01:11.447Z"}
{"level":"info","message":"OAuth server started","port":8889,"service":"microsoft-oauth-handler","timestamp":"2025-10-16T00:11:12.249Z"}
{"authUrl":"https://login.microsoftonline.com/common/oauth2/v2...","level":"info","message":"Authorization URL generated","service":"microsoft-oauth-handler","timestamp":"2025-10-16T00:11:12.250Z"}
{"account":"avi@jarv1s.onmicrosoft.com","level":"info","message":"Authentication successful","service":"microsoft-oauth-handler","timestamp":"2025-10-16T00:11:13.691Z"}
{"level":"info","message":"OAuth server stopped","service":"microsoft-oauth-handler","timestamp":"2025-10-16T00:11:18.695Z"}
{"level":"info","message":"OAuth server started","port":8889,"service":"microsoft-oauth-handler","timestamp":"2025-10-16T00:20:37.823Z"}
{"authUrl":"https://login.microsoftonline.com/common/oauth2/v2...","level":"info","message":"Authorization URL generated","service":"microsoft-oauth-handler","timestamp":"2025-10-16T00:20:37.825Z"}
{"account":"avi@jarv1s.onmicrosoft.com","level":"info","message":"Authentication successful","service":"microsoft-oauth-handler","timestamp":"2025-10-16T00:20:39.050Z"}
{"level":"info","message":"OAuth server stopped","service":"microsoft-oauth-handler","timestamp":"2025-10-16T00:20:44.053Z"}
{"level":"info","message":"OAuth server started","port":8889,"service":"microsoft-oauth-handler","timestamp":"2025-10-16T00:21:14.943Z"}
{"authUrl":"https://login.microsoftonline.com/common/oauth2/v2...","level":"info","message":"Authorization URL generated","service":"microsoft-oauth-handler","timestamp":"2025-10-16T00:21:14.944Z"}
{"account":"avi@jarv1s.onmicrosoft.com","level":"info","message":"Authentication successful","service":"microsoft-oauth-handler","timestamp":"2025-10-16T00:21:16.192Z"}
{"level":"info","message":"OAuth server stopped","service":"microsoft-oauth-handler","timestamp":"2025-10-16T00:21:21.197Z"}
{"level":"info","message":"OAuth server started","port":8889,"service":"microsoft-oauth-handler","timestamp":"2025-10-16T00:21:22.406Z"}
{"authUrl":"https://login.microsoftonline.com/common/oauth2/v2...","level":"info","message":"Authorization URL generated","service":"microsoft-oauth-handler","timestamp":"2025-10-16T00:21:22.406Z"}
{"account":"avi@jarv1s.onmicrosoft.com","level":"info","message":"Authentication successful","service":"microsoft-oauth-handler","timestamp":"2025-10-16T00:21:23.553Z"}
{"level":"info","message":"OAuth server stopped","service":"microsoft-oauth-handler","timestamp":"2025-10-16T00:21:28.559Z"}
{"level":"info","message":"OAuth server started","port":8889,"service":"microsoft-oauth-handler","timestamp":"2025-10-16T00:22:17.615Z"}
{"authUrl":"https://login.microsoftonline.com/common/oauth2/v2...","level":"info","message":"Authorization URL generated","service":"microsoft-oauth-handler","timestamp":"2025-10-16T00:22:17.616Z"}
{"account":"avi@jarv1s.onmicrosoft.com","level":"info","message":"Authentication successful","service":"microsoft-oauth-handler","timestamp":"2025-10-16T00:22:18.790Z"}
{"level":"info","message":"OAuth server stopped","service":"microsoft-oauth-handler","timestamp":"2025-10-16T00:22:23.797Z"}
{"level":"info","message":"OAuth server started","port":8889,"service":"microsoft-oauth-handler","timestamp":"2025-10-16T00:26:33.000Z"}
{"authUrl":"https://login.microsoftonline.com/common/oauth2/v2...","level":"info","message":"Authorization URL generated","service":"microsoft-oauth-handler","timestamp":"2025-10-16T00:26:33.002Z"}
{"account":"avi@jarv1s.onmicrosoft.com","level":"info","message":"Authentication successful","service":"microsoft-oauth-handler","timestamp":"2025-10-16T00:26:34.219Z"}
{"level":"info","message":"OAuth server stopped","service":"microsoft-oauth-handler","timestamp":"2025-10-16T00:26:39.224Z"}
{"level":"info","message":"OAuth server started","port":8889,"service":"microsoft-oauth-handler","timestamp":"2025-10-16T01:33:33.120Z"}
{"authUrl":"https://login.microsoftonline.com/common/oauth2/v2...","level":"info","message":"Authorization URL generated","service":"microsoft-oauth-handler","timestamp":"2025-10-16T01:33:33.122Z"}
{"account":"avi@jarv1s.onmicrosoft.com","level":"info","message":"Authentication successful","service":"microsoft-oauth-handler","timestamp":"2025-10-16T01:33:34.711Z"}
{"level":"info","message":"OAuth server stopped","service":"microsoft-oauth-handler","timestamp":"2025-10-16T01:33:39.719Z"}
{"level":"info","message":"OAuth server started","port":8889,"service":"microsoft-oauth-handler","timestamp":"2025-10-16T01:51:01.285Z"}
{"authUrl":"https://login.microsoftonline.com/common/oauth2/v2...","level":"info","message":"Authorization URL generated","service":"microsoft-oauth-handler","timestamp":"2025-10-16T01:51:01.287Z"}
{"account":"avi@jarv1s.onmicrosoft.com","level":"info","message":"Authentication successful","service":"microsoft-oauth-handler","timestamp":"2025-10-16T01:51:02.965Z"}
{"level":"info","message":"OAuth server stopped","service":"microsoft-oauth-handler","timestamp":"2025-10-16T01:51:07.971Z"}
{"level":"info","message":"OAuth server started","port":8889,"service":"microsoft-oauth-handler","timestamp":"2025-10-16T03:18:47.808Z"}
{"authUrl":"https://login.microsoftonline.com/common/oauth2/v2...","level":"info","message":"Authorization URL generated","service":"microsoft-oauth-handler","timestamp":"2025-10-16T03:18:47.810Z"}
{"account":"avi@jarv1s.onmicrosoft.com","level":"info","message":"Authentication successful","service":"microsoft-oauth-handler","timestamp":"2025-10-16T03:18:49.159Z"}
{"level":"info","message":"OAuth server stopped","service":"microsoft-oauth-handler","timestamp":"2025-10-16T03:18:54.167Z"}
{"level":"info","message":"OAuth server started","port":8889,"service":"microsoft-oauth-handler","timestamp":"2025-10-16T03:38:41.557Z"}
{"authUrl":"https://login.microsoftonline.com/common/oauth2/v2...","level":"info","message":"Authorization URL generated","service":"microsoft-oauth-handler","timestamp":"2025-10-16T03:38:41.559Z"}
{"account":"avi@jarv1s.onmicrosoft.com","level":"info","message":"Authentication successful","service":"microsoft-oauth-handler","timestamp":"2025-10-16T03:38:43.341Z"}
{"level":"info","message":"OAuth server stopped","service":"microsoft-oauth-handler","timestamp":"2025-10-16T03:38:48.348Z"}
{"level":"info","message":"OAuth server started","port":8889,"service":"microsoft-oauth-handler","timestamp":"2025-10-16T04:13:39.669Z"}
{"authUrl":"https://login.microsoftonline.com/common/oauth2/v2...","level":"info","message":"Authorization URL generated","service":"microsoft-oauth-handler","timestamp":"2025-10-16T04:13:39.671Z"}
{"account":"avi@jarv1s.onmicrosoft.com","level":"info","message":"Authentication successful","service":"microsoft-oauth-handler","timestamp":"2025-10-16T04:13:41.347Z"}
{"level":"info","message":"OAuth server stopped","service":"microsoft-oauth-handler","timestamp":"2025-10-16T04:13:46.352Z"}
{"level":"info","message":"OAuth server started","port":8889,"service":"microsoft-oauth-handler","timestamp":"2025-10-16T04:44:06.125Z"}
{"authUrl":"https://login.microsoftonline.com/common/oauth2/v2...","level":"info","message":"Authorization URL generated","service":"microsoft-oauth-handler","timestamp":"2025-10-16T04:44:06.125Z"}
{"account":"avi@jarv1s.onmicrosoft.com","level":"info","message":"Authentication successful","service":"microsoft-oauth-handler","timestamp":"2025-10-16T04:44:07.704Z"}
{"level":"info","message":"OAuth server stopped","service":"microsoft-oauth-handler","timestamp":"2025-10-16T04:44:12.711Z"}
{"level":"info","message":"OAuth server started","port":8889,"service":"microsoft-oauth-handler","timestamp":"2025-10-16T05:00:11.921Z"}
{"authUrl":"https://login.microsoftonline.com/common/oauth2/v2...","level":"info","message":"Authorization URL generated","service":"microsoft-oauth-handler","timestamp":"2025-10-16T05:00:11.923Z"}
{"account":"avi@jarv1s.onmicrosoft.com","level":"info","message":"Authentication successful","service":"microsoft-oauth-handler","timestamp":"2025-10-16T05:00:13.364Z"}
{"level":"info","message":"OAuth server stopped","service":"microsoft-oauth-handler","timestamp":"2025-10-16T05:00:18.369Z"}
{"level":"info","message":"OAuth server started","port":8889,"service":"microsoft-oauth-handler","timestamp":"2025-10-16T20:54:16.360Z"}
{"authUrl":"https://login.microsoftonline.com/common/oauth2/v2...","level":"info","message":"Authorization URL generated","service":"microsoft-oauth-handler","timestamp":"2025-10-16T20:54:16.362Z"}
{"account":"avi@jarv1s.onmicrosoft.com","level":"info","message":"Authentication successful","service":"microsoft-oauth-handler","timestamp":"2025-10-16T20:54:17.788Z"}
{"level":"info","message":"OAuth server stopped","service":"microsoft-oauth-handler","timestamp":"2025-10-16T20:54:22.794Z"}
{"level":"info","message":"OAuth server started","port":8889,"service":"microsoft-oauth-handler","timestamp":"2025-10-16T20:54:34.984Z"}
{"authUrl":"https://login.microsoftonline.com/common/oauth2/v2...","level":"info","message":"Authorization URL generated","service":"microsoft-oauth-handler","timestamp":"2025-10-16T20:54:34.984Z"}
{"account":"avi@jarv1s.onmicrosoft.com","level":"info","message":"Authentication successful","service":"microsoft-oauth-handler","timestamp":"2025-10-16T20:54:36.186Z"}
{"level":"info","message":"OAuth server stopped","service":"microsoft-oauth-handler","timestamp":"2025-10-16T20:54:41.189Z"}
{"level":"info","message":"OAuth server started","port":8889,"service":"microsoft-oauth-handler","timestamp":"2025-10-16T20:54:42.434Z"}
{"authUrl":"https://login.microsoftonline.com/common/oauth2/v2...","level":"info","message":"Authorization URL generated","service":"microsoft-oauth-handler","timestamp":"2025-10-16T20:54:42.434Z"}
{"account":"avi@jarv1s.onmicrosoft.com","level":"info","message":"Authentication successful","service":"microsoft-oauth-handler","timestamp":"2025-10-16T20:54:43.676Z"}
{"level":"info","message":"OAuth server stopped","service":"microsoft-oauth-handler","timestamp":"2025-10-16T20:54:48.683Z"}
{"level":"info","message":"OAuth server started","port":8889,"service":"microsoft-oauth-handler","timestamp":"2025-10-16T21:01:10.130Z"}
{"authUrl":"https://login.microsoftonline.com/common/oauth2/v2...","level":"info","message":"Authorization URL generated","service":"microsoft-oauth-handler","timestamp":"2025-10-16T21:01:10.131Z"}
{"account":"avi@jarv1s.onmicrosoft.com","level":"info","message":"Authentication successful","service":"microsoft-oauth-handler","timestamp":"2025-10-16T21:01:11.997Z"}
{"level":"info","message":"OAuth server stopped","service":"microsoft-oauth-handler","timestamp":"2025-10-16T21:01:17.004Z"}
{"error":"listen EADDRINUSE: address already in use :::8889","level":"error","message":"OAuth server error","service":"microsoft-oauth-handler","timestamp":"2025-10-17T18:45:07.852Z"}
{"error":"listen EADDRINUSE: address already in use :::8889","level":"error","message":"OAuth server error","service":"microsoft-oauth-handler","timestamp":"2025-10-17T18:45:30.228Z"}
{"error":"listen EADDRINUSE: address already in use :::8889","level":"error","message":"OAuth server error","service":"microsoft-oauth-handler","timestamp":"2025-10-17T22:28:22.247Z"}
{"error":"listen EADDRINUSE: address already in use :::8889","level":"error","message":"OAuth server error","service":"microsoft-oauth-handler","timestamp":"2025-10-17T22:28:24.681Z"}
{"error":"listen EADDRINUSE: address already in use :::8889","level":"error","message":"OAuth server error","service":"microsoft-oauth-handler","timestamp":"2025-10-17T22:30:49.090Z"}
{"error":"listen EADDRINUSE: address already in use :::8889","level":"error","message":"OAuth server error","service":"microsoft-oauth-handler","timestamp":"2025-10-17T22:31:03.159Z"}
{"error":"listen EADDRINUSE: address already in use :::8889","level":"error","message":"OAuth server error","service":"microsoft-oauth-handler","timestamp":"2025-10-17T22:33:51.917Z"}
{"error":"listen EADDRINUSE: address already in use :::8889","level":"error","message":"OAuth server error","service":"microsoft-oauth-handler","timestamp":"2025-10-17T22:33:53.833Z"}
{"error":"listen EADDRINUSE: address already in use :::8889","level":"error","message":"OAuth server error","service":"microsoft-oauth-handler","timestamp":"2025-10-17T22:33:54.283Z"}
{"error":"listen EADDRINUSE: address already in use :::8889","level":"error","message":"OAuth server error","service":"microsoft-oauth-handler","timestamp":"2025-10-17T22:33:54.667Z"}
{"error":"listen EADDRINUSE: address already in use :::8889","level":"error","message":"OAuth server error","service":"microsoft-oauth-handler","timestamp":"2025-10-17T22:33:55.302Z"}
{"code":"EADDRINUSE","error":"listen EADDRINUSE: address already in use :::8889","level":"error","message":"OAuth server error","port":8889,"service":"microsoft-oauth-handler","timestamp":"2025-10-17T22:34:12.153Z"}
{"level":"info","message":"Stopping existing OAuth server before starting new flow","service":"microsoft-oauth-handler","timestamp":"2025-10-17T22:34:13.777Z"}
{"code":"EADDRINUSE","error":"listen EADDRINUSE: address already in use :::8889","level":"error","message":"OAuth server error","port":8889,"service":"microsoft-oauth-handler","timestamp":"2025-10-17T22:34:13.777Z"}
{"code":"EADDRINUSE","error":"listen EADDRINUSE: address already in use :::8889","level":"error","message":"OAuth server error","port":8889,"service":"microsoft-oauth-handler","timestamp":"2025-10-17T22:34:50.528Z"}
{"code":"EADDRINUSE","error":"listen EADDRINUSE: address already in use :::8889","level":"error","message":"OAuth server error","port":8889,"service":"microsoft-oauth-handler","timestamp":"2025-10-17T22:35:38.672Z"}
{"level":"info","message":"Stopping existing OAuth server before starting new flow","service":"microsoft-oauth-handler","timestamp":"2025-10-17T22:35:41.515Z"}
{"code":"EADDRINUSE","error":"listen EADDRINUSE: address already in use :::8889","level":"error","message":"OAuth server error","port":8889,"service":"microsoft-oauth-handler","timestamp":"2025-10-17T22:35:41.515Z"}
{"code":"EADDRINUSE","error":"listen EADDRINUSE: address already in use :::8889","level":"error","message":"OAuth server error","port":8889,"service":"microsoft-oauth-handler","timestamp":"2025-10-17T22:35:56.447Z"}
{"level":"info","message":"OAuth server started","port":8889,"service":"microsoft-oauth-handler","timestamp":"2025-10-17T22:37:22.170Z"}
{"authUrl":"https://login.microsoftonline.com/common/oauth2/v2...","level":"info","message":"Authorization URL generated","service":"microsoft-oauth-handler","timestamp":"2025-10-17T22:37:22.172Z"}
{"account":"avi@jarv1s.onmicrosoft.com","level":"info","message":"Authentication successful","service":"microsoft-oauth-handler","timestamp":"2025-10-17T22:37:23.679Z"}
{"level":"info","message":"OAuth server stopped","service":"microsoft-oauth-handler","timestamp":"2025-10-17T22:37:28.681Z"}
{"level":"info","message":"OAuth server started","port":8889,"service":"microsoft-oauth-handler","timestamp":"2025-10-18T17:42:39.071Z"}
{"authUrl":"https://login.microsoftonline.com/common/oauth2/v2...","level":"info","message":"Authorization URL generated","service":"microsoft-oauth-handler","timestamp":"2025-10-18T17:42:39.073Z"}
{"level":"info","message":"OAuth server started","port":8889,"service":"microsoft-oauth-handler","timestamp":"2025-10-18T17:42:57.705Z"}
{"authUrl":"https://login.microsoftonline.com/common/oauth2/v2...","level":"info","message":"Authorization URL generated","service":"microsoft-oauth-handler","timestamp":"2025-10-18T17:42:57.707Z"}
{"level":"info","message":"Stopping existing OAuth server before starting new flow","service":"microsoft-oauth-handler","timestamp":"2025-10-18T17:43:11.396Z"}
{"level":"info","message":"OAuth server started","port":8889,"service":"microsoft-oauth-handler","timestamp":"2025-10-18T17:43:11.396Z"}
{"authUrl":"https://login.microsoftonline.com/common/oauth2/v2...","level":"info","message":"Authorization URL generated","service":"microsoft-oauth-handler","timestamp":"2025-10-18T17:43:11.397Z"}
{"level":"info","message":"OAuth server started","port":8889,"service":"microsoft-oauth-handler","timestamp":"2025-10-18T17:43:39.005Z"}
{"authUrl":"https://login.microsoftonline.com/common/oauth2/v2...","level":"info","message":"Authorization URL generated","service":"microsoft-oauth-handler","timestamp":"2025-10-18T17:43:39.007Z"}
{"level":"info","message":"Stopping existing OAuth server before starting new flow","service":"microsoft-oauth-handler","timestamp":"2025-10-18T17:44:01.515Z"}
{"level":"info","message":"OAuth server started","port":8889,"service":"microsoft-oauth-handler","timestamp":"2025-10-18T17:44:01.515Z"}
{"authUrl":"https://login.microsoftonline.com/common/oauth2/v2...","level":"info","message":"Authorization URL generated","service":"microsoft-oauth-handler","timestamp":"2025-10-18T17:44:01.516Z"}
{"level":"info","message":"Stopping existing OAuth server before starting new flow","service":"microsoft-oauth-handler","timestamp":"2025-10-18T17:44:08.655Z"}
{"level":"info","message":"OAuth server started","port":8889,"service":"microsoft-oauth-handler","timestamp":"2025-10-18T17:44:08.655Z"}
{"authUrl":"https://login.microsoftonline.com/common/oauth2/v2...","level":"info","message":"Authorization URL generated","service":"microsoft-oauth-handler","timestamp":"2025-10-18T17:44:08.655Z"}
{"level":"info","message":"OAuth server started","port":8889,"service":"microsoft-oauth-handler","timestamp":"2025-10-18T17:46:15.988Z"}
{"authUrl":"https://login.microsoftonline.com/common/oauth2/v2...","level":"info","message":"Authorization URL generated","service":"microsoft-oauth-handler","timestamp":"2025-10-18T17:46:15.990Z"}
{"level":"info","message":"Stopping existing OAuth server before starting new flow","service":"microsoft-oauth-handler","timestamp":"2025-10-18T17:46:24.280Z"}
{"level":"info","message":"OAuth server started","port":8889,"service":"microsoft-oauth-handler","timestamp":"2025-10-18T17:46:24.280Z"}
{"authUrl":"https://login.microsoftonline.com/common/oauth2/v2...","level":"info","message":"Authorization URL generated","service":"microsoft-oauth-handler","timestamp":"2025-10-18T17:46:24.281Z"}
{"level":"info","message":"Stopping existing OAuth server before starting new flow","service":"microsoft-oauth-handler","timestamp":"2025-10-18T17:47:49.170Z"}
{"level":"info","message":"OAuth server started","port":8889,"service":"microsoft-oauth-handler","timestamp":"2025-10-18T17:47:49.171Z"}
{"authUrl":"https://login.microsoftonline.com/common/oauth2/v2...","level":"info","message":"Authorization URL generated","service":"microsoft-oauth-handler","timestamp":"2025-10-18T17:47:49.171Z"}
{"level":"info","message":"OAuth server started","port":8889,"service":"microsoft-oauth-handler","timestamp":"2025-10-18T17:51:48.132Z"}
{"authUrl":"https://login.microsoftonline.com/common/oauth2/v2...","level":"info","message":"Authorization URL generated","service":"microsoft-oauth-handler","timestamp":"2025-10-18T17:51:48.133Z"}
{"level":"info","message":"OAuth server started","port":8889,"service":"microsoft-oauth-handler","timestamp":"2025-10-18T17:56:02.385Z"}
{"authUrl":"https://login.microsoftonline.com/common/oauth2/v2...","level":"info","message":"Authorization URL generated","service":"microsoft-oauth-handler","timestamp":"2025-10-18T17:56:02.387Z"}
{"level":"info","message":"Stopping existing OAuth server before starting new flow","service":"microsoft-oauth-handler","timestamp":"2025-10-18T17:56:08.819Z"}
{"level":"info","message":"OAuth server started","port":8889,"service":"microsoft-oauth-handler","timestamp":"2025-10-18T17:56:08.819Z"}
{"authUrl":"https://login.microsoftonline.com/common/oauth2/v2...","level":"info","message":"Authorization URL generated","service":"microsoft-oauth-handler","timestamp":"2025-10-18T17:56:08.820Z"}
{"level":"info","message":"OAuth server started","port":8889,"service":"microsoft-oauth-handler","timestamp":"2025-10-18T18:03:10.651Z"}
{"authUrl":"https://login.microsoftonline.com/common/oauth2/v2...","level":"info","message":"Authorization URL generated","service":"microsoft-oauth-handler","timestamp":"2025-10-18T18:03:10.653Z"}
{"level":"info","message":"OAuth server started","port":8889,"service":"microsoft-oauth-handler","timestamp":"2025-10-18T18:15:49.445Z"}
{"authUrl":"https://login.microsoftonline.com/common/oauth2/v2...","level":"info","message":"Authorization URL generated","service":"microsoft-oauth-handler","timestamp":"2025-10-18T18:15:49.447Z"}
{"level":"info","message":"Stopping existing OAuth server before starting new flow","service":"microsoft-oauth-handler","timestamp":"2025-10-18T18:15:57.350Z"}
{"level":"info","message":"OAuth server started","port":8889,"service":"microsoft-oauth-handler","timestamp":"2025-10-18T18:15:57.351Z"}
{"authUrl":"https://login.microsoftonline.com/common/oauth2/v2...","level":"info","message":"Authorization URL generated","service":"microsoft-oauth-handler","timestamp":"2025-10-18T18:15:57.351Z"}
{"level":"info","message":"OAuth server started","port":8889,"service":"microsoft-oauth-handler","timestamp":"2025-10-18T18:17:58.316Z"}
{"authUrl":"https://login.microsoftonline.com/common/oauth2/v2...","level":"info","message":"Authorization URL generated","service":"microsoft-oauth-handler","timestamp":"2025-10-18T18:17:58.318Z"}
{"level":"info","message":"Stopping existing OAuth server before starting new flow","service":"microsoft-oauth-handler","timestamp":"2025-10-18T18:18:03.463Z"}
{"level":"info","message":"OAuth server started","port":8889,"service":"microsoft-oauth-handler","timestamp":"2025-10-18T18:18:03.464Z"}
{"authUrl":"https://login.microsoftonline.com/common/oauth2/v2...","level":"info","message":"Authorization URL generated","service":"microsoft-oauth-handler","timestamp":"2025-10-18T18:18:03.464Z"}
{"level":"info","message":"Stopping existing OAuth server before starting new flow","service":"microsoft-oauth-handler","timestamp":"2025-10-18T18:18:09.699Z"}
{"level":"info","message":"OAuth server started","port":8889,"service":"microsoft-oauth-handler","timestamp":"2025-10-18T18:18:09.699Z"}
{"authUrl":"https://login.microsoftonline.com/common/oauth2/v2...","level":"info","message":"Authorization URL generated","service":"microsoft-oauth-handler","timestamp":"2025-10-18T18:18:09.699Z"}
{"level":"info","message":"Stopping existing OAuth server before starting new flow","service":"microsoft-oauth-handler","timestamp":"2025-10-18T18:19:41.722Z"}
{"level":"info","message":"OAuth server started","port":8889,"service":"microsoft-oauth-handler","timestamp":"2025-10-18T18:19:41.723Z"}
{"authUrl":"https://login.microsoftonline.com/common/oauth2/v2...","level":"info","message":"Authorization URL generated","service":"microsoft-oauth-handler","timestamp":"2025-10-18T18:19:41.723Z"}
{"level":"info","message":"Stopping existing OAuth server before starting new flow","service":"microsoft-oauth-handler","timestamp":"2025-10-18T18:20:20.930Z"}
{"level":"info","message":"OAuth server started","port":8889,"service":"microsoft-oauth-handler","timestamp":"2025-10-18T18:20:20.930Z"}
{"authUrl":"https://login.microsoftonline.com/common/oauth2/v2...","level":"info","message":"Authorization URL generated","service":"microsoft-oauth-handler","timestamp":"2025-10-18T18:20:20.931Z"}
{"code":"EADDRINUSE","error":"listen EADDRINUSE: address already in use :::8890","level":"error","message":"OAuth server error","port":8890,"service":"microsoft-oauth-handler","timestamp":"2025-10-18T18:24:05.850Z"}
{"code":"EADDRINUSE","error":"listen EADDRINUSE: address already in use :::8890","level":"error","message":"OAuth server error","port":8890,"service":"microsoft-oauth-handler","timestamp":"2025-10-18T18:24:08.317Z"}
{"code":"EADDRINUSE","error":"listen EADDRINUSE: address already in use :::8890","level":"error","message":"OAuth server error","port":8890,"service":"microsoft-oauth-handler","timestamp":"2025-10-19T00:27:27.223Z"}
{"code":"EADDRINUSE","error":"listen EADDRINUSE: address already in use :::8890","level":"error","message":"OAuth server error","port":8890,"service":"microsoft-oauth-handler","timestamp":"2025-10-19T00:28:17.818Z"}
{"code":"EADDRINUSE","error":"listen EADDRINUSE: address already in use :::8890","level":"error","message":"OAuth server error","port":8890,"service":"microsoft-oauth-handler","timestamp":"2025-10-19T00:32:16.217Z"}
{"code":"EADDRINUSE","error":"listen EADDRINUSE: address already in use :::8890","level":"error","message":"OAuth server error","port":8890,"service":"microsoft-oauth-handler","timestamp":"2025-10-19T00:33:19.832Z"}
{"code":"EADDRINUSE","error":"listen EADDRINUSE: address already in use :::8890","level":"error","message":"OAuth server error","port":8890,"service":"microsoft-oauth-handler","timestamp":"2025-10-19T00:33:58.090Z"}
{"level":"error","message":"Port check failed","port":8890,"service":"microsoft-oauth-handler","timestamp":"2025-10-19T00:36:34.747Z"}
{"level":"error","message":"Port check failed","port":8890,"service":"microsoft-oauth-handler","timestamp":"2025-10-19T00:37:31.518Z"}
{"level":"error","message":"Port check failed","port":8890,"service":"microsoft-oauth-handler","timestamp":"2025-10-19T00:39:17.686Z"}
{"level":"error","message":"Port check failed","port":8890,"service":"microsoft-oauth-handler","timestamp":"2025-10-19T00:39:32.125Z"}
{"level":"error","message":"Port check failed","port":8890,"service":"microsoft-oauth-handler","timestamp":"2025-10-19T00:39:55.203Z"}
{"level":"error","message":"Port check failed","port":8890,"service":"microsoft-oauth-handler","timestamp":"2025-10-19T00:43:45.682Z"}
{"level":"error","message":"Port check failed","port":8890,"service":"microsoft-oauth-handler","timestamp":"2025-10-19T00:44:49.432Z"}
{"level":"error","message":"Port check failed","port":8890,"service":"microsoft-oauth-handler","timestamp":"2025-10-19T00:46:50.834Z"}
{"level":"error","message":"Port check failed","port":8890,"service":"microsoft-oauth-handler","timestamp":"2025-10-19T00:47:34.707Z"}
{"level":"info","message":"OAuth server started","port":8889,"service":"microsoft-oauth-handler","timestamp":"2025-10-19T00:49:15.659Z"}
{"authUrl":"https://login.microsoftonline.com/common/oauth2/v2...","level":"info","message":"Authorization URL generated","service":"microsoft-oauth-handler","timestamp":"2025-10-19T00:49:15.661Z"}
{"account":"avi@jarv1s.onmicrosoft.com","level":"info","message":"Authentication successful","service":"microsoft-oauth-handler","timestamp":"2025-10-19T00:49:19.192Z"}
{"level":"info","message":"OAuth server started","port":8889,"service":"microsoft-oauth-handler","timestamp":"2025-10-19T00:49:23.650Z"}
{"authUrl":"https://login.microsoftonline.com/common/oauth2/v2...","level":"info","message":"Authorization URL generated","service":"microsoft-oauth-handler","timestamp":"2025-10-19T00:49:23.651Z"}
{"level":"info","message":"OAuth server stopped","service":"microsoft-oauth-handler","timestamp":"2025-10-19T00:49:24.195Z"}
{"account":"avi@jarv1s.onmicrosoft.com","level":"info","message":"Authentication successful","service":"microsoft-oauth-handler","timestamp":"2025-10-19T00:49:26.731Z"}
{"level":"info","message":"OAuth server stopped","service":"microsoft-oauth-handler","timestamp":"2025-10-19T00:49:31.737Z"}
{"level":"info","message":"OAuth server started","port":8889,"service":"microsoft-oauth-handler","timestamp":"2025-10-19T00:50:43.269Z"}
{"authUrl":"https://login.microsoftonline.com/common/oauth2/v2...","level":"info","message":"Authorization URL generated","service":"microsoft-oauth-handler","timestamp":"2025-10-19T00:50:43.270Z"}
{"account":"avi@jarv1s.onmicrosoft.com","level":"info","message":"Authentication successful","service":"microsoft-oauth-handler","timestamp":"2025-10-19T00:50:46.249Z"}
{"level":"info","message":"OAuth server stopped","service":"microsoft-oauth-handler","timestamp":"2025-10-19T00:50:51.252Z"}
{"level":"info","message":"OAuth server started","port":8889,"service":"microsoft-oauth-handler","timestamp":"2025-10-19T00:54:13.466Z"}
{"authUrl":"https://login.microsoftonline.com/common/oauth2/v2...","level":"info","message":"Authorization URL generated","service":"microsoft-oauth-handler","timestamp":"2025-10-19T00:54:13.468Z"}
{"account":"avi@jarv1s.onmicrosoft.com","level":"info","message":"Authentication successful","service":"microsoft-oauth-handler","timestamp":"2025-10-19T00:54:16.700Z"}
{"level":"info","message":"OAuth server stopped","service":"microsoft-oauth-handler","timestamp":"2025-10-19T00:54:21.706Z"}
{"level":"info","message":"OAuth server started","port":8889,"service":"microsoft-oauth-handler","timestamp":"2025-10-19T00:55:31.166Z"}
{"authUrl":"https://login.microsoftonline.com/common/oauth2/v2...","level":"info","message":"Authorization URL generated","service":"microsoft-oauth-handler","timestamp":"2025-10-19T00:55:31.168Z"}
{"account":"avi@jarv1s.onmicrosoft.com","level":"info","message":"Authentication successful","service":"microsoft-oauth-handler","timestamp":"2025-10-19T00:55:34.043Z"}
{"level":"info","message":"OAuth server stopped","service":"microsoft-oauth-handler","timestamp":"2025-10-19T00:55:39.049Z"}
{"level":"info","message":"OAuth server started","port":8889,"service":"microsoft-oauth-handler","timestamp":"2025-10-20T15:55:38.456Z"}
{"authUrl":"https://login.microsoftonline.com/common/oauth2/v2...","level":"info","message":"Authorization URL generated","service":"microsoft-oauth-handler","timestamp":"2025-10-20T15:55:38.458Z"}
{"account":"avi@jarv1s.onmicrosoft.com","level":"info","message":"Authentication successful","service":"microsoft-oauth-handler","timestamp":"2025-10-20T15:56:09.268Z"}
{"level":"info","message":"OAuth server stopped","service":"microsoft-oauth-handler","timestamp":"2025-10-20T15:56:14.272Z"}
{"level":"info","message":"OAuth server started","port":8889,"service":"microsoft-oauth-handler","timestamp":"2025-10-20T16:03:49.014Z"}
{"authUrl":"https://login.microsoftonline.com/common/oauth2/v2...","level":"info","message":"Authorization URL generated","service":"microsoft-oauth-handler","timestamp":"2025-10-20T16:03:49.016Z"}
{"account":"avi@jarv1s.onmicrosoft.com","level":"info","message":"Authentication successful","service":"microsoft-oauth-handler","timestamp":"2025-10-20T16:03:52.235Z"}
{"level":"info","message":"OAuth server started","port":8889,"service":"microsoft-oauth-handler","timestamp":"2025-10-20T16:03:54.671Z"}
{"authUrl":"https://login.microsoftonline.com/common/oauth2/v2...","level":"info","message":"Authorization URL generated","service":"microsoft-oauth-handler","timestamp":"2025-10-20T16:03:54.672Z"}
{"level":"info","message":"OAuth server stopped","service":"microsoft-oauth-handler","timestamp":"2025-10-20T16:03:57.238Z"}
{"account":"avi@jarv1s.onmicrosoft.com","level":"info","message":"Authentication successful","service":"microsoft-oauth-handler","timestamp":"2025-10-20T16:03:57.752Z"}
{"level":"info","message":"OAuth server stopped","service":"microsoft-oauth-handler","timestamp":"2025-10-20T16:04:02.758Z"}
{"level":"info","message":"OAuth server started","port":8889,"service":"microsoft-oauth-handler","timestamp":"2025-10-20T16:04:52.819Z"}
{"authUrl":"https://login.microsoftonline.com/common/oauth2/v2...","level":"info","message":"Authorization URL generated","service":"microsoft-oauth-handler","timestamp":"2025-10-20T16:04:52.820Z"}
{"account":"avi@jarv1s.onmicrosoft.com","level":"info","message":"Authentication successful","service":"microsoft-oauth-handler","timestamp":"2025-10-20T16:04:55.955Z"}
{"level":"info","message":"OAuth server stopped","service":"microsoft-oauth-handler","timestamp":"2025-10-20T16:05:00.958Z"}
{"level":"info","message":"OAuth server started","port":8889,"service":"microsoft-oauth-handler","timestamp":"2025-10-20T16:05:44.676Z"}
{"authUrl":"https://login.microsoftonline.com/common/oauth2/v2...","level":"info","message":"Authorization URL generated","service":"microsoft-oauth-handler","timestamp":"2025-10-20T16:05:44.677Z"}
{"account":"avi@jarv1s.onmicrosoft.com","level":"info","message":"Authentication successful","service":"microsoft-oauth-handler","timestamp":"2025-10-20T16:05:48.122Z"}
{"level":"info","message":"OAuth server stopped","service":"microsoft-oauth-handler","timestamp":"2025-10-20T16:05:53.129Z"}
{"level":"info","message":"OAuth server started","port":8889,"service":"microsoft-oauth-handler","timestamp":"2025-10-20T16:18:25.563Z"}
{"authUrl":"https://login.microsoftonline.com/common/oauth2/v2...","level":"info","message":"Authorization URL generated","service":"microsoft-oauth-handler","timestamp":"2025-10-20T16:18:25.564Z"}
{"account":"avi@jarv1s.onmicrosoft.com","level":"info","message":"Authentication successful","service":"microsoft-oauth-handler","timestamp":"2025-10-20T16:18:29.893Z"}
{"level":"info","message":"OAuth server stopped","service":"microsoft-oauth-handler","timestamp":"2025-10-20T16:18:34.894Z"}
{"level":"info","message":"OAuth server started","port":8889,"service":"microsoft-oauth-handler","timestamp":"2025-10-20T16:22:23.346Z"}
{"authUrl":"https://login.microsoftonline.com/common/oauth2/v2...","level":"info","message":"Authorization URL generated","service":"microsoft-oauth-handler","timestamp":"2025-10-20T16:22:23.347Z"}
{"account":"avi@jarv1s.onmicrosoft.com","level":"info","message":"Authentication successful","service":"microsoft-oauth-handler","timestamp":"2025-10-20T16:22:27.285Z"}
{"level":"info","message":"OAuth server stopped","service":"microsoft-oauth-handler","timestamp":"2025-10-20T16:22:32.290Z"}
{"level":"info","message":"OAuth server started","port":8889,"service":"microsoft-oauth-handler","timestamp":"2025-10-20T16:34:39.145Z"}
{"authUrl":"https://login.microsoftonline.com/common/oauth2/v2...","level":"info","message":"Authorization URL generated","service":"microsoft-oauth-handler","timestamp":"2025-10-20T16:34:39.146Z"}
{"account":"avi@jarv1s.onmicrosoft.com","level":"info","message":"Authentication successful","service":"microsoft-oauth-handler","timestamp":"2025-10-20T16:34:43.445Z"}
{"level":"info","message":"OAuth server stopped","service":"microsoft-oauth-handler","timestamp":"2025-10-20T16:34:48.448Z"}
{"level":"info","message":"OAuth server started","port":8889,"service":"microsoft-oauth-handler","timestamp":"2025-10-20T16:35:22.419Z"}
{"authUrl":"https://login.microsoftonline.com/common/oauth2/v2...","level":"info","message":"Authorization URL generated","service":"microsoft-oauth-handler","timestamp":"2025-10-20T16:35:22.420Z"}
{"account":"avi@jarv1s.onmicrosoft.com","level":"info","message":"Authentication successful","service":"microsoft-oauth-handler","timestamp":"2025-10-20T16:35:26.058Z"}
{"level":"info","message":"OAuth server stopped","service":"microsoft-oauth-handler","timestamp":"2025-10-20T16:35:31.062Z"}
{"level":"info","message":"OAuth server started","port":8889,"service":"microsoft-oauth-handler","timestamp":"2025-10-20T16:50:33.235Z"}
{"authUrl":"https://login.microsoftonline.com/common/oauth2/v2...","level":"info","message":"Authorization URL generated","service":"microsoft-oauth-handler","timestamp":"2025-10-20T16:50:33.236Z"}
{"account":"avi@jarv1s.onmicrosoft.com","level":"info","message":"Authentication successful","service":"microsoft-oauth-handler","timestamp":"2025-10-20T16:50:37.083Z"}
{"level":"info","message":"OAuth server stopped","service":"microsoft-oauth-handler","timestamp":"2025-10-20T16:50:42.085Z"}
{"level":"info","message":"OAuth server started","port":8889,"service":"microsoft-oauth-handler","timestamp":"2025-10-20T16:51:39.025Z"}
{"authUrl":"https://login.microsoftonline.com/common/oauth2/v2...","level":"info","message":"Authorization URL generated","service":"microsoft-oauth-handler","timestamp":"2025-10-20T16:51:39.026Z"}
{"account":"avi@jarv1s.onmicrosoft.com","level":"info","message":"Authentication successful","service":"microsoft-oauth-handler","timestamp":"2025-10-20T16:51:42.647Z"}
{"level":"info","message":"OAuth server stopped","service":"microsoft-oauth-handler","timestamp":"2025-10-20T16:51:47.652Z"}
{"level":"info","message":"OAuth server started","port":8889,"service":"microsoft-oauth-handler","timestamp":"2025-10-20T17:06:17.539Z"}
{"authUrl":"https://login.microsoftonline.com/common/oauth2/v2...","level":"info","message":"Authorization URL generated","service":"microsoft-oauth-handler","timestamp":"2025-10-20T17:06:17.541Z"}
{"account":"avi@jarv1s.onmicrosoft.com","level":"info","message":"Authentication successful","service":"microsoft-oauth-handler","timestamp":"2025-10-20T17:06:21.570Z"}
{"level":"info","message":"OAuth server stopped","service":"microsoft-oauth-handler","timestamp":"2025-10-20T17:06:26.576Z"}
{"level":"info","message":"OAuth server started","port":8889,"service":"microsoft-oauth-handler","timestamp":"2025-10-20T17:17:03.647Z"}
{"authUrl":"https://login.microsoftonline.com/common/oauth2/v2...","level":"info","message":"Authorization URL generated","service":"microsoft-oauth-handler","timestamp":"2025-10-20T17:17:03.649Z"}
{"account":"avi@jarv1s.onmicrosoft.com","level":"info","message":"Authentication successful","service":"microsoft-oauth-handler","timestamp":"2025-10-20T17:17:07.585Z"}
{"level":"info","message":"OAuth server started","port":8889,"service":"microsoft-oauth-handler","timestamp":"2025-10-20T17:18:32.329Z"}
{"authUrl":"https://login.microsoftonline.com/common/oauth2/v2...","level":"info","message":"Authorization URL generated","service":"microsoft-oauth-handler","timestamp":"2025-10-20T17:18:32.331Z"}
{"account":"avi@jarv1s.onmicrosoft.com","level":"info","message":"Authentication successful","service":"microsoft-oauth-handler","timestamp":"2025-10-20T17:18:35.490Z"}
{"level":"info","message":"OAuth server started","port":8889,"service":"microsoft-oauth-handler","timestamp":"2025-10-20T18:06:41.893Z"}
{"authUrl":"https://login.microsoftonline.com/common/oauth2/v2...","level":"info","message":"Authorization URL generated","service":"microsoft-oauth-handler","timestamp":"2025-10-20T18:06:41.894Z"}
{"account":"avi@jarv1s.onmicrosoft.com","level":"info","message":"Authentication successful","service":"microsoft-oauth-handler","timestamp":"2025-10-20T18:06:45.203Z"}
{"level":"info","message":"OAuth server stopped","service":"microsoft-oauth-handler","timestamp":"2025-10-20T18:06:50.209Z"}
{"level":"info","message":"OAuth server started","port":8889,"service":"microsoft-oauth-handler","timestamp":"2025-10-20T19:10:49.910Z"}
{"authUrl":"https://login.microsoftonline.com/common/oauth2/v2...","level":"info","message":"Authorization URL generated","service":"microsoft-oauth-handler","timestamp":"2025-10-20T19:10:49.911Z"}
{"account":"avi@jarv1s.onmicrosoft.com","level":"info","message":"Authentication successful","service":"microsoft-oauth-handler","timestamp":"2025-10-20T19:10:53.569Z"}
{"level":"info","message":"OAuth server stopped","service":"microsoft-oauth-handler","timestamp":"2025-10-20T19:10:58.572Z"}
{"level":"info","message":"OAuth server started","port":8889,"service":"microsoft-oauth-handler","timestamp":"2025-10-20T19:31:00.843Z"}
{"authUrl":"https://login.microsoftonline.com/common/oauth2/v2...","level":"info","message":"Authorization URL generated","service":"microsoft-oauth-handler","timestamp":"2025-10-20T19:31:00.845Z"}
{"account":"avi@jarv1s.onmicrosoft.com","level":"info","message":"Authentication successful","service":"microsoft-oauth-handler","timestamp":"2025-10-20T19:31:04.601Z"}
{"level":"info","message":"OAuth server stopped","service":"microsoft-oauth-handler","timestamp":"2025-10-20T19:31:09.607Z"}
{"level":"info","message":"OAuth server started","port":8889,"service":"microsoft-oauth-handler","timestamp":"2025-10-20T19:36:16.353Z"}
{"authUrl":"https://login.microsoftonline.com/common/oauth2/v2...","level":"info","message":"Authorization URL generated","service":"microsoft-oauth-handler","timestamp":"2025-10-20T19:36:16.355Z"}
{"account":"avi@jarv1s.onmicrosoft.com","level":"info","message":"Authentication successful","service":"microsoft-oauth-handler","timestamp":"2025-10-20T19:36:20.004Z"}
{"level":"info","message":"OAuth server stopped","service":"microsoft-oauth-handler","timestamp":"2025-10-20T19:36:25.009Z"}
{"level":"info","message":"OAuth server started","port":8889,"service":"microsoft-oauth-handler","timestamp":"2025-10-20T20:42:47.966Z"}
{"authUrl":"https://login.microsoftonline.com/common/oauth2/v2...","level":"info","message":"Authorization URL generated","service":"microsoft-oauth-handler","timestamp":"2025-10-20T20:42:47.967Z"}
{"account":"avi@jarv1s.onmicrosoft.com","level":"info","message":"Authentication successful","service":"microsoft-oauth-handler","timestamp":"2025-10-20T20:42:51.010Z"}
{"level":"info","message":"OAuth server stopped","service":"microsoft-oauth-handler","timestamp":"2025-10-20T20:42:56.015Z"}
{"level":"info","message":"OAuth server started","port":8889,"service":"microsoft-oauth-handler","timestamp":"2025-10-20T21:45:22.301Z"}
{"authUrl":"https://login.microsoftonline.com/common/oauth2/v2...","level":"info","message":"Authorization URL generated","service":"microsoft-oauth-handler","timestamp":"2025-10-20T21:45:22.303Z"}
{"account":"avi@jarv1s.onmicrosoft.com","level":"info","message":"Authentication successful","service":"microsoft-oauth-handler","timestamp":"2025-10-20T21:45:26.064Z"}
{"level":"info","message":"OAuth server stopped","service":"microsoft-oauth-handler","timestamp":"2025-10-20T21:45:31.071Z"}
{"level":"info","message":"OAuth server started","port":8889,"service":"microsoft-oauth-handler","timestamp":"2025-10-21T15:44:19.985Z"}
{"authUrl":"https://login.microsoftonline.com/common/oauth2/v2...","level":"info","message":"Authorization URL generated","service":"microsoft-oauth-handler","timestamp":"2025-10-21T15:44:19.986Z"}
{"account":"avi@jarv1s.onmicrosoft.com","level":"info","message":"Authentication successful","service":"microsoft-oauth-handler","timestamp":"2025-10-21T15:44:23.466Z"}
{"level":"info","message":"OAuth server stopped","service":"microsoft-oauth-handler","timestamp":"2025-10-21T15:44:28.472Z"}
{"level":"info","message":"OAuth server started","port":8889,"service":"microsoft-oauth-handler","timestamp":"2025-10-21T22:40:04.605Z"}
{"authUrl":"https://login.microsoftonline.com/common/oauth2/v2...","level":"info","message":"Authorization URL generated","service":"microsoft-oauth-handler","timestamp":"2025-10-21T22:40:04.606Z"}
{"account":"avi@jarv1s.onmicrosoft.com","level":"info","message":"Authentication successful","service":"microsoft-oauth-handler","timestamp":"2025-10-21T22:40:07.806Z"}
{"level":"info","message":"OAuth server stopped","service":"microsoft-oauth-handler","timestamp":"2025-10-21T22:40:12.809Z"}
{"level":"info","message":"OAuth server started","port":8889,"service":"microsoft-oauth-handler","timestamp":"2025-10-22T02:55:14.950Z"}
{"authUrl":"https://login.microsoftonline.com/common/oauth2/v2...","level":"info","message":"Authorization URL generated","service":"microsoft-oauth-handler","timestamp":"2025-10-22T02:55:14.952Z"}
{"account":"avi@jarv1s.onmicrosoft.com","level":"info","message":"Authentication successful","service":"microsoft-oauth-handler","timestamp":"2025-10-22T02:55:18.647Z"}
{"level":"info","message":"OAuth server stopped","service":"microsoft-oauth-handler","timestamp":"2025-10-22T02:55:23.653Z"}
{"level":"info","message":"OAuth server started","port":8889,"service":"microsoft-oauth-handler","timestamp":"2025-10-22T03:33:31.512Z"}
{"authUrl":"https://login.microsoftonline.com/common/oauth2/v2...","level":"info","message":"Authorization URL generated","service":"microsoft-oauth-handler","timestamp":"2025-10-22T03:33:31.513Z"}
{"account":"avi@jarv1s.onmicrosoft.com","level":"info","message":"Authentication successful","service":"microsoft-oauth-handler","timestamp":"2025-10-22T03:33:35.580Z"}
{"level":"info","message":"OAuth server stopped","service":"microsoft-oauth-handler","timestamp":"2025-10-22T03:33:40.586Z"}
