{"level":"info","message":"🚀 Initializing CRM startup service...","service":"crm-startup-service","timestamp":"2025-10-01T05:45:40.085Z"}
{"level":"info","message":"🔧 Starting CRM background service...","service":"crm-startup-service","timestamp":"2025-10-01T05:45:40.085Z"}
{"level":"info","message":"✅ CRM background service started","service":"crm-startup-service","timestamp":"2025-10-01T05:45:40.093Z"}
{"level":"info","message":"✅ CRM service is ready","service":"crm-startup-service","timestamp":"2025-10-01T05:45:40.388Z","uptime":39257.213344}
{"level":"info","message":"📊 Loading initial CRM data...","service":"crm-startup-service","timestamp":"2025-10-01T05:45:40.388Z"}
{"insights_count":5,"level":"info","message":"✅ Initial CRM data loaded","recommendations_count":5,"service":"crm-startup-service","timestamp":"2025-10-01T05:45:40.395Z","workflows_count":30}
{"level":"info","message":"🧠 Triggering initial CRM analysis...","service":"crm-startup-service","timestamp":"2025-10-01T05:45:40.395Z"}
{"level":"info","message":"🚀 Initializing CRM startup service...","service":"crm-startup-service","timestamp":"2025-10-01T05:47:42.230Z"}
{"level":"info","message":"🔧 Starting CRM background service...","service":"crm-startup-service","timestamp":"2025-10-01T05:47:42.231Z"}
{"level":"info","message":"✅ CRM background service started","service":"crm-startup-service","timestamp":"2025-10-01T05:47:42.238Z"}
{"level":"info","message":"✅ CRM service is ready","service":"crm-startup-service","timestamp":"2025-10-01T05:47:42.346Z","uptime":39379.173469834}
{"level":"info","message":"📊 Loading initial CRM data...","service":"crm-startup-service","timestamp":"2025-10-01T05:47:42.347Z"}
{"insights_count":5,"level":"info","message":"✅ Initial CRM data loaded","recommendations_count":5,"service":"crm-startup-service","timestamp":"2025-10-01T05:47:42.354Z","workflows_count":30}
{"level":"info","message":"🧠 Triggering initial CRM analysis...","service":"crm-startup-service","timestamp":"2025-10-01T05:47:42.354Z"}
{"level":"info","message":"🚀 Initializing CRM startup service...","service":"crm-startup-service","timestamp":"2025-10-01T05:50:41.328Z"}
{"level":"info","message":"🔧 Starting CRM background service...","service":"crm-startup-service","timestamp":"2025-10-01T05:50:41.329Z"}
{"level":"info","message":"✅ CRM background service started","service":"crm-startup-service","timestamp":"2025-10-01T05:50:41.336Z"}
{"level":"info","message":"✅ CRM service is ready","service":"crm-startup-service","timestamp":"2025-10-01T05:50:41.700Z","uptime":39558.527949667}
{"level":"info","message":"📊 Loading initial CRM data...","service":"crm-startup-service","timestamp":"2025-10-01T05:50:41.700Z"}
{"insights_count":5,"level":"info","message":"✅ Initial CRM data loaded","recommendations_count":5,"service":"crm-startup-service","timestamp":"2025-10-01T05:50:41.710Z","workflows_count":30}
{"level":"info","message":"🧠 Triggering initial CRM analysis...","service":"crm-startup-service","timestamp":"2025-10-01T05:50:41.710Z"}
{"level":"info","message":"🚀 Initializing CRM startup service...","service":"crm-startup-service","timestamp":"2025-10-01T05:54:25.360Z"}
{"level":"info","message":"🔧 Starting CRM background service...","service":"crm-startup-service","timestamp":"2025-10-01T05:54:25.360Z"}
{"level":"info","message":"✅ CRM background service started","service":"crm-startup-service","timestamp":"2025-10-01T05:54:25.368Z"}
{"level":"info","message":"✅ CRM service is ready","service":"crm-startup-service","timestamp":"2025-10-01T05:54:25.441Z","uptime":39782.268975875}
{"level":"info","message":"📊 Loading initial CRM data...","service":"crm-startup-service","timestamp":"2025-10-01T05:54:25.441Z"}
{"insights_count":4,"level":"info","message":"✅ Initial CRM data loaded","recommendations_count":5,"service":"crm-startup-service","timestamp":"2025-10-01T05:54:25.453Z","workflows_count":30}
{"level":"info","message":"🧠 Triggering initial CRM analysis...","service":"crm-startup-service","timestamp":"2025-10-01T05:54:25.454Z"}
{"level":"info","message":"🚀 Initializing CRM startup service...","service":"crm-startup-service","timestamp":"2025-10-01T05:54:50.181Z"}
{"level":"info","message":"🔧 Starting CRM background service...","service":"crm-startup-service","timestamp":"2025-10-01T05:54:50.182Z"}
{"level":"info","message":"✅ CRM background service started","service":"crm-startup-service","timestamp":"2025-10-01T05:54:50.189Z"}
{"level":"info","message":"✅ CRM service is ready","service":"crm-startup-service","timestamp":"2025-10-01T05:54:50.225Z","uptime":39807.052478625}
{"level":"info","message":"📊 Loading initial CRM data...","service":"crm-startup-service","timestamp":"2025-10-01T05:54:50.225Z"}
{"insights_count":4,"level":"info","message":"✅ Initial CRM data loaded","recommendations_count":5,"service":"crm-startup-service","timestamp":"2025-10-01T05:54:50.236Z","workflows_count":30}
{"level":"info","message":"🧠 Triggering initial CRM analysis...","service":"crm-startup-service","timestamp":"2025-10-01T05:54:50.237Z"}
{"level":"info","message":"🚀 Initializing CRM startup service...","service":"crm-startup-service","timestamp":"2025-10-01T05:57:50.408Z"}
{"level":"info","message":"🔧 Starting CRM background service...","service":"crm-startup-service","timestamp":"2025-10-01T05:57:50.409Z"}
{"level":"info","message":"✅ CRM background service started","service":"crm-startup-service","timestamp":"2025-10-01T05:57:50.416Z"}
{"level":"info","message":"✅ CRM service is ready","service":"crm-startup-service","timestamp":"2025-10-01T05:57:50.459Z","uptime":39987.258360125}
{"level":"info","message":"📊 Loading initial CRM data...","service":"crm-startup-service","timestamp":"2025-10-01T05:57:50.459Z"}
{"insights_count":5,"level":"info","message":"✅ Initial CRM data loaded","recommendations_count":5,"service":"crm-startup-service","timestamp":"2025-10-01T05:57:50.473Z","workflows_count":30}
{"level":"info","message":"🧠 Triggering initial CRM analysis...","service":"crm-startup-service","timestamp":"2025-10-01T05:57:50.473Z"}
{"level":"info","message":"🚀 Initializing CRM startup service...","service":"crm-startup-service","timestamp":"2025-10-01T05:58:11.861Z"}
{"level":"info","message":"🔧 Starting CRM background service...","service":"crm-startup-service","timestamp":"2025-10-01T05:58:11.862Z"}
{"level":"info","message":"✅ CRM background service started","service":"crm-startup-service","timestamp":"2025-10-01T05:58:11.869Z"}
{"level":"info","message":"✅ CRM service is ready","service":"crm-startup-service","timestamp":"2025-10-01T05:58:11.933Z","uptime":40008.735444834}
{"level":"info","message":"📊 Loading initial CRM data...","service":"crm-startup-service","timestamp":"2025-10-01T05:58:11.934Z"}
{"insights_count":5,"level":"info","message":"✅ Initial CRM data loaded","recommendations_count":5,"service":"crm-startup-service","timestamp":"2025-10-01T05:58:11.942Z","workflows_count":30}
{"level":"info","message":"🧠 Triggering initial CRM analysis...","service":"crm-startup-service","timestamp":"2025-10-01T05:58:11.942Z"}
{"level":"info","message":"🚀 Initializing CRM startup service...","service":"crm-startup-service","timestamp":"2025-10-01T06:03:39.073Z"}
{"level":"info","message":"🔧 Starting CRM background service...","service":"crm-startup-service","timestamp":"2025-10-01T06:03:39.074Z"}
{"level":"info","message":"✅ CRM background service started","service":"crm-startup-service","timestamp":"2025-10-01T06:03:39.082Z"}
{"level":"info","message":"✅ CRM service is ready","service":"crm-startup-service","timestamp":"2025-10-01T06:03:39.142Z","uptime":40335.938991625}
{"level":"info","message":"📊 Loading initial CRM data...","service":"crm-startup-service","timestamp":"2025-10-01T06:03:39.142Z"}
{"insights_count":5,"level":"info","message":"✅ Initial CRM data loaded","recommendations_count":5,"service":"crm-startup-service","timestamp":"2025-10-01T06:03:39.150Z","workflows_count":30}
{"level":"info","message":"🧠 Triggering initial CRM analysis...","service":"crm-startup-service","timestamp":"2025-10-01T06:03:39.150Z"}
{"level":"info","message":"🚀 Initializing CRM startup service...","service":"crm-startup-service","timestamp":"2025-10-01T06:04:06.666Z"}
{"level":"info","message":"🔧 Starting CRM background service...","service":"crm-startup-service","timestamp":"2025-10-01T06:04:06.666Z"}
{"level":"info","message":"✅ CRM background service started","service":"crm-startup-service","timestamp":"2025-10-01T06:04:06.667Z"}
{"level":"info","message":"✅ CRM service is ready","service":"crm-startup-service","timestamp":"2025-10-01T06:04:06.669Z","uptime":40363.472599167}
{"level":"info","message":"📊 Loading initial CRM data...","service":"crm-startup-service","timestamp":"2025-10-01T06:04:06.669Z"}
{"insights_count":5,"level":"info","message":"✅ Initial CRM data loaded","recommendations_count":5,"service":"crm-startup-service","timestamp":"2025-10-01T06:04:06.676Z","workflows_count":30}
{"level":"info","message":"🧠 Triggering initial CRM analysis...","service":"crm-startup-service","timestamp":"2025-10-01T06:04:06.676Z"}
{"level":"info","message":"🚀 Initializing CRM startup service...","service":"crm-startup-service","timestamp":"2025-10-01T06:05:41.709Z"}
{"level":"info","message":"🔧 Starting CRM background service...","service":"crm-startup-service","timestamp":"2025-10-01T06:05:41.710Z"}
{"level":"info","message":"✅ CRM background service started","service":"crm-startup-service","timestamp":"2025-10-01T06:05:41.717Z"}
{"level":"info","message":"✅ CRM service is ready","service":"crm-startup-service","timestamp":"2025-10-01T06:05:41.765Z","uptime":40458.562635875}
{"level":"info","message":"📊 Loading initial CRM data...","service":"crm-startup-service","timestamp":"2025-10-01T06:05:41.765Z"}
{"insights_count":5,"level":"info","message":"✅ Initial CRM data loaded","recommendations_count":5,"service":"crm-startup-service","timestamp":"2025-10-01T06:05:41.777Z","workflows_count":30}
{"level":"info","message":"🧠 Triggering initial CRM analysis...","service":"crm-startup-service","timestamp":"2025-10-01T06:05:41.777Z"}
{"level":"info","message":"🚀 Initializing CRM startup service...","service":"crm-startup-service","timestamp":"2025-10-01T06:07:40.763Z"}
{"level":"info","message":"🔧 Starting CRM background service...","service":"crm-startup-service","timestamp":"2025-10-01T06:07:40.763Z"}
{"level":"info","message":"✅ CRM background service started","service":"crm-startup-service","timestamp":"2025-10-01T06:07:40.770Z"}
{"level":"info","message":"✅ CRM service is ready","service":"crm-startup-service","timestamp":"2025-10-01T06:07:40.846Z","uptime":40577.645299709}
{"level":"info","message":"📊 Loading initial CRM data...","service":"crm-startup-service","timestamp":"2025-10-01T06:07:40.846Z"}
{"insights_count":5,"level":"info","message":"✅ Initial CRM data loaded","recommendations_count":5,"service":"crm-startup-service","timestamp":"2025-10-01T06:07:40.854Z","workflows_count":30}
{"level":"info","message":"🧠 Triggering initial CRM analysis...","service":"crm-startup-service","timestamp":"2025-10-01T06:07:40.854Z"}
{"level":"info","message":"🚀 Initializing CRM startup service...","service":"crm-startup-service","timestamp":"2025-10-01T06:07:57.485Z"}
{"level":"info","message":"🔧 Starting CRM background service...","service":"crm-startup-service","timestamp":"2025-10-01T06:07:57.485Z"}
{"level":"info","message":"✅ CRM background service started","service":"crm-startup-service","timestamp":"2025-10-01T06:07:57.490Z"}
{"level":"info","message":"✅ CRM service is ready","service":"crm-startup-service","timestamp":"2025-10-01T06:07:57.534Z","uptime":40594.333594042}
{"level":"info","message":"📊 Loading initial CRM data...","service":"crm-startup-service","timestamp":"2025-10-01T06:07:57.534Z"}
{"insights_count":5,"level":"info","message":"✅ Initial CRM data loaded","recommendations_count":5,"service":"crm-startup-service","timestamp":"2025-10-01T06:07:57.543Z","workflows_count":30}
{"level":"info","message":"🧠 Triggering initial CRM analysis...","service":"crm-startup-service","timestamp":"2025-10-01T06:07:57.543Z"}
{"level":"info","message":"🚀 Initializing CRM startup service...","service":"crm-startup-service","timestamp":"2025-10-01T06:08:48.174Z"}
{"level":"info","message":"🔧 Starting CRM background service...","service":"crm-startup-service","timestamp":"2025-10-01T06:08:48.175Z"}
{"level":"info","message":"✅ CRM background service started","service":"crm-startup-service","timestamp":"2025-10-01T06:08:48.180Z"}
{"level":"info","message":"✅ CRM service is ready","service":"crm-startup-service","timestamp":"2025-10-01T06:08:48.223Z","uptime":40645.020069375}
{"level":"info","message":"📊 Loading initial CRM data...","service":"crm-startup-service","timestamp":"2025-10-01T06:08:48.223Z"}
{"insights_count":5,"level":"info","message":"✅ Initial CRM data loaded","recommendations_count":5,"service":"crm-startup-service","timestamp":"2025-10-01T06:08:48.235Z","workflows_count":30}
{"level":"info","message":"🧠 Triggering initial CRM analysis...","service":"crm-startup-service","timestamp":"2025-10-01T06:08:48.235Z"}
{"level":"info","message":"🚀 Initializing CRM startup service...","service":"crm-startup-service","timestamp":"2025-10-01T06:09:59.862Z"}
{"level":"info","message":"🔧 Starting CRM background service...","service":"crm-startup-service","timestamp":"2025-10-01T06:09:59.863Z"}
{"level":"info","message":"✅ CRM background service started","service":"crm-startup-service","timestamp":"2025-10-01T06:09:59.868Z"}
{"level":"info","message":"✅ CRM service is ready","service":"crm-startup-service","timestamp":"2025-10-01T06:10:00.072Z","uptime":40716.863840709}
{"level":"info","message":"📊 Loading initial CRM data...","service":"crm-startup-service","timestamp":"2025-10-01T06:10:00.072Z"}
{"insights_count":5,"level":"info","message":"✅ Initial CRM data loaded","recommendations_count":5,"service":"crm-startup-service","timestamp":"2025-10-01T06:10:00.079Z","workflows_count":30}
{"level":"info","message":"🧠 Triggering initial CRM analysis...","service":"crm-startup-service","timestamp":"2025-10-01T06:10:00.079Z"}
{"level":"info","message":"🚀 Initializing CRM startup service...","service":"crm-startup-service","timestamp":"2025-10-01T06:12:19.275Z"}
{"level":"info","message":"🔧 Starting CRM background service...","service":"crm-startup-service","timestamp":"2025-10-01T06:12:19.276Z"}
{"level":"info","message":"✅ CRM background service started","service":"crm-startup-service","timestamp":"2025-10-01T06:12:19.283Z"}
{"level":"info","message":"✅ CRM service is ready","service":"crm-startup-service","timestamp":"2025-10-01T06:12:19.318Z","uptime":40856.117081834}
{"level":"info","message":"📊 Loading initial CRM data...","service":"crm-startup-service","timestamp":"2025-10-01T06:12:19.318Z"}
{"insights_count":5,"level":"info","message":"✅ Initial CRM data loaded","recommendations_count":5,"service":"crm-startup-service","timestamp":"2025-10-01T06:12:19.328Z","workflows_count":30}
{"level":"info","message":"🧠 Triggering initial CRM analysis...","service":"crm-startup-service","timestamp":"2025-10-01T06:12:19.328Z"}
{"level":"info","message":"🚀 Initializing CRM startup service...","service":"crm-startup-service","timestamp":"2025-10-01T06:13:35.745Z"}
{"level":"info","message":"🔧 Starting CRM background service...","service":"crm-startup-service","timestamp":"2025-10-01T06:13:35.745Z"}
{"level":"info","message":"✅ CRM background service started","service":"crm-startup-service","timestamp":"2025-10-01T06:13:35.752Z"}
{"level":"info","message":"✅ CRM service is ready","service":"crm-startup-service","timestamp":"2025-10-01T06:13:35.833Z","uptime":40932.623892}
{"level":"info","message":"📊 Loading initial CRM data...","service":"crm-startup-service","timestamp":"2025-10-01T06:13:35.834Z"}
{"insights_count":4,"level":"info","message":"✅ Initial CRM data loaded","recommendations_count":5,"service":"crm-startup-service","timestamp":"2025-10-01T06:13:35.840Z","workflows_count":30}
{"level":"info","message":"🧠 Triggering initial CRM analysis...","service":"crm-startup-service","timestamp":"2025-10-01T06:13:35.840Z"}
{"level":"info","message":"🚀 Initializing CRM startup service...","service":"crm-startup-service","timestamp":"2025-10-01T06:13:50.408Z"}
{"level":"info","message":"🔧 Starting CRM background service...","service":"crm-startup-service","timestamp":"2025-10-01T06:13:50.409Z"}
{"level":"info","message":"✅ CRM background service started","service":"crm-startup-service","timestamp":"2025-10-01T06:13:50.414Z"}
{"level":"info","message":"✅ CRM service is ready","service":"crm-startup-service","timestamp":"2025-10-01T06:13:50.453Z","uptime":40947.248784209}
{"level":"info","message":"📊 Loading initial CRM data...","service":"crm-startup-service","timestamp":"2025-10-01T06:13:50.453Z"}
{"insights_count":4,"level":"info","message":"✅ Initial CRM data loaded","recommendations_count":5,"service":"crm-startup-service","timestamp":"2025-10-01T06:13:50.462Z","workflows_count":30}
{"level":"info","message":"🧠 Triggering initial CRM analysis...","service":"crm-startup-service","timestamp":"2025-10-01T06:13:50.462Z"}
{"level":"info","message":"🚀 Initializing CRM startup service...","service":"crm-startup-service","timestamp":"2025-10-01T06:14:02.778Z"}
{"level":"info","message":"🔧 Starting CRM background service...","service":"crm-startup-service","timestamp":"2025-10-01T06:14:02.778Z"}
{"level":"info","message":"✅ CRM background service started","service":"crm-startup-service","timestamp":"2025-10-01T06:14:02.783Z"}
{"level":"info","message":"✅ CRM service is ready","service":"crm-startup-service","timestamp":"2025-10-01T06:14:02.820Z","uptime":40959.617958917}
{"level":"info","message":"📊 Loading initial CRM data...","service":"crm-startup-service","timestamp":"2025-10-01T06:14:02.820Z"}
{"insights_count":4,"level":"info","message":"✅ Initial CRM data loaded","recommendations_count":5,"service":"crm-startup-service","timestamp":"2025-10-01T06:14:02.828Z","workflows_count":30}
{"level":"info","message":"🧠 Triggering initial CRM analysis...","service":"crm-startup-service","timestamp":"2025-10-01T06:14:02.829Z"}
{"level":"info","message":"🚀 Initializing CRM startup service...","service":"crm-startup-service","timestamp":"2025-10-01T06:15:32.574Z"}
{"level":"info","message":"🔧 Starting CRM background service...","service":"crm-startup-service","timestamp":"2025-10-01T06:15:32.576Z"}
{"level":"info","message":"✅ CRM background service started","service":"crm-startup-service","timestamp":"2025-10-01T06:15:32.583Z"}
{"level":"info","message":"✅ CRM service is ready","service":"crm-startup-service","timestamp":"2025-10-01T06:15:32.631Z","uptime":41049.427411875}
{"level":"info","message":"📊 Loading initial CRM data...","service":"crm-startup-service","timestamp":"2025-10-01T06:15:32.631Z"}
{"insights_count":5,"level":"info","message":"✅ Initial CRM data loaded","recommendations_count":5,"service":"crm-startup-service","timestamp":"2025-10-01T06:15:32.639Z","workflows_count":30}
{"level":"info","message":"🧠 Triggering initial CRM analysis...","service":"crm-startup-service","timestamp":"2025-10-01T06:15:32.640Z"}
{"level":"info","message":"🚀 Initializing CRM startup service...","service":"crm-startup-service","timestamp":"2025-10-01T06:16:35.520Z"}
{"level":"info","message":"🔧 Starting CRM background service...","service":"crm-startup-service","timestamp":"2025-10-01T06:16:35.520Z"}
{"level":"info","message":"✅ CRM background service started","service":"crm-startup-service","timestamp":"2025-10-01T06:16:35.528Z"}
{"level":"info","message":"✅ CRM service is ready","service":"crm-startup-service","timestamp":"2025-10-01T06:16:35.609Z","uptime":41112.405653292}
{"level":"info","message":"📊 Loading initial CRM data...","service":"crm-startup-service","timestamp":"2025-10-01T06:16:35.609Z"}
{"insights_count":5,"level":"info","message":"✅ Initial CRM data loaded","recommendations_count":5,"service":"crm-startup-service","timestamp":"2025-10-01T06:16:35.616Z","workflows_count":30}
{"level":"info","message":"🧠 Triggering initial CRM analysis...","service":"crm-startup-service","timestamp":"2025-10-01T06:16:35.616Z"}
{"level":"info","message":"🚀 Initializing CRM startup service...","service":"crm-startup-service","timestamp":"2025-10-01T06:17:43.587Z"}
{"level":"info","message":"🔧 Starting CRM background service...","service":"crm-startup-service","timestamp":"2025-10-01T06:17:43.587Z"}
{"level":"info","message":"✅ CRM background service started","service":"crm-startup-service","timestamp":"2025-10-01T06:17:43.595Z"}
{"level":"info","message":"✅ CRM service is ready","service":"crm-startup-service","timestamp":"2025-10-01T06:17:43.664Z","uptime":41180.461696375}
{"level":"info","message":"📊 Loading initial CRM data...","service":"crm-startup-service","timestamp":"2025-10-01T06:17:43.664Z"}
{"insights_count":4,"level":"info","message":"✅ Initial CRM data loaded","recommendations_count":5,"service":"crm-startup-service","timestamp":"2025-10-01T06:17:43.671Z","workflows_count":30}
{"level":"info","message":"🧠 Triggering initial CRM analysis...","service":"crm-startup-service","timestamp":"2025-10-01T06:17:43.672Z"}
{"level":"info","message":"🚀 Initializing CRM startup service...","service":"crm-startup-service","timestamp":"2025-10-01T06:18:54.436Z"}
{"level":"info","message":"🔧 Starting CRM background service...","service":"crm-startup-service","timestamp":"2025-10-01T06:18:54.437Z"}
{"level":"info","message":"✅ CRM background service started","service":"crm-startup-service","timestamp":"2025-10-01T06:18:54.445Z"}
{"level":"info","message":"✅ CRM service is ready","service":"crm-startup-service","timestamp":"2025-10-01T06:18:54.508Z","uptime":41251.298936}
{"level":"info","message":"📊 Loading initial CRM data...","service":"crm-startup-service","timestamp":"2025-10-01T06:18:54.508Z"}
{"insights_count":4,"level":"info","message":"✅ Initial CRM data loaded","recommendations_count":5,"service":"crm-startup-service","timestamp":"2025-10-01T06:18:54.514Z","workflows_count":30}
{"level":"info","message":"🧠 Triggering initial CRM analysis...","service":"crm-startup-service","timestamp":"2025-10-01T06:18:54.514Z"}
{"level":"info","message":"🚀 Initializing CRM startup service...","service":"crm-startup-service","timestamp":"2025-10-01T06:19:29.309Z"}
{"level":"info","message":"🔧 Starting CRM background service...","service":"crm-startup-service","timestamp":"2025-10-01T06:19:29.310Z"}
{"level":"info","message":"✅ CRM background service started","service":"crm-startup-service","timestamp":"2025-10-01T06:19:29.317Z"}
{"level":"info","message":"✅ CRM service is ready","service":"crm-startup-service","timestamp":"2025-10-01T06:19:29.359Z","uptime":41286.156720209}
{"level":"info","message":"📊 Loading initial CRM data...","service":"crm-startup-service","timestamp":"2025-10-01T06:19:29.360Z"}
{"insights_count":4,"level":"info","message":"✅ Initial CRM data loaded","recommendations_count":5,"service":"crm-startup-service","timestamp":"2025-10-01T06:19:29.367Z","workflows_count":30}
{"level":"info","message":"🧠 Triggering initial CRM analysis...","service":"crm-startup-service","timestamp":"2025-10-01T06:19:29.367Z"}
{"level":"info","message":"🚀 Initializing CRM startup service...","service":"crm-startup-service","timestamp":"2025-10-01T06:20:30.247Z"}
{"level":"info","message":"🔧 Starting CRM background service...","service":"crm-startup-service","timestamp":"2025-10-01T06:20:30.247Z"}
{"level":"info","message":"✅ CRM background service started","service":"crm-startup-service","timestamp":"2025-10-01T06:20:30.253Z"}
{"level":"info","message":"✅ CRM service is ready","service":"crm-startup-service","timestamp":"2025-10-01T06:20:30.331Z","uptime":41347.104800417}
{"level":"info","message":"📊 Loading initial CRM data...","service":"crm-startup-service","timestamp":"2025-10-01T06:20:30.331Z"}
{"insights_count":5,"level":"info","message":"✅ Initial CRM data loaded","recommendations_count":5,"service":"crm-startup-service","timestamp":"2025-10-01T06:20:30.338Z","workflows_count":30}
{"level":"info","message":"🧠 Triggering initial CRM analysis...","service":"crm-startup-service","timestamp":"2025-10-01T06:20:30.339Z"}
{"level":"info","message":"🚀 Initializing CRM startup service...","service":"crm-startup-service","timestamp":"2025-10-01T06:21:24.565Z"}
{"level":"info","message":"🔧 Starting CRM background service...","service":"crm-startup-service","timestamp":"2025-10-01T06:21:24.565Z"}
{"level":"info","message":"✅ CRM background service started","service":"crm-startup-service","timestamp":"2025-10-01T06:21:24.571Z"}
{"level":"info","message":"✅ CRM service is ready","service":"crm-startup-service","timestamp":"2025-10-01T06:21:24.611Z","uptime":41401.368711709}
{"level":"info","message":"📊 Loading initial CRM data...","service":"crm-startup-service","timestamp":"2025-10-01T06:21:24.611Z"}
{"insights_count":5,"level":"info","message":"✅ Initial CRM data loaded","recommendations_count":5,"service":"crm-startup-service","timestamp":"2025-10-01T06:21:24.619Z","workflows_count":30}
{"level":"info","message":"🧠 Triggering initial CRM analysis...","service":"crm-startup-service","timestamp":"2025-10-01T06:21:24.619Z"}
{"level":"info","message":"🚀 Initializing CRM startup service...","service":"crm-startup-service","timestamp":"2025-10-01T06:22:19.569Z"}
{"level":"info","message":"🔧 Starting CRM background service...","service":"crm-startup-service","timestamp":"2025-10-01T06:22:19.569Z"}
{"level":"info","message":"✅ CRM background service started","service":"crm-startup-service","timestamp":"2025-10-01T06:22:19.575Z"}
{"level":"info","message":"✅ CRM service is ready","service":"crm-startup-service","timestamp":"2025-10-01T06:22:19.651Z","uptime":41456.410776417}
{"level":"info","message":"📊 Loading initial CRM data...","service":"crm-startup-service","timestamp":"2025-10-01T06:22:19.651Z"}
{"insights_count":5,"level":"info","message":"✅ Initial CRM data loaded","recommendations_count":5,"service":"crm-startup-service","timestamp":"2025-10-01T06:22:19.659Z","workflows_count":30}
{"level":"info","message":"🧠 Triggering initial CRM analysis...","service":"crm-startup-service","timestamp":"2025-10-01T06:22:19.659Z"}
{"level":"info","message":"🚀 Initializing CRM startup service...","service":"crm-startup-service","timestamp":"2025-10-01T06:26:46.462Z"}
{"level":"info","message":"🔧 Starting CRM background service...","service":"crm-startup-service","timestamp":"2025-10-01T06:26:46.463Z"}
{"level":"info","message":"✅ CRM background service started","service":"crm-startup-service","timestamp":"2025-10-01T06:26:46.471Z"}
{"level":"info","message":"✅ CRM service is ready","service":"crm-startup-service","timestamp":"2025-10-01T06:26:46.529Z","uptime":41723.282675625}
{"level":"info","message":"📊 Loading initial CRM data...","service":"crm-startup-service","timestamp":"2025-10-01T06:26:46.530Z"}
{"insights_count":5,"level":"info","message":"✅ Initial CRM data loaded","recommendations_count":5,"service":"crm-startup-service","timestamp":"2025-10-01T06:26:46.537Z","workflows_count":30}
{"level":"info","message":"🧠 Triggering initial CRM analysis...","service":"crm-startup-service","timestamp":"2025-10-01T06:26:46.537Z"}
{"level":"info","message":"🚀 Initializing CRM startup service...","service":"crm-startup-service","timestamp":"2025-10-01T06:27:17.441Z"}
{"level":"info","message":"🔧 Starting CRM background service...","service":"crm-startup-service","timestamp":"2025-10-01T06:27:17.442Z"}
{"level":"info","message":"✅ CRM background service started","service":"crm-startup-service","timestamp":"2025-10-01T06:27:17.449Z"}
{"level":"info","message":"✅ CRM service is ready","service":"crm-startup-service","timestamp":"2025-10-01T06:27:17.492Z","uptime":41754.24714125}
{"level":"info","message":"📊 Loading initial CRM data...","service":"crm-startup-service","timestamp":"2025-10-01T06:27:17.492Z"}
{"insights_count":5,"level":"info","message":"✅ Initial CRM data loaded","recommendations_count":5,"service":"crm-startup-service","timestamp":"2025-10-01T06:27:17.501Z","workflows_count":30}
{"level":"info","message":"🧠 Triggering initial CRM analysis...","service":"crm-startup-service","timestamp":"2025-10-01T06:27:17.501Z"}
{"level":"info","message":"🚀 Initializing CRM startup service...","service":"crm-startup-service","timestamp":"2025-10-01T06:27:30.896Z"}
{"level":"info","message":"🔧 Starting CRM background service...","service":"crm-startup-service","timestamp":"2025-10-01T06:27:30.896Z"}
{"level":"info","message":"✅ CRM background service started","service":"crm-startup-service","timestamp":"2025-10-01T06:27:30.903Z"}
{"level":"info","message":"✅ CRM service is ready","service":"crm-startup-service","timestamp":"2025-10-01T06:27:30.949Z","uptime":41767.703051}
{"level":"info","message":"📊 Loading initial CRM data...","service":"crm-startup-service","timestamp":"2025-10-01T06:27:30.949Z"}
{"insights_count":5,"level":"info","message":"✅ Initial CRM data loaded","recommendations_count":5,"service":"crm-startup-service","timestamp":"2025-10-01T06:27:30.958Z","workflows_count":30}
{"level":"info","message":"🧠 Triggering initial CRM analysis...","service":"crm-startup-service","timestamp":"2025-10-01T06:27:30.958Z"}
{"level":"info","message":"🚀 Initializing CRM startup service...","service":"crm-startup-service","timestamp":"2025-10-01T06:28:36.281Z"}
{"level":"info","message":"🔧 Starting CRM background service...","service":"crm-startup-service","timestamp":"2025-10-01T06:28:36.281Z"}
{"level":"info","message":"✅ CRM background service started","service":"crm-startup-service","timestamp":"2025-10-01T06:28:36.288Z"}
{"level":"info","message":"✅ CRM service is ready","service":"crm-startup-service","timestamp":"2025-10-01T06:28:36.368Z","uptime":41833.123545167}
{"level":"info","message":"📊 Loading initial CRM data...","service":"crm-startup-service","timestamp":"2025-10-01T06:28:36.368Z"}
{"insights_count":5,"level":"info","message":"✅ Initial CRM data loaded","recommendations_count":5,"service":"crm-startup-service","timestamp":"2025-10-01T06:28:36.376Z","workflows_count":30}
{"level":"info","message":"🧠 Triggering initial CRM analysis...","service":"crm-startup-service","timestamp":"2025-10-01T06:28:36.376Z"}
{"level":"info","message":"🚀 Initializing CRM startup service...","service":"crm-startup-service","timestamp":"2025-10-01T06:29:35.918Z"}
{"level":"info","message":"🔧 Starting CRM background service...","service":"crm-startup-service","timestamp":"2025-10-01T06:29:35.918Z"}
{"level":"info","message":"✅ CRM background service started","service":"crm-startup-service","timestamp":"2025-10-01T06:29:35.925Z"}
{"level":"info","message":"✅ CRM service is ready","service":"crm-startup-service","timestamp":"2025-10-01T06:29:35.988Z","uptime":41892.742609209}
{"level":"info","message":"📊 Loading initial CRM data...","service":"crm-startup-service","timestamp":"2025-10-01T06:29:35.988Z"}
{"insights_count":5,"level":"info","message":"✅ Initial CRM data loaded","recommendations_count":5,"service":"crm-startup-service","timestamp":"2025-10-01T06:29:35.995Z","workflows_count":30}
{"level":"info","message":"🧠 Triggering initial CRM analysis...","service":"crm-startup-service","timestamp":"2025-10-01T06:29:35.995Z"}
{"level":"info","message":"🚀 Initializing CRM startup service...","service":"crm-startup-service","timestamp":"2025-10-01T06:32:35.814Z"}
{"level":"info","message":"🔧 Starting CRM background service...","service":"crm-startup-service","timestamp":"2025-10-01T06:32:35.814Z"}
{"level":"info","message":"✅ CRM background service started","service":"crm-startup-service","timestamp":"2025-10-01T06:32:35.823Z"}
{"level":"info","message":"✅ CRM service is ready","service":"crm-startup-service","timestamp":"2025-10-01T06:32:35.864Z","uptime":42072.617343417}
{"level":"info","message":"📊 Loading initial CRM data...","service":"crm-startup-service","timestamp":"2025-10-01T06:32:35.864Z"}
{"insights_count":4,"level":"info","message":"✅ Initial CRM data loaded","recommendations_count":5,"service":"crm-startup-service","timestamp":"2025-10-01T06:32:35.872Z","workflows_count":30}
{"level":"info","message":"🧠 Triggering initial CRM analysis...","service":"crm-startup-service","timestamp":"2025-10-01T06:32:35.872Z"}
{"level":"info","message":"🚀 Initializing CRM startup service...","service":"crm-startup-service","timestamp":"2025-10-01T06:34:14.541Z"}
{"level":"info","message":"🔧 Starting CRM background service...","service":"crm-startup-service","timestamp":"2025-10-01T06:34:14.541Z"}
{"level":"info","message":"✅ CRM background service started","service":"crm-startup-service","timestamp":"2025-10-01T06:34:14.548Z"}
{"level":"info","message":"✅ CRM service is ready","service":"crm-startup-service","timestamp":"2025-10-01T06:34:14.627Z","uptime":42171.376791084}
{"level":"info","message":"📊 Loading initial CRM data...","service":"crm-startup-service","timestamp":"2025-10-01T06:34:14.627Z"}
{"insights_count":3,"level":"info","message":"✅ Initial CRM data loaded","recommendations_count":5,"service":"crm-startup-service","timestamp":"2025-10-01T06:34:14.633Z","workflows_count":30}
{"level":"info","message":"🧠 Triggering initial CRM analysis...","service":"crm-startup-service","timestamp":"2025-10-01T06:34:14.634Z"}
{"level":"info","message":"🚀 Initializing CRM startup service...","service":"crm-startup-service","timestamp":"2025-10-01T06:39:04.013Z"}
{"level":"info","message":"🔧 Starting CRM background service...","service":"crm-startup-service","timestamp":"2025-10-01T06:39:04.014Z"}
{"level":"info","message":"✅ CRM background service started","service":"crm-startup-service","timestamp":"2025-10-01T06:39:04.022Z"}
{"level":"info","message":"✅ CRM service is ready","service":"crm-startup-service","timestamp":"2025-10-01T06:39:04.073Z","uptime":42460.817968334}
{"level":"info","message":"📊 Loading initial CRM data...","service":"crm-startup-service","timestamp":"2025-10-01T06:39:04.073Z"}
{"insights_count":5,"level":"info","message":"✅ Initial CRM data loaded","recommendations_count":5,"service":"crm-startup-service","timestamp":"2025-10-01T06:39:04.081Z","workflows_count":30}
{"level":"info","message":"🧠 Triggering initial CRM analysis...","service":"crm-startup-service","timestamp":"2025-10-01T06:39:04.081Z"}
{"level":"info","message":"🚀 Initializing CRM startup service...","service":"crm-startup-service","timestamp":"2025-10-01T06:42:20.064Z"}
{"level":"info","message":"🔧 Starting CRM background service...","service":"crm-startup-service","timestamp":"2025-10-01T06:42:20.064Z"}
{"level":"info","message":"✅ CRM background service started","service":"crm-startup-service","timestamp":"2025-10-01T06:42:20.071Z"}
{"level":"info","message":"✅ CRM service is ready","service":"crm-startup-service","timestamp":"2025-10-01T06:42:20.148Z","uptime":42656.891648875}
{"level":"info","message":"📊 Loading initial CRM data...","service":"crm-startup-service","timestamp":"2025-10-01T06:42:20.148Z"}
{"insights_count":5,"level":"info","message":"✅ Initial CRM data loaded","recommendations_count":5,"service":"crm-startup-service","timestamp":"2025-10-01T06:42:20.155Z","workflows_count":30}
{"level":"info","message":"🧠 Triggering initial CRM analysis...","service":"crm-startup-service","timestamp":"2025-10-01T06:42:20.155Z"}
{"level":"info","message":"🚀 Initializing CRM startup service...","service":"crm-startup-service","timestamp":"2025-10-01T06:42:45.676Z"}
{"level":"info","message":"🔧 Starting CRM background service...","service":"crm-startup-service","timestamp":"2025-10-01T06:42:45.676Z"}
{"level":"info","message":"✅ CRM background service started","service":"crm-startup-service","timestamp":"2025-10-01T06:42:45.683Z"}
{"level":"info","message":"✅ CRM service is ready","service":"crm-startup-service","timestamp":"2025-10-01T06:42:45.728Z","uptime":42682.471652459}
{"level":"info","message":"📊 Loading initial CRM data...","service":"crm-startup-service","timestamp":"2025-10-01T06:42:45.728Z"}
{"insights_count":5,"level":"info","message":"✅ Initial CRM data loaded","recommendations_count":5,"service":"crm-startup-service","timestamp":"2025-10-01T06:42:45.735Z","workflows_count":30}
{"level":"info","message":"🧠 Triggering initial CRM analysis...","service":"crm-startup-service","timestamp":"2025-10-01T06:42:45.735Z"}
{"level":"info","message":"🚀 Initializing CRM startup service...","service":"crm-startup-service","timestamp":"2025-10-01T06:45:46.997Z"}
{"level":"info","message":"🔧 Starting CRM background service...","service":"crm-startup-service","timestamp":"2025-10-01T06:45:46.998Z"}
{"level":"info","message":"✅ CRM background service started","service":"crm-startup-service","timestamp":"2025-10-01T06:45:47.005Z"}
{"level":"info","message":"✅ CRM service is ready","service":"crm-startup-service","timestamp":"2025-10-01T06:45:47.049Z","uptime":42863.783785084}
{"level":"info","message":"📊 Loading initial CRM data...","service":"crm-startup-service","timestamp":"2025-10-01T06:45:47.049Z"}
{"insights_count":5,"level":"info","message":"✅ Initial CRM data loaded","recommendations_count":5,"service":"crm-startup-service","timestamp":"2025-10-01T06:45:47.067Z","workflows_count":30}
{"level":"info","message":"🧠 Triggering initial CRM analysis...","service":"crm-startup-service","timestamp":"2025-10-01T06:45:47.067Z"}
{"level":"info","message":"🚀 Initializing CRM startup service...","service":"crm-startup-service","timestamp":"2025-10-01T06:49:25.490Z"}
{"level":"info","message":"🔧 Starting CRM background service...","service":"crm-startup-service","timestamp":"2025-10-01T06:49:25.490Z"}
{"level":"info","message":"✅ CRM background service started","service":"crm-startup-service","timestamp":"2025-10-01T06:49:25.497Z"}
{"level":"info","message":"✅ CRM service is ready","service":"crm-startup-service","timestamp":"2025-10-01T06:49:25.546Z","uptime":43082.275126209}
{"level":"info","message":"📊 Loading initial CRM data...","service":"crm-startup-service","timestamp":"2025-10-01T06:49:25.546Z"}
{"insights_count":5,"level":"info","message":"✅ Initial CRM data loaded","recommendations_count":5,"service":"crm-startup-service","timestamp":"2025-10-01T06:49:25.553Z","workflows_count":30}
{"level":"info","message":"🧠 Triggering initial CRM analysis...","service":"crm-startup-service","timestamp":"2025-10-01T06:49:25.553Z"}
{"level":"info","message":"🚀 Initializing CRM startup service...","service":"crm-startup-service","timestamp":"2025-10-01T06:49:43.996Z"}
{"level":"info","message":"🔧 Starting CRM background service...","service":"crm-startup-service","timestamp":"2025-10-01T06:49:43.997Z"}
{"level":"info","message":"✅ CRM background service started","service":"crm-startup-service","timestamp":"2025-10-01T06:49:44.004Z"}
{"level":"info","message":"✅ CRM service is ready","service":"crm-startup-service","timestamp":"2025-10-01T06:49:44.052Z","uptime":43100.784801167}
{"level":"info","message":"📊 Loading initial CRM data...","service":"crm-startup-service","timestamp":"2025-10-01T06:49:44.053Z"}
{"insights_count":5,"level":"info","message":"✅ Initial CRM data loaded","recommendations_count":5,"service":"crm-startup-service","timestamp":"2025-10-01T06:49:44.060Z","workflows_count":30}
{"level":"info","message":"🧠 Triggering initial CRM analysis...","service":"crm-startup-service","timestamp":"2025-10-01T06:49:44.060Z"}
{"level":"info","message":"🚀 Initializing CRM startup service...","service":"crm-startup-service","timestamp":"2025-10-01T06:52:03.761Z"}
{"level":"info","message":"🔧 Starting CRM background service...","service":"crm-startup-service","timestamp":"2025-10-01T06:52:03.762Z"}
{"level":"info","message":"✅ CRM background service started","service":"crm-startup-service","timestamp":"2025-10-01T06:52:03.767Z"}
{"level":"info","message":"✅ CRM service is ready","service":"crm-startup-service","timestamp":"2025-10-01T06:52:03.829Z","uptime":43240.560963667}
{"level":"info","message":"📊 Loading initial CRM data...","service":"crm-startup-service","timestamp":"2025-10-01T06:52:03.829Z"}
{"insights_count":5,"level":"info","message":"✅ Initial CRM data loaded","recommendations_count":5,"service":"crm-startup-service","timestamp":"2025-10-01T06:52:03.835Z","workflows_count":30}
{"level":"info","message":"🧠 Triggering initial CRM analysis...","service":"crm-startup-service","timestamp":"2025-10-01T06:52:03.835Z"}
{"level":"info","message":"🚀 Initializing CRM startup service...","service":"crm-startup-service","timestamp":"2025-10-01T06:52:16.471Z"}
{"level":"info","message":"🔧 Starting CRM background service...","service":"crm-startup-service","timestamp":"2025-10-01T06:52:16.472Z"}
{"level":"info","message":"✅ CRM background service started","service":"crm-startup-service","timestamp":"2025-10-01T06:52:16.477Z"}
{"level":"info","message":"✅ CRM service is ready","service":"crm-startup-service","timestamp":"2025-10-01T06:52:16.520Z","uptime":43253.252146125}
{"level":"info","message":"📊 Loading initial CRM data...","service":"crm-startup-service","timestamp":"2025-10-01T06:52:16.520Z"}
{"insights_count":5,"level":"info","message":"✅ Initial CRM data loaded","recommendations_count":5,"service":"crm-startup-service","timestamp":"2025-10-01T06:52:16.526Z","workflows_count":30}
{"level":"info","message":"🧠 Triggering initial CRM analysis...","service":"crm-startup-service","timestamp":"2025-10-01T06:52:16.526Z"}
{"level":"info","message":"🚀 Initializing CRM startup service...","service":"crm-startup-service","timestamp":"2025-10-01T06:53:43.899Z"}
{"level":"info","message":"🔧 Starting CRM background service...","service":"crm-startup-service","timestamp":"2025-10-01T06:53:43.899Z"}
{"level":"info","message":"✅ CRM background service started","service":"crm-startup-service","timestamp":"2025-10-01T06:53:43.905Z"}
{"level":"info","message":"✅ CRM service is ready","service":"crm-startup-service","timestamp":"2025-10-01T06:53:43.947Z","uptime":43340.677823625}
{"level":"info","message":"📊 Loading initial CRM data...","service":"crm-startup-service","timestamp":"2025-10-01T06:53:43.948Z"}
{"insights_count":5,"level":"info","message":"✅ Initial CRM data loaded","recommendations_count":5,"service":"crm-startup-service","timestamp":"2025-10-01T06:53:43.954Z","workflows_count":30}
{"level":"info","message":"🧠 Triggering initial CRM analysis...","service":"crm-startup-service","timestamp":"2025-10-01T06:53:43.954Z"}
{"level":"info","message":"🚀 Initializing CRM startup service...","service":"crm-startup-service","timestamp":"2025-10-01T06:53:55.390Z"}
{"level":"info","message":"🔧 Starting CRM background service...","service":"crm-startup-service","timestamp":"2025-10-01T06:53:55.390Z"}
{"level":"info","message":"✅ CRM background service started","service":"crm-startup-service","timestamp":"2025-10-01T06:53:55.396Z"}
{"level":"info","message":"✅ CRM service is ready","service":"crm-startup-service","timestamp":"2025-10-01T06:53:55.443Z","uptime":43352.1750165}
{"level":"info","message":"📊 Loading initial CRM data...","service":"crm-startup-service","timestamp":"2025-10-01T06:53:55.444Z"}
{"insights_count":5,"level":"info","message":"✅ Initial CRM data loaded","recommendations_count":5,"service":"crm-startup-service","timestamp":"2025-10-01T06:53:55.452Z","workflows_count":30}
{"level":"info","message":"🧠 Triggering initial CRM analysis...","service":"crm-startup-service","timestamp":"2025-10-01T06:53:55.452Z"}
{"level":"info","message":"🚀 Initializing CRM startup service...","service":"crm-startup-service","timestamp":"2025-10-01T06:54:12.257Z"}
{"level":"info","message":"🔧 Starting CRM background service...","service":"crm-startup-service","timestamp":"2025-10-01T06:54:12.258Z"}
{"level":"info","message":"✅ CRM background service started","service":"crm-startup-service","timestamp":"2025-10-01T06:54:12.263Z"}
{"level":"info","message":"✅ CRM service is ready","service":"crm-startup-service","timestamp":"2025-10-01T06:54:12.309Z","uptime":43369.039499792}
{"level":"info","message":"📊 Loading initial CRM data...","service":"crm-startup-service","timestamp":"2025-10-01T06:54:12.309Z"}
{"insights_count":5,"level":"info","message":"✅ Initial CRM data loaded","recommendations_count":5,"service":"crm-startup-service","timestamp":"2025-10-01T06:54:12.317Z","workflows_count":30}
{"level":"info","message":"🧠 Triggering initial CRM analysis...","service":"crm-startup-service","timestamp":"2025-10-01T06:54:12.317Z"}
{"level":"info","message":"🚀 Initializing CRM startup service...","service":"crm-startup-service","timestamp":"2025-10-01T06:54:22.905Z"}
{"level":"info","message":"🔧 Starting CRM background service...","service":"crm-startup-service","timestamp":"2025-10-01T06:54:22.905Z"}
{"level":"info","message":"✅ CRM background service started","service":"crm-startup-service","timestamp":"2025-10-01T06:54:22.910Z"}
{"level":"info","message":"✅ CRM service is ready","service":"crm-startup-service","timestamp":"2025-10-01T06:54:22.946Z","uptime":43379.675924125}
{"level":"info","message":"📊 Loading initial CRM data...","service":"crm-startup-service","timestamp":"2025-10-01T06:54:22.946Z"}
{"insights_count":5,"level":"info","message":"✅ Initial CRM data loaded","recommendations_count":5,"service":"crm-startup-service","timestamp":"2025-10-01T06:54:22.955Z","workflows_count":30}
{"level":"info","message":"🧠 Triggering initial CRM analysis...","service":"crm-startup-service","timestamp":"2025-10-01T06:54:22.955Z"}
{"level":"info","message":"🚀 Initializing CRM startup service...","service":"crm-startup-service","timestamp":"2025-10-01T06:54:35.381Z"}
{"level":"info","message":"🔧 Starting CRM background service...","service":"crm-startup-service","timestamp":"2025-10-01T06:54:35.382Z"}
{"level":"info","message":"✅ CRM background service started","service":"crm-startup-service","timestamp":"2025-10-01T06:54:35.387Z"}
{"level":"info","message":"✅ CRM service is ready","service":"crm-startup-service","timestamp":"2025-10-01T06:54:35.421Z","uptime":43392.152506167}
{"level":"info","message":"📊 Loading initial CRM data...","service":"crm-startup-service","timestamp":"2025-10-01T06:54:35.421Z"}
{"insights_count":5,"level":"info","message":"✅ Initial CRM data loaded","recommendations_count":5,"service":"crm-startup-service","timestamp":"2025-10-01T06:54:35.430Z","workflows_count":30}
{"level":"info","message":"🧠 Triggering initial CRM analysis...","service":"crm-startup-service","timestamp":"2025-10-01T06:54:35.430Z"}
{"level":"info","message":"🚀 Initializing CRM startup service...","service":"crm-startup-service","timestamp":"2025-10-01T06:54:48.801Z"}
{"level":"info","message":"🔧 Starting CRM background service...","service":"crm-startup-service","timestamp":"2025-10-01T06:54:48.801Z"}
{"level":"info","message":"✅ CRM background service started","service":"crm-startup-service","timestamp":"2025-10-01T06:54:48.806Z"}
{"level":"info","message":"✅ CRM service is ready","service":"crm-startup-service","timestamp":"2025-10-01T06:54:48.893Z","uptime":43405.624276292}
{"level":"info","message":"📊 Loading initial CRM data...","service":"crm-startup-service","timestamp":"2025-10-01T06:54:48.893Z"}
{"insights_count":5,"level":"info","message":"✅ Initial CRM data loaded","recommendations_count":5,"service":"crm-startup-service","timestamp":"2025-10-01T06:54:48.901Z","workflows_count":30}
{"level":"info","message":"🧠 Triggering initial CRM analysis...","service":"crm-startup-service","timestamp":"2025-10-01T06:54:48.901Z"}
{"level":"info","message":"🚀 Initializing CRM startup service...","service":"crm-startup-service","timestamp":"2025-10-01T06:55:33.837Z"}
{"level":"info","message":"🔧 Starting CRM background service...","service":"crm-startup-service","timestamp":"2025-10-01T06:55:33.838Z"}
{"level":"info","message":"✅ CRM background service started","service":"crm-startup-service","timestamp":"2025-10-01T06:55:33.843Z"}
{"level":"info","message":"✅ CRM service is ready","service":"crm-startup-service","timestamp":"2025-10-01T06:55:33.879Z","uptime":43450.608889125}
{"level":"info","message":"📊 Loading initial CRM data...","service":"crm-startup-service","timestamp":"2025-10-01T06:55:33.879Z"}
{"insights_count":5,"level":"info","message":"✅ Initial CRM data loaded","recommendations_count":5,"service":"crm-startup-service","timestamp":"2025-10-01T06:55:33.886Z","workflows_count":30}
{"level":"info","message":"🧠 Triggering initial CRM analysis...","service":"crm-startup-service","timestamp":"2025-10-01T06:55:33.886Z"}
{"level":"info","message":"🚀 Initializing CRM startup service...","service":"crm-startup-service","timestamp":"2025-10-01T06:55:52.629Z"}
{"level":"info","message":"🔧 Starting CRM background service...","service":"crm-startup-service","timestamp":"2025-10-01T06:55:52.630Z"}
{"level":"info","message":"✅ CRM background service started","service":"crm-startup-service","timestamp":"2025-10-01T06:55:52.635Z"}
{"level":"info","message":"✅ CRM service is ready","service":"crm-startup-service","timestamp":"2025-10-01T06:55:52.696Z","uptime":43469.425876}
{"level":"info","message":"📊 Loading initial CRM data...","service":"crm-startup-service","timestamp":"2025-10-01T06:55:52.696Z"}
{"insights_count":5,"level":"info","message":"✅ Initial CRM data loaded","recommendations_count":5,"service":"crm-startup-service","timestamp":"2025-10-01T06:55:52.703Z","workflows_count":30}
{"level":"info","message":"🧠 Triggering initial CRM analysis...","service":"crm-startup-service","timestamp":"2025-10-01T06:55:52.703Z"}
{"level":"info","message":"🚀 Initializing CRM startup service...","service":"crm-startup-service","timestamp":"2025-10-01T06:56:05.061Z"}
{"level":"info","message":"🔧 Starting CRM background service...","service":"crm-startup-service","timestamp":"2025-10-01T06:56:05.062Z"}
{"level":"info","message":"✅ CRM background service started","service":"crm-startup-service","timestamp":"2025-10-01T06:56:05.067Z"}
{"level":"info","message":"✅ CRM service is ready","service":"crm-startup-service","timestamp":"2025-10-01T06:56:05.107Z","uptime":43481.835921292}
{"level":"info","message":"📊 Loading initial CRM data...","service":"crm-startup-service","timestamp":"2025-10-01T06:56:05.107Z"}
{"insights_count":5,"level":"info","message":"✅ Initial CRM data loaded","recommendations_count":5,"service":"crm-startup-service","timestamp":"2025-10-01T06:56:05.112Z","workflows_count":30}
{"level":"info","message":"🧠 Triggering initial CRM analysis...","service":"crm-startup-service","timestamp":"2025-10-01T06:56:05.113Z"}
