{"level":"info","message":"Google Gmail Service initialized","redirectUri":"http://localhost:8890/auth/google/callback","scopes":7,"service":"google-gmail-service","timestamp":"2025-10-07T23:32:44.882Z"}
{"level":"info","message":"Generated auth URL","scopes":7,"service":"google-gmail-service","state":null,"timestamp":"2025-10-07T23:32:58.165Z"}
{"level":"info","message":"Exchanging authorization code for tokens","service":"google-gmail-service","timestamp":"2025-10-07T23:33:25.353Z"}
{"level":"info","message":"API clients initialized","service":"google-gmail-service","timestamp":"2025-10-07T23:33:25.521Z"}
{"email":"shail@heyjarvis.ai","expiresOn":"2025-10-08T00:33:24.521Z","level":"info","message":"Successfully authenticated with Google","service":"google-gmail-service","timestamp":"2025-10-07T23:33:25.630Z"}
{"level":"info","message":"Google Gmail Service initialized","redirectUri":"http://localhost:8890/auth/google/callback","scopes":7,"service":"google-gmail-service","timestamp":"2025-10-07T23:39:48.759Z"}
{"level":"info","message":"Generated auth URL","scopes":7,"service":"google-gmail-service","state":null,"timestamp":"2025-10-07T23:40:02.591Z"}
{"level":"info","message":"Exchanging authorization code for tokens","service":"google-gmail-service","timestamp":"2025-10-07T23:40:24.523Z"}
{"level":"info","message":"API clients initialized","service":"google-gmail-service","timestamp":"2025-10-07T23:40:24.712Z"}
{"email":"shail@heyjarvis.ai","expiresOn":"2025-10-08T00:40:23.711Z","level":"info","message":"Successfully authenticated with Google","service":"google-gmail-service","timestamp":"2025-10-07T23:40:24.834Z"}
{"level":"info","message":"Google Gmail Service initialized","redirectUri":"http://localhost:8890/auth/google/callback","scopes":7,"service":"google-gmail-service","timestamp":"2025-10-07T23:47:13.160Z"}
{"level":"info","message":"Google Gmail Service initialized","redirectUri":"http://localhost:8890/auth/google/callback","scopes":7,"service":"google-gmail-service","timestamp":"2025-10-07T23:48:37.602Z"}
{"level":"info","message":"Google Gmail Service initialized","redirectUri":"http://localhost:8890/auth/google/callback","scopes":7,"service":"google-gmail-service","timestamp":"2025-10-07T23:50:19.878Z"}
{"level":"info","message":"Google Gmail Service initialized","redirectUri":"http://localhost:8890/auth/google/callback","scopes":7,"service":"google-gmail-service","timestamp":"2025-10-07T23:51:58.637Z"}
{"level":"info","message":"Google Gmail Service initialized","redirectUri":"http://localhost:8890/auth/google/callback","scopes":7,"service":"google-gmail-service","timestamp":"2025-10-07T23:56:02.740Z"}
{"level":"info","message":"Google Gmail Service initialized","redirectUri":"http://localhost:8890/auth/google/callback","scopes":7,"service":"google-gmail-service","timestamp":"2025-10-07T23:59:50.126Z"}
{"level":"info","message":"Google Gmail Service initialized","redirectUri":"http://localhost:8890/auth/google/callback","scopes":7,"service":"google-gmail-service","timestamp":"2025-10-08T01:17:14.071Z"}
{"level":"info","message":"Google Gmail Service initialized","redirectUri":"http://localhost:8890/auth/google/callback","scopes":7,"service":"google-gmail-service","timestamp":"2025-10-08T01:21:55.452Z"}
{"level":"info","message":"Google Gmail Service initialized","redirectUri":"http://localhost:8890/auth/google/callback","scopes":7,"service":"google-gmail-service","timestamp":"2025-10-08T01:36:13.477Z"}
{"level":"info","message":"Google Gmail Service initialized","redirectUri":"http://localhost:8890/auth/google/callback","scopes":7,"service":"google-gmail-service","timestamp":"2025-10-08T01:41:04.709Z"}
{"level":"info","message":"Google Gmail Service initialized","redirectUri":"http://localhost:8890/auth/google/callback","scopes":7,"service":"google-gmail-service","timestamp":"2025-10-08T01:41:52.630Z"}
{"level":"info","message":"Google Gmail Service initialized","redirectUri":"http://localhost:8890/auth/google/callback","scopes":7,"service":"google-gmail-service","timestamp":"2025-10-08T01:43:14.716Z"}
{"level":"info","message":"Google Gmail Service initialized","redirectUri":"http://localhost:8890/auth/google/callback","scopes":7,"service":"google-gmail-service","timestamp":"2025-10-08T01:43:44.809Z"}
{"level":"info","message":"Google Gmail Service initialized","redirectUri":"http://localhost:8890/auth/google/callback","scopes":7,"service":"google-gmail-service","timestamp":"2025-10-08T02:27:57.462Z"}
{"level":"info","message":"Google Gmail Service initialized","redirectUri":"http://localhost:8890/auth/google/callback","scopes":7,"service":"google-gmail-service","timestamp":"2025-10-08T02:28:29.679Z"}
{"level":"info","message":"Google Gmail Service initialized","redirectUri":"http://localhost:8890/auth/google/callback","scopes":7,"service":"google-gmail-service","timestamp":"2025-10-08T02:29:22.942Z"}
{"level":"info","message":"Generated auth URL","scopes":7,"service":"google-gmail-service","state":null,"timestamp":"2025-10-08T02:29:28.145Z"}
{"level":"info","message":"Exchanging authorization code for tokens","service":"google-gmail-service","timestamp":"2025-10-08T02:29:37.936Z"}
{"level":"info","message":"API clients initialized","service":"google-gmail-service","timestamp":"2025-10-08T02:29:38.105Z"}
{"email":"shail@heyjarvis.ai","expiresOn":"2025-10-08T03:29:37.104Z","level":"info","message":"Successfully authenticated with Google","service":"google-gmail-service","timestamp":"2025-10-08T02:29:38.202Z"}
{"level":"info","message":"Google Gmail Service initialized","redirectUri":"http://localhost:8890/auth/google/callback","scopes":7,"service":"google-gmail-service","timestamp":"2025-10-08T02:33:33.023Z"}
{"error":"Not authenticated. Please authenticate first.","eventData":{"attendeeList":["sdalal1@termail.umd.edu"],"attendees":[],"body":"Meeting scheduled from task: I need you to set up a meeting with <mailto:sdalal1@termail\n\nTask Description: <@U09GEFMKGE7> I need you to set up a meeting with <mailto:sdalal1@termail.umd.edu|sdalal1@termail.umd.edu> on october 20th","endTime":"2025-10-20T16:30:00.000Z","isOnlineMeeting":true,"service":"google","startTime":"2025-10-20T16:00:00.000Z","subject":"Meeting","timeZone":"America/Denver"},"level":"error","message":"Failed to create calendar event","service":"google-gmail-service","timestamp":"2025-10-08T02:33:55.335Z"}
{"level":"info","message":"Google Gmail Service initialized","redirectUri":"http://localhost:8890/auth/google/callback","scopes":7,"service":"google-gmail-service","timestamp":"2025-10-08T02:35:12.434Z"}
{"level":"info","message":"Generated auth URL","scopes":7,"service":"google-gmail-service","state":null,"timestamp":"2025-10-08T02:35:17.102Z"}
{"level":"info","message":"Exchanging authorization code for tokens","service":"google-gmail-service","timestamp":"2025-10-08T02:35:25.558Z"}
{"level":"info","message":"API clients initialized","service":"google-gmail-service","timestamp":"2025-10-08T02:35:25.721Z"}
{"email":"shail@heyjarvis.ai","expiresOn":"2025-10-08T03:35:24.721Z","level":"info","message":"Successfully authenticated with Google","service":"google-gmail-service","timestamp":"2025-10-08T02:35:25.826Z"}
{"event_id":"2j5c4shnq3gom38oiisuan510g","has_online_meeting":true,"level":"info","meeting_link":"https://meet.google.com/eej-ckge-aba","message":"Calendar event created","service":"google-gmail-service","start":"2025-10-20T10:00:00-06:00","summary":"Meeting with sdalal1","timestamp":"2025-10-08T02:35:51.183Z"}
{"level":"info","message":"Google Gmail Service initialized","redirectUri":"http://localhost:8890/auth/google/callback","scopes":7,"service":"google-gmail-service","timestamp":"2025-10-08T02:55:16.258Z"}
{"error":"Not authenticated. Please authenticate first.","eventData":{"attendeeList":["sdalal1@termail.umd.edu","avi@heyjarvis.ai"],"attendees":[],"body":"Meeting scheduled from task: I need you to set up a meeting with <mailto:sdalal1@termail\n\nTask Description: <@U09GEFMKGE7> I need you to set up a meeting with <mailto:sdalal1@termail.umd.edu|sdalal1@termail.umd.edu> on october 20th","endTime":"2025-10-20T16:30:00.000Z","isOnlineMeeting":true,"service":"google","startTime":"2025-10-20T16:00:00.000Z","subject":"Meeting with sdalal1","timeZone":"America/Denver"},"level":"error","message":"Failed to create calendar event","service":"google-gmail-service","timestamp":"2025-10-08T02:56:02.996Z"}
{"level":"info","message":"Google Gmail Service initialized","redirectUri":"http://localhost:8890/auth/google/callback","scopes":7,"service":"google-gmail-service","timestamp":"2025-10-08T02:59:02.349Z"}
{"level":"info","message":"Generated auth URL","scopes":7,"service":"google-gmail-service","state":null,"timestamp":"2025-10-08T03:00:41.652Z"}
{"level":"info","message":"Exchanging authorization code for tokens","service":"google-gmail-service","timestamp":"2025-10-08T03:00:48.939Z"}
{"level":"info","message":"API clients initialized","service":"google-gmail-service","timestamp":"2025-10-08T03:00:49.094Z"}
{"email":"shail@heyjarvis.ai","expiresOn":"2025-10-08T04:00:48.093Z","level":"info","message":"Successfully authenticated with Google","service":"google-gmail-service","timestamp":"2025-10-08T03:00:49.200Z"}
{"level":"info","message":"Google Gmail Service initialized","redirectUri":"http://localhost:8890/auth/google/callback","scopes":7,"service":"google-gmail-service","timestamp":"2025-10-12T02:48:05.718Z"}
{"level":"info","message":"Generated auth URL","scopes":7,"service":"google-gmail-service","state":null,"timestamp":"2025-10-12T02:48:20.963Z"}
{"level":"info","message":"Exchanging authorization code for tokens","service":"google-gmail-service","timestamp":"2025-10-12T02:48:31.370Z"}
{"level":"info","message":"API clients initialized","service":"google-gmail-service","timestamp":"2025-10-12T02:48:31.568Z"}
{"email":"shail@heyjarvis.ai","expiresOn":"2025-10-12T03:48:30.567Z","level":"info","message":"Successfully authenticated with Google","service":"google-gmail-service","timestamp":"2025-10-12T02:48:31.692Z"}
{"level":"info","message":"Google Gmail Service initialized","redirectUri":"http://localhost:8890/auth/google/callback","scopes":7,"service":"google-gmail-service","timestamp":"2025-10-12T02:53:08.122Z"}
{"level":"info","message":"Generated auth URL","scopes":7,"service":"google-gmail-service","state":null,"timestamp":"2025-10-12T02:53:14.983Z"}
{"level":"info","message":"Exchanging authorization code for tokens","service":"google-gmail-service","timestamp":"2025-10-12T02:53:21.507Z"}
{"level":"info","message":"API clients initialized","service":"google-gmail-service","timestamp":"2025-10-12T02:53:21.699Z"}
{"email":"shail@heyjarvis.ai","expiresOn":"2025-10-12T03:53:20.699Z","level":"info","message":"Successfully authenticated with Google","service":"google-gmail-service","timestamp":"2025-10-12T02:53:21.799Z"}
{"level":"info","message":"Google Gmail Service initialized","redirectUri":"http://localhost:8890/auth/google/callback","scopes":7,"service":"google-gmail-service","timestamp":"2025-10-12T02:57:04.978Z"}
{"level":"info","message":"Google Gmail Service initialized","redirectUri":"http://localhost:8890/auth/google/callback","scopes":7,"service":"google-gmail-service","timestamp":"2025-10-12T02:57:36.337Z"}
{"level":"info","message":"Google Gmail Service initialized","redirectUri":"http://localhost:8890/auth/google/callback","scopes":7,"service":"google-gmail-service","timestamp":"2025-10-12T18:11:51.252Z"}
{"level":"info","message":"Google Gmail Service initialized","redirectUri":"http://localhost:8890/auth/google/callback","scopes":7,"service":"google-gmail-service","timestamp":"2025-10-12T18:48:14.245Z"}
{"level":"info","message":"Google Gmail Service initialized","redirectUri":"http://localhost:8890/auth/google/callback","scopes":7,"service":"google-gmail-service","timestamp":"2025-10-12T20:08:53.822Z"}
{"level":"info","message":"Google Gmail Service initialized","redirectUri":"http://localhost:8890/auth/google/callback","scopes":7,"service":"google-gmail-service","timestamp":"2025-10-12T20:11:33.236Z"}
{"level":"info","message":"Google Gmail Service initialized","redirectUri":"http://localhost:8890/auth/google/callback","scopes":7,"service":"google-gmail-service","timestamp":"2025-10-12T20:51:05.761Z"}
{"level":"info","message":"Google Gmail Service initialized","redirectUri":"http://localhost:8890/auth/google/callback","scopes":7,"service":"google-gmail-service","timestamp":"2025-10-12T20:51:32.489Z"}
{"level":"info","message":"Google Gmail Service initialized","redirectUri":"http://localhost:8890/auth/google/callback","scopes":7,"service":"google-gmail-service","timestamp":"2025-10-12T20:55:04.491Z"}
{"level":"info","message":"Google Gmail Service initialized","redirectUri":"http://localhost:8890/auth/google/callback","scopes":7,"service":"google-gmail-service","timestamp":"2025-10-12T20:56:05.362Z"}
{"level":"info","message":"Google Gmail Service initialized","redirectUri":"http://localhost:8890/auth/google/callback","scopes":7,"service":"google-gmail-service","timestamp":"2025-10-12T20:59:57.534Z"}
{"level":"info","message":"Google Gmail Service initialized","redirectUri":"http://localhost:8890/auth/google/callback","scopes":7,"service":"google-gmail-service","timestamp":"2025-10-12T21:02:06.976Z"}
{"level":"info","message":"Google Gmail Service initialized","redirectUri":"http://localhost:8890/auth/google/callback","scopes":7,"service":"google-gmail-service","timestamp":"2025-10-12T21:06:24.781Z"}
{"level":"info","message":"Google Gmail Service initialized","redirectUri":"http://localhost:8890/auth/google/callback","scopes":7,"service":"google-gmail-service","timestamp":"2025-10-12T21:09:20.492Z"}
{"level":"info","message":"Google Gmail Service initialized","redirectUri":"http://localhost:8890/auth/google/callback","scopes":7,"service":"google-gmail-service","timestamp":"2025-10-12T21:09:35.823Z"}
{"level":"info","message":"Google Gmail Service initialized","redirectUri":"http://localhost:8890/auth/google/callback","scopes":7,"service":"google-gmail-service","timestamp":"2025-10-12T21:11:25.286Z"}
{"level":"info","message":"Google Gmail Service initialized","redirectUri":"http://localhost:8890/auth/google/callback","scopes":7,"service":"google-gmail-service","timestamp":"2025-10-12T21:19:12.278Z"}
{"level":"info","message":"Google Gmail Service initialized","redirectUri":"http://localhost:8890/auth/google/callback","scopes":7,"service":"google-gmail-service","timestamp":"2025-10-12T21:19:21.332Z"}
{"level":"info","message":"Google Gmail Service initialized","redirectUri":"http://localhost:8890/auth/google/callback","scopes":7,"service":"google-gmail-service","timestamp":"2025-10-12T21:20:00.271Z"}
{"level":"info","message":"Generated auth URL","scopes":7,"service":"google-gmail-service","state":null,"timestamp":"2025-10-12T21:20:22.742Z"}
{"level":"info","message":"Exchanging authorization code for tokens","service":"google-gmail-service","timestamp":"2025-10-12T21:20:28.231Z"}
{"level":"info","message":"API clients initialized","service":"google-gmail-service","timestamp":"2025-10-12T21:20:28.391Z"}
{"email":"avi@heyjarvis.ai","expiresOn":"2025-10-12T22:20:27.391Z","level":"info","message":"Successfully authenticated with Google","service":"google-gmail-service","timestamp":"2025-10-12T21:20:28.491Z"}
{"level":"info","message":"Google Gmail Service initialized","redirectUri":"http://localhost:8890/auth/google/callback","scopes":7,"service":"google-gmail-service","timestamp":"2025-10-12T21:23:04.427Z"}
{"level":"info","message":"Google Gmail Service initialized","redirectUri":"http://localhost:8890/auth/google/callback","scopes":7,"service":"google-gmail-service","timestamp":"2025-10-12T21:23:23.468Z"}
{"level":"info","message":"Generated auth URL","scopes":7,"service":"google-gmail-service","state":null,"timestamp":"2025-10-12T21:23:52.227Z"}
{"level":"info","message":"Google Gmail Service initialized","redirectUri":"http://localhost:8890/auth/google/callback","scopes":7,"service":"google-gmail-service","timestamp":"2025-10-12T21:26:48.819Z"}
{"level":"info","message":"Google Gmail Service initialized","redirectUri":"http://localhost:8890/auth/google/callback","scopes":7,"service":"google-gmail-service","timestamp":"2025-10-12T21:31:35.241Z"}
{"level":"info","message":"Google Gmail Service initialized","redirectUri":"http://localhost:8890/auth/google/callback","scopes":7,"service":"google-gmail-service","timestamp":"2025-10-12T21:31:49.772Z"}
{"level":"info","message":"Generated auth URL","scopes":7,"service":"google-gmail-service","state":null,"timestamp":"2025-10-12T21:40:09.537Z"}
{"level":"info","message":"Exchanging authorization code for tokens","service":"google-gmail-service","timestamp":"2025-10-12T21:40:32.308Z"}
{"level":"info","message":"API clients initialized","service":"google-gmail-service","timestamp":"2025-10-12T21:40:32.476Z"}
{"email":"avi@heyjarvis.ai","expiresOn":"2025-10-12T22:40:31.476Z","level":"info","message":"Successfully authenticated with Google","service":"google-gmail-service","timestamp":"2025-10-12T21:40:32.590Z"}
{"level":"info","message":"Google Gmail Service initialized","redirectUri":"http://localhost:8890/auth/google/callback","scopes":7,"service":"google-gmail-service","timestamp":"2025-10-12T22:05:52.911Z"}
{"level":"info","message":"Google Gmail Service initialized","redirectUri":"http://localhost:8890/auth/google/callback","scopes":7,"service":"google-gmail-service","timestamp":"2025-10-12T22:07:32.749Z"}
{"level":"info","message":"Google Gmail Service initialized","redirectUri":"http://localhost:8890/auth/google/callback","scopes":7,"service":"google-gmail-service","timestamp":"2025-10-12T22:08:14.725Z"}
{"level":"info","message":"Google Gmail Service initialized","redirectUri":"http://localhost:8890/auth/google/callback","scopes":7,"service":"google-gmail-service","timestamp":"2025-10-12T22:08:27.694Z"}
{"level":"info","message":"Google Gmail Service initialized","redirectUri":"http://localhost:8890/auth/google/callback","scopes":7,"service":"google-gmail-service","timestamp":"2025-10-12T22:11:10.488Z"}
{"level":"info","message":"Google Gmail Service initialized","redirectUri":"http://localhost:8890/auth/google/callback","scopes":7,"service":"google-gmail-service","timestamp":"2025-10-12T22:13:26.794Z"}
{"level":"info","message":"Google Gmail Service initialized","redirectUri":"http://localhost:8890/auth/google/callback","scopes":7,"service":"google-gmail-service","timestamp":"2025-10-12T22:17:00.906Z"}
{"level":"info","message":"Google Gmail Service initialized","redirectUri":"http://localhost:8890/auth/google/callback","scopes":7,"service":"google-gmail-service","timestamp":"2025-10-12T22:17:43.717Z"}
{"level":"info","message":"Google Gmail Service initialized","redirectUri":"http://localhost:8890/auth/google/callback","scopes":7,"service":"google-gmail-service","timestamp":"2025-10-12T22:17:51.916Z"}
{"level":"info","message":"Google Gmail Service initialized","redirectUri":"http://localhost:8890/auth/google/callback","scopes":7,"service":"google-gmail-service","timestamp":"2025-10-12T22:18:48.391Z"}
{"level":"info","message":"Google Gmail Service initialized","redirectUri":"http://localhost:8890/auth/google/callback","scopes":7,"service":"google-gmail-service","timestamp":"2025-10-12T22:19:17.234Z"}
{"level":"info","message":"Google Gmail Service initialized","redirectUri":"http://localhost:8890/auth/google/callback","scopes":7,"service":"google-gmail-service","timestamp":"2025-10-12T22:19:36.708Z"}
{"level":"info","message":"Generated auth URL","scopes":7,"service":"google-gmail-service","state":null,"timestamp":"2025-10-12T22:19:49.759Z"}
{"level":"info","message":"Exchanging authorization code for tokens","service":"google-gmail-service","timestamp":"2025-10-12T22:19:54.281Z"}
{"level":"info","message":"API clients initialized","service":"google-gmail-service","timestamp":"2025-10-12T22:19:54.429Z"}
{"email":"avi@heyjarvis.ai","expiresOn":"2025-10-12T23:19:53.428Z","level":"info","message":"Successfully authenticated with Google","service":"google-gmail-service","timestamp":"2025-10-12T22:19:54.514Z"}
{"level":"info","message":"Google Gmail Service initialized","redirectUri":"http://localhost:8890/auth/google/callback","scopes":7,"service":"google-gmail-service","timestamp":"2025-10-12T22:20:51.281Z"}
{"level":"info","message":"Google Gmail Service initialized","redirectUri":"http://localhost:8890/auth/google/callback","scopes":7,"service":"google-gmail-service","timestamp":"2025-10-12T22:21:00.156Z"}
{"level":"info","message":"Google Gmail Service initialized","redirectUri":"http://localhost:8890/auth/google/callback","scopes":7,"service":"google-gmail-service","timestamp":"2025-10-12T22:21:37.947Z"}
{"level":"info","message":"Generated auth URL","scopes":7,"service":"google-gmail-service","state":null,"timestamp":"2025-10-12T22:22:07.062Z"}
{"level":"info","message":"Exchanging authorization code for tokens","service":"google-gmail-service","timestamp":"2025-10-12T22:22:23.599Z"}
{"level":"info","message":"API clients initialized","service":"google-gmail-service","timestamp":"2025-10-12T22:22:23.743Z"}
{"email":"avi@heyjarvis.ai","expiresOn":"2025-10-12T23:22:22.742Z","level":"info","message":"Successfully authenticated with Google","service":"google-gmail-service","timestamp":"2025-10-12T22:22:23.856Z"}
{"level":"info","message":"Google Gmail Service initialized","redirectUri":"http://localhost:8890/auth/google/callback","scopes":7,"service":"google-gmail-service","timestamp":"2025-10-12T22:36:04.625Z"}
{"level":"info","message":"Google Gmail Service initialized","redirectUri":"http://localhost:8890/auth/google/callback","scopes":7,"service":"google-gmail-service","timestamp":"2025-10-12T22:36:31.469Z"}
{"level":"info","message":"Google Gmail Service initialized","redirectUri":"http://localhost:8890/auth/google/callback","scopes":7,"service":"google-gmail-service","timestamp":"2025-10-12T22:38:19.482Z"}
{"level":"info","message":"Google Gmail Service initialized","redirectUri":"http://localhost:8890/auth/google/callback","scopes":7,"service":"google-gmail-service","timestamp":"2025-10-12T22:39:39.879Z"}
{"level":"info","message":"Google Gmail Service initialized","redirectUri":"http://localhost:8890/auth/google/callback","scopes":7,"service":"google-gmail-service","timestamp":"2025-10-12T22:42:13.734Z"}
{"level":"info","message":"Google Gmail Service initialized","redirectUri":"http://localhost:8890/auth/google/callback","scopes":7,"service":"google-gmail-service","timestamp":"2025-10-12T22:51:56.738Z"}
{"level":"info","message":"Google Gmail Service initialized","redirectUri":"http://localhost:8890/auth/google/callback","scopes":7,"service":"google-gmail-service","timestamp":"2025-10-12T22:53:00.593Z"}
{"level":"info","message":"Google Gmail Service initialized","redirectUri":"http://localhost:8890/auth/google/callback","scopes":7,"service":"google-gmail-service","timestamp":"2025-10-12T22:53:14.323Z"}
{"level":"info","message":"Google Gmail Service initialized","redirectUri":"http://localhost:8890/auth/google/callback","scopes":7,"service":"google-gmail-service","timestamp":"2025-10-12T22:55:39.632Z"}
{"level":"info","message":"Google Gmail Service initialized","redirectUri":"http://localhost:8890/auth/google/callback","scopes":7,"service":"google-gmail-service","timestamp":"2025-10-12T22:55:47.147Z"}
{"level":"info","message":"Google Gmail Service initialized","redirectUri":"http://localhost:8890/auth/google/callback","scopes":7,"service":"google-gmail-service","timestamp":"2025-10-12T22:56:27.714Z"}
{"level":"info","message":"Google Gmail Service initialized","redirectUri":"http://localhost:8890/auth/google/callback","scopes":7,"service":"google-gmail-service","timestamp":"2025-10-12T22:58:51.924Z"}
{"level":"info","message":"Google Gmail Service initialized","redirectUri":"http://localhost:8890/auth/google/callback","scopes":7,"service":"google-gmail-service","timestamp":"2025-10-12T23:08:23.983Z"}
{"level":"info","message":"Google Gmail Service initialized","redirectUri":"http://localhost:8890/auth/google/callback","scopes":7,"service":"google-gmail-service","timestamp":"2025-10-12T23:10:18.527Z"}
{"level":"info","message":"Google Gmail Service initialized","redirectUri":"http://localhost:8890/auth/google/callback","scopes":7,"service":"google-gmail-service","timestamp":"2025-10-12T23:24:46.346Z"}
{"level":"info","message":"Google Gmail Service initialized","redirectUri":"http://localhost:8890/auth/google/callback","scopes":7,"service":"google-gmail-service","timestamp":"2025-10-12T23:30:55.328Z"}
{"level":"info","message":"Google Gmail Service initialized","redirectUri":"http://localhost:8890/auth/google/callback","scopes":7,"service":"google-gmail-service","timestamp":"2025-10-12T23:31:33.122Z"}
{"level":"info","message":"Google Gmail Service initialized","redirectUri":"http://localhost:8890/auth/google/callback","scopes":7,"service":"google-gmail-service","timestamp":"2025-10-12T23:36:46.903Z"}
{"level":"info","message":"Google Gmail Service initialized","redirectUri":"http://localhost:8890/auth/google/callback","scopes":7,"service":"google-gmail-service","timestamp":"2025-10-12T23:41:10.147Z"}
{"level":"info","message":"Google Gmail Service initialized","redirectUri":"http://localhost:8890/auth/google/callback","scopes":7,"service":"google-gmail-service","timestamp":"2025-10-12T23:45:01.204Z"}
{"level":"info","message":"Google Gmail Service initialized","redirectUri":"http://localhost:8890/auth/google/callback","scopes":7,"service":"google-gmail-service","timestamp":"2025-10-12T23:48:44.042Z"}
{"level":"info","message":"Google Gmail Service initialized","redirectUri":"http://localhost:8890/auth/google/callback","scopes":7,"service":"google-gmail-service","timestamp":"2025-10-12T23:50:41.680Z"}
{"level":"info","message":"Google Gmail Service initialized","redirectUri":"http://localhost:8890/auth/google/callback","scopes":7,"service":"google-gmail-service","timestamp":"2025-10-12T23:51:57.011Z"}
{"level":"info","message":"Google Gmail Service initialized","redirectUri":"http://localhost:8890/auth/google/callback","scopes":7,"service":"google-gmail-service","timestamp":"2025-10-13T00:00:25.378Z"}
{"level":"info","message":"Google Gmail Service initialized","redirectUri":"http://localhost:8890/auth/google/callback","scopes":7,"service":"google-gmail-service","timestamp":"2025-10-13T01:01:14.714Z"}
{"level":"info","message":"Google Gmail Service initialized","redirectUri":"http://localhost:8890/auth/google/callback","scopes":7,"service":"google-gmail-service","timestamp":"2025-10-13T01:06:19.032Z"}
{"level":"info","message":"Google Gmail Service initialized","redirectUri":"http://localhost:8890/auth/google/callback","scopes":7,"service":"google-gmail-service","timestamp":"2025-10-13T01:09:14.045Z"}
{"level":"info","message":"Google Gmail Service initialized","redirectUri":"http://localhost:8890/auth/google/callback","scopes":7,"service":"google-gmail-service","timestamp":"2025-10-13T01:12:43.313Z"}
{"level":"info","message":"Google Gmail Service initialized","redirectUri":"http://localhost:8890/auth/google/callback","scopes":7,"service":"google-gmail-service","timestamp":"2025-10-13T01:18:54.126Z"}
{"level":"info","message":"Google Gmail Service initialized","redirectUri":"http://localhost:8890/auth/google/callback","scopes":7,"service":"google-gmail-service","timestamp":"2025-10-13T01:20:58.283Z"}
{"level":"info","message":"Generated auth URL","scopes":7,"service":"google-gmail-service","state":null,"timestamp":"2025-10-13T01:21:02.621Z"}
{"level":"info","message":"Exchanging authorization code for tokens","service":"google-gmail-service","timestamp":"2025-10-13T01:21:08.159Z"}
{"level":"info","message":"API clients initialized","service":"google-gmail-service","timestamp":"2025-10-13T01:21:08.310Z"}
{"email":"avi@heyjarvis.ai","expiresOn":"2025-10-13T02:21:07.310Z","level":"info","message":"Successfully authenticated with Google","service":"google-gmail-service","timestamp":"2025-10-13T01:21:08.403Z"}
{"level":"info","message":"Google Gmail Service initialized","redirectUri":"http://localhost:8890/auth/google/callback","scopes":7,"service":"google-gmail-service","timestamp":"2025-10-13T01:34:59.522Z"}
{"level":"info","message":"Google Gmail Service initialized","redirectUri":"http://localhost:8890/auth/google/callback","scopes":7,"service":"google-gmail-service","timestamp":"2025-10-13T19:22:47.803Z"}
{"level":"info","message":"Google Gmail Service initialized","redirectUri":"http://localhost:8890/auth/google/callback","scopes":7,"service":"google-gmail-service","timestamp":"2025-10-13T19:46:50.025Z"}
{"level":"info","message":"Google Gmail Service initialized","redirectUri":"http://localhost:8890/auth/google/callback","scopes":7,"service":"google-gmail-service","timestamp":"2025-10-13T22:23:40.348Z"}
{"level":"info","message":"Google Gmail Service initialized","redirectUri":"http://localhost:8890/auth/google/callback","scopes":7,"service":"google-gmail-service","timestamp":"2025-10-13T22:36:00.567Z"}
{"level":"info","message":"Google Gmail Service initialized","redirectUri":"http://localhost:8890/auth/google/callback","scopes":7,"service":"google-gmail-service","timestamp":"2025-10-13T22:47:38.854Z"}
{"level":"info","message":"Google Gmail Service initialized","redirectUri":"http://localhost:8890/auth/google/callback","scopes":7,"service":"google-gmail-service","timestamp":"2025-10-13T23:16:48.259Z"}
{"level":"info","message":"Google Gmail Service initialized","redirectUri":"http://localhost:8890/auth/google/callback","scopes":7,"service":"google-gmail-service","timestamp":"2025-10-14T01:15:47.076Z"}
{"level":"info","message":"Google Gmail Service initialized","redirectUri":"http://localhost:8890/auth/google/callback","scopes":7,"service":"google-gmail-service","timestamp":"2025-10-14T01:16:02.851Z"}
{"level":"info","message":"Google Gmail Service initialized","redirectUri":"http://localhost:8890/auth/google/callback","scopes":7,"service":"google-gmail-service","timestamp":"2025-10-14T01:16:13.617Z"}
{"level":"info","message":"Google Gmail Service initialized","redirectUri":"http://localhost:8890/auth/google/callback","scopes":7,"service":"google-gmail-service","timestamp":"2025-10-14T01:20:06.711Z"}
{"level":"info","message":"Google Gmail Service initialized","redirectUri":"http://localhost:8890/auth/google/callback","scopes":7,"service":"google-gmail-service","timestamp":"2025-10-14T01:21:00.197Z"}
{"level":"info","message":"Google Gmail Service initialized","redirectUri":"http://localhost:8890/auth/google/callback","scopes":7,"service":"google-gmail-service","timestamp":"2025-10-14T01:21:21.265Z"}
{"level":"info","message":"Google Gmail Service initialized","redirectUri":"http://localhost:8890/auth/google/callback","scopes":7,"service":"google-gmail-service","timestamp":"2025-10-14T01:26:12.744Z"}
{"level":"info","message":"Google Gmail Service initialized","redirectUri":"http://localhost:8890/auth/google/callback","scopes":7,"service":"google-gmail-service","timestamp":"2025-10-14T01:27:00.660Z"}
{"level":"info","message":"Google Gmail Service initialized","redirectUri":"http://localhost:8890/auth/google/callback","scopes":7,"service":"google-gmail-service","timestamp":"2025-10-14T01:28:02.282Z"}
{"level":"info","message":"Google Gmail Service initialized","redirectUri":"http://localhost:8890/auth/google/callback","scopes":7,"service":"google-gmail-service","timestamp":"2025-10-14T01:31:00.495Z"}
{"level":"info","message":"Google Gmail Service initialized","redirectUri":"http://localhost:8890/auth/google/callback","scopes":7,"service":"google-gmail-service","timestamp":"2025-10-14T01:31:33.982Z"}
{"level":"info","message":"Google Gmail Service initialized","redirectUri":"http://localhost:8890/auth/google/callback","scopes":7,"service":"google-gmail-service","timestamp":"2025-10-14T01:32:07.911Z"}
{"level":"info","message":"Google Gmail Service initialized","redirectUri":"http://localhost:8890/auth/google/callback","scopes":7,"service":"google-gmail-service","timestamp":"2025-10-14T01:32:59.885Z"}
{"level":"info","message":"Google Gmail Service initialized","redirectUri":"http://localhost:8890/auth/google/callback","scopes":7,"service":"google-gmail-service","timestamp":"2025-10-14T01:33:20.277Z"}
{"level":"info","message":"Google Gmail Service initialized","redirectUri":"http://localhost:8890/auth/google/callback","scopes":7,"service":"google-gmail-service","timestamp":"2025-10-14T01:36:12.951Z"}
{"level":"info","message":"Google Gmail Service initialized","redirectUri":"http://localhost:8890/auth/google/callback","scopes":7,"service":"google-gmail-service","timestamp":"2025-10-14T01:36:50.937Z"}
{"level":"info","message":"Google Gmail Service initialized","redirectUri":"http://localhost:8890/auth/google/callback","scopes":7,"service":"google-gmail-service","timestamp":"2025-10-14T01:37:40.544Z"}
{"level":"info","message":"Google Gmail Service initialized","redirectUri":"http://localhost:8890/auth/google/callback","scopes":7,"service":"google-gmail-service","timestamp":"2025-10-14T01:39:48.122Z"}
{"level":"info","message":"Google Gmail Service initialized","redirectUri":"http://localhost:8890/auth/google/callback","scopes":7,"service":"google-gmail-service","timestamp":"2025-10-14T01:40:18.603Z"}
{"level":"info","message":"Google Gmail Service initialized","redirectUri":"http://localhost:8890/auth/google/callback","scopes":7,"service":"google-gmail-service","timestamp":"2025-10-14T01:41:21.119Z"}
{"level":"info","message":"Google Gmail Service initialized","redirectUri":"http://localhost:8890/auth/google/callback","scopes":7,"service":"google-gmail-service","timestamp":"2025-10-14T01:41:33.244Z"}
{"level":"info","message":"Google Gmail Service initialized","redirectUri":"http://localhost:8890/auth/google/callback","scopes":7,"service":"google-gmail-service","timestamp":"2025-10-14T01:44:02.398Z"}
{"level":"info","message":"Google Gmail Service initialized","redirectUri":"http://localhost:8890/auth/google/callback","scopes":7,"service":"google-gmail-service","timestamp":"2025-10-14T01:45:52.500Z"}
{"level":"info","message":"Google Gmail Service initialized","redirectUri":"http://localhost:8890/auth/google/callback","scopes":7,"service":"google-gmail-service","timestamp":"2025-10-14T01:46:58.519Z"}
{"level":"info","message":"Google Gmail Service initialized","redirectUri":"http://localhost:8890/auth/google/callback","scopes":7,"service":"google-gmail-service","timestamp":"2025-10-14T01:47:26.375Z"}
{"level":"info","message":"Google Gmail Service initialized","redirectUri":"http://localhost:8890/auth/google/callback","scopes":7,"service":"google-gmail-service","timestamp":"2025-10-14T01:48:20.665Z"}
{"level":"info","message":"Google Gmail Service initialized","redirectUri":"http://localhost:8890/auth/google/callback","scopes":7,"service":"google-gmail-service","timestamp":"2025-10-14T01:48:31.531Z"}
{"level":"info","message":"Google Gmail Service initialized","redirectUri":"http://localhost:8890/auth/google/callback","scopes":7,"service":"google-gmail-service","timestamp":"2025-10-14T01:50:00.307Z"}
{"level":"info","message":"Google Gmail Service initialized","redirectUri":"http://localhost:8890/auth/google/callback","scopes":7,"service":"google-gmail-service","timestamp":"2025-10-14T01:51:06.981Z"}
{"level":"info","message":"Google Gmail Service initialized","redirectUri":"http://localhost:8890/auth/google/callback","scopes":7,"service":"google-gmail-service","timestamp":"2025-10-14T01:53:08.055Z"}
{"level":"info","message":"Google Gmail Service initialized","redirectUri":"http://localhost:8890/auth/google/callback","scopes":7,"service":"google-gmail-service","timestamp":"2025-10-14T01:53:47.675Z"}
{"level":"info","message":"Google Gmail Service initialized","redirectUri":"http://localhost:8890/auth/google/callback","scopes":7,"service":"google-gmail-service","timestamp":"2025-10-14T01:54:10.717Z"}
{"level":"info","message":"Google Gmail Service initialized","redirectUri":"http://localhost:8890/auth/google/callback","scopes":7,"service":"google-gmail-service","timestamp":"2025-10-14T01:56:35.264Z"}
{"level":"info","message":"Google Gmail Service initialized","redirectUri":"http://localhost:8890/auth/google/callback","scopes":7,"service":"google-gmail-service","timestamp":"2025-10-14T01:58:39.728Z"}
{"level":"info","message":"Google Gmail Service initialized","redirectUri":"http://localhost:8890/auth/google/callback","scopes":7,"service":"google-gmail-service","timestamp":"2025-10-14T02:00:43.391Z"}
{"level":"info","message":"Google Gmail Service initialized","redirectUri":"http://localhost:8890/auth/google/callback","scopes":7,"service":"google-gmail-service","timestamp":"2025-10-14T02:01:26.085Z"}
{"level":"info","message":"Google Gmail Service initialized","redirectUri":"http://localhost:8890/auth/google/callback","scopes":7,"service":"google-gmail-service","timestamp":"2025-10-14T02:02:07.090Z"}
{"level":"info","message":"Google Gmail Service initialized","redirectUri":"http://localhost:8890/auth/google/callback","scopes":7,"service":"google-gmail-service","timestamp":"2025-10-14T02:03:16.095Z"}
{"level":"info","message":"Google Gmail Service initialized","redirectUri":"http://localhost:8890/auth/google/callback","scopes":7,"service":"google-gmail-service","timestamp":"2025-10-14T02:03:38.767Z"}
{"level":"info","message":"Google Gmail Service initialized","redirectUri":"http://localhost:8890/auth/google/callback","scopes":7,"service":"google-gmail-service","timestamp":"2025-10-14T02:03:46.194Z"}
{"level":"info","message":"Google Gmail Service initialized","redirectUri":"http://localhost:8890/auth/google/callback","scopes":7,"service":"google-gmail-service","timestamp":"2025-10-14T02:03:55.357Z"}
{"level":"info","message":"Google Gmail Service initialized","redirectUri":"http://localhost:8890/auth/google/callback","scopes":7,"service":"google-gmail-service","timestamp":"2025-10-14T02:04:56.652Z"}
{"level":"info","message":"Google Gmail Service initialized","redirectUri":"http://localhost:8890/auth/google/callback","scopes":7,"service":"google-gmail-service","timestamp":"2025-10-14T02:07:16.274Z"}
{"level":"info","message":"Google Gmail Service initialized","redirectUri":"http://localhost:8890/auth/google/callback","scopes":7,"service":"google-gmail-service","timestamp":"2025-10-14T02:07:31.405Z"}
{"level":"info","message":"Google Gmail Service initialized","redirectUri":"http://localhost:8890/auth/google/callback","scopes":7,"service":"google-gmail-service","timestamp":"2025-10-14T02:07:49.639Z"}
{"level":"info","message":"Google Gmail Service initialized","redirectUri":"http://localhost:8890/auth/google/callback","scopes":7,"service":"google-gmail-service","timestamp":"2025-10-14T02:08:57.666Z"}
{"level":"info","message":"Google Gmail Service initialized","redirectUri":"http://localhost:8890/auth/google/callback","scopes":7,"service":"google-gmail-service","timestamp":"2025-10-14T02:09:58.127Z"}
{"level":"info","message":"Google Gmail Service initialized","redirectUri":"http://localhost:8890/auth/google/callback","scopes":7,"service":"google-gmail-service","timestamp":"2025-10-14T02:10:42.222Z"}
{"level":"info","message":"Google Gmail Service initialized","redirectUri":"http://localhost:8890/auth/google/callback","scopes":7,"service":"google-gmail-service","timestamp":"2025-10-14T02:10:54.088Z"}
{"level":"info","message":"Google Gmail Service initialized","redirectUri":"http://localhost:8890/auth/google/callback","scopes":7,"service":"google-gmail-service","timestamp":"2025-10-14T02:11:37.864Z"}
{"level":"info","message":"Google Gmail Service initialized","redirectUri":"http://localhost:8890/auth/google/callback","scopes":7,"service":"google-gmail-service","timestamp":"2025-10-14T02:12:52.148Z"}
{"level":"info","message":"Google Gmail Service initialized","redirectUri":"http://localhost:8890/auth/google/callback","scopes":7,"service":"google-gmail-service","timestamp":"2025-10-14T02:13:14.222Z"}
{"level":"info","message":"Google Gmail Service initialized","redirectUri":"http://localhost:8890/auth/google/callback","scopes":7,"service":"google-gmail-service","timestamp":"2025-10-14T02:13:25.744Z"}
{"level":"info","message":"Google Gmail Service initialized","redirectUri":"http://localhost:8890/auth/google/callback","scopes":7,"service":"google-gmail-service","timestamp":"2025-10-14T02:13:32.857Z"}
{"level":"info","message":"Google Gmail Service initialized","redirectUri":"http://localhost:8890/auth/google/callback","scopes":7,"service":"google-gmail-service","timestamp":"2025-10-14T02:13:51.009Z"}
{"level":"info","message":"Google Gmail Service initialized","redirectUri":"http://localhost:8890/auth/google/callback","scopes":7,"service":"google-gmail-service","timestamp":"2025-10-14T02:14:15.416Z"}
{"level":"info","message":"Google Gmail Service initialized","redirectUri":"http://localhost:8890/auth/google/callback","scopes":7,"service":"google-gmail-service","timestamp":"2025-10-14T02:15:30.078Z"}
{"level":"info","message":"Google Gmail Service initialized","redirectUri":"http://localhost:8890/auth/google/callback","scopes":7,"service":"google-gmail-service","timestamp":"2025-10-14T02:15:44.076Z"}
{"level":"info","message":"Google Gmail Service initialized","redirectUri":"http://localhost:8890/auth/google/callback","scopes":7,"service":"google-gmail-service","timestamp":"2025-10-14T02:15:57.446Z"}
{"level":"info","message":"Google Gmail Service initialized","redirectUri":"http://localhost:8890/auth/google/callback","scopes":7,"service":"google-gmail-service","timestamp":"2025-10-14T02:16:19.603Z"}
{"level":"info","message":"Google Gmail Service initialized","redirectUri":"http://localhost:8890/auth/google/callback","scopes":7,"service":"google-gmail-service","timestamp":"2025-10-14T02:16:46.536Z"}
{"level":"info","message":"Google Gmail Service initialized","redirectUri":"http://localhost:8890/auth/google/callback","scopes":7,"service":"google-gmail-service","timestamp":"2025-10-14T02:17:24.822Z"}
{"level":"info","message":"Google Gmail Service initialized","redirectUri":"http://localhost:8890/auth/google/callback","scopes":7,"service":"google-gmail-service","timestamp":"2025-10-14T02:19:33.965Z"}
{"level":"info","message":"Google Gmail Service initialized","redirectUri":"http://localhost:8890/auth/google/callback","scopes":7,"service":"google-gmail-service","timestamp":"2025-10-14T02:22:17.882Z"}
{"level":"info","message":"Google Gmail Service initialized","redirectUri":"http://localhost:8890/auth/google/callback","scopes":7,"service":"google-gmail-service","timestamp":"2025-10-14T02:24:19.020Z"}
{"level":"info","message":"Google Gmail Service initialized","redirectUri":"http://localhost:8890/auth/google/callback","scopes":7,"service":"google-gmail-service","timestamp":"2025-10-14T02:25:48.749Z"}
{"level":"info","message":"Google Gmail Service initialized","redirectUri":"http://localhost:8890/auth/google/callback","scopes":7,"service":"google-gmail-service","timestamp":"2025-10-14T02:28:21.349Z"}
{"level":"info","message":"Google Gmail Service initialized","redirectUri":"http://localhost:8890/auth/google/callback","scopes":7,"service":"google-gmail-service","timestamp":"2025-10-14T02:30:32.767Z"}
{"level":"info","message":"Google Gmail Service initialized","redirectUri":"http://localhost:8890/auth/google/callback","scopes":7,"service":"google-gmail-service","timestamp":"2025-10-14T02:30:46.173Z"}
{"level":"info","message":"Google Gmail Service initialized","redirectUri":"http://localhost:8890/auth/google/callback","scopes":7,"service":"google-gmail-service","timestamp":"2025-10-14T02:31:33.664Z"}
{"level":"info","message":"Google Gmail Service initialized","redirectUri":"http://localhost:8890/auth/google/callback","scopes":7,"service":"google-gmail-service","timestamp":"2025-10-14T02:32:13.472Z"}
{"level":"info","message":"Google Gmail Service initialized","redirectUri":"http://localhost:8890/auth/google/callback","scopes":7,"service":"google-gmail-service","timestamp":"2025-10-14T02:32:38.140Z"}
{"level":"info","message":"Google Gmail Service initialized","redirectUri":"http://localhost:8890/auth/google/callback","scopes":7,"service":"google-gmail-service","timestamp":"2025-10-14T02:32:44.587Z"}
{"level":"info","message":"Google Gmail Service initialized","redirectUri":"http://localhost:8890/auth/google/callback","scopes":7,"service":"google-gmail-service","timestamp":"2025-10-14T02:33:39.594Z"}
{"level":"info","message":"Google Gmail Service initialized","redirectUri":"http://localhost:8890/auth/google/callback","scopes":7,"service":"google-gmail-service","timestamp":"2025-10-14T02:33:50.475Z"}
{"level":"info","message":"Google Gmail Service initialized","redirectUri":"http://localhost:8890/auth/google/callback","scopes":7,"service":"google-gmail-service","timestamp":"2025-10-14T02:33:58.334Z"}
{"level":"info","message":"Google Gmail Service initialized","redirectUri":"http://localhost:8890/auth/google/callback","scopes":7,"service":"google-gmail-service","timestamp":"2025-10-14T02:34:51.081Z"}
{"level":"info","message":"Google Gmail Service initialized","redirectUri":"http://localhost:8890/auth/google/callback","scopes":7,"service":"google-gmail-service","timestamp":"2025-10-14T02:38:43.046Z"}
{"level":"info","message":"Google Gmail Service initialized","redirectUri":"http://localhost:8890/auth/google/callback","scopes":7,"service":"google-gmail-service","timestamp":"2025-10-14T02:40:43.561Z"}
{"level":"info","message":"Google Gmail Service initialized","redirectUri":"http://localhost:8890/auth/google/callback","scopes":7,"service":"google-gmail-service","timestamp":"2025-10-14T02:40:53.156Z"}
{"level":"info","message":"Google Gmail Service initialized","redirectUri":"http://localhost:8890/auth/google/callback","scopes":7,"service":"google-gmail-service","timestamp":"2025-10-14T02:41:41.395Z"}
{"level":"info","message":"Google Gmail Service initialized","redirectUri":"http://localhost:8890/auth/google/callback","scopes":7,"service":"google-gmail-service","timestamp":"2025-10-14T02:42:17.305Z"}
{"level":"info","message":"Google Gmail Service initialized","redirectUri":"http://localhost:8890/auth/google/callback","scopes":7,"service":"google-gmail-service","timestamp":"2025-10-14T02:42:30.240Z"}
{"level":"info","message":"Google Gmail Service initialized","redirectUri":"http://localhost:8890/auth/google/callback","scopes":7,"service":"google-gmail-service","timestamp":"2025-10-14T02:42:46.558Z"}
{"level":"info","message":"Google Gmail Service initialized","redirectUri":"http://localhost:8890/auth/google/callback","scopes":7,"service":"google-gmail-service","timestamp":"2025-10-14T02:42:59.508Z"}
{"level":"info","message":"Google Gmail Service initialized","redirectUri":"http://localhost:8890/auth/google/callback","scopes":7,"service":"google-gmail-service","timestamp":"2025-10-14T02:44:59.068Z"}
{"level":"info","message":"Google Gmail Service initialized","redirectUri":"http://localhost:8890/auth/google/callback","scopes":7,"service":"google-gmail-service","timestamp":"2025-10-14T02:46:16.860Z"}
{"level":"info","message":"Google Gmail Service initialized","redirectUri":"http://localhost:8890/auth/google/callback","scopes":7,"service":"google-gmail-service","timestamp":"2025-10-14T02:48:47.083Z"}
{"level":"info","message":"Google Gmail Service initialized","redirectUri":"http://localhost:8890/auth/google/callback","scopes":7,"service":"google-gmail-service","timestamp":"2025-10-14T02:50:00.417Z"}
{"level":"info","message":"Google Gmail Service initialized","redirectUri":"http://localhost:8890/auth/google/callback","scopes":7,"service":"google-gmail-service","timestamp":"2025-10-14T02:50:43.699Z"}
{"level":"info","message":"Google Gmail Service initialized","redirectUri":"http://localhost:8890/auth/google/callback","scopes":7,"service":"google-gmail-service","timestamp":"2025-10-14T02:52:49.512Z"}
{"level":"info","message":"Google Gmail Service initialized","redirectUri":"http://localhost:8890/auth/google/callback","scopes":7,"service":"google-gmail-service","timestamp":"2025-10-14T02:59:30.375Z"}
{"level":"info","message":"Google Gmail Service initialized","redirectUri":"http://localhost:8890/auth/google/callback","scopes":7,"service":"google-gmail-service","timestamp":"2025-10-14T03:00:43.517Z"}
{"level":"info","message":"Google Gmail Service initialized","redirectUri":"http://localhost:8890/auth/google/callback","scopes":7,"service":"google-gmail-service","timestamp":"2025-10-14T03:01:24.233Z"}
{"level":"info","message":"Google Gmail Service initialized","redirectUri":"http://localhost:8890/auth/google/callback","scopes":7,"service":"google-gmail-service","timestamp":"2025-10-14T03:03:05.622Z"}
{"level":"info","message":"Google Gmail Service initialized","redirectUri":"http://localhost:8890/auth/google/callback","scopes":7,"service":"google-gmail-service","timestamp":"2025-10-14T03:03:22.763Z"}
{"level":"info","message":"Google Gmail Service initialized","redirectUri":"http://localhost:8890/auth/google/callback","scopes":7,"service":"google-gmail-service","timestamp":"2025-10-14T03:05:09.683Z"}
{"level":"info","message":"Google Gmail Service initialized","redirectUri":"http://localhost:8890/auth/google/callback","scopes":7,"service":"google-gmail-service","timestamp":"2025-10-14T03:05:15.446Z"}
{"level":"info","message":"Google Gmail Service initialized","redirectUri":"http://localhost:8890/auth/google/callback","scopes":7,"service":"google-gmail-service","timestamp":"2025-10-14T03:05:54.734Z"}
{"level":"info","message":"Google Gmail Service initialized","redirectUri":"http://localhost:8890/auth/google/callback","scopes":7,"service":"google-gmail-service","timestamp":"2025-10-14T03:07:21.226Z"}
{"level":"info","message":"Google Gmail Service initialized","redirectUri":"http://localhost:8890/auth/google/callback","scopes":7,"service":"google-gmail-service","timestamp":"2025-10-14T03:08:05.501Z"}
{"level":"info","message":"Google Gmail Service initialized","redirectUri":"http://localhost:8890/auth/google/callback","scopes":7,"service":"google-gmail-service","timestamp":"2025-10-14T03:08:25.635Z"}
{"level":"info","message":"Google Gmail Service initialized","redirectUri":"http://localhost:8890/auth/google/callback","scopes":7,"service":"google-gmail-service","timestamp":"2025-10-14T03:09:14.970Z"}
{"level":"info","message":"Google Gmail Service initialized","redirectUri":"http://localhost:8890/auth/google/callback","scopes":7,"service":"google-gmail-service","timestamp":"2025-10-14T03:10:06.286Z"}
{"level":"info","message":"Google Gmail Service initialized","redirectUri":"http://localhost:8890/auth/google/callback","scopes":7,"service":"google-gmail-service","timestamp":"2025-10-14T03:11:16.427Z"}
{"level":"info","message":"Google Gmail Service initialized","redirectUri":"http://localhost:8890/auth/google/callback","scopes":7,"service":"google-gmail-service","timestamp":"2025-10-14T03:11:20.521Z"}
{"level":"info","message":"Google Gmail Service initialized","redirectUri":"http://localhost:8890/auth/google/callback","scopes":7,"service":"google-gmail-service","timestamp":"2025-10-14T03:38:17.377Z"}
{"level":"info","message":"Google Gmail Service initialized","redirectUri":"http://localhost:8890/auth/google/callback","scopes":7,"service":"google-gmail-service","timestamp":"2025-10-14T03:41:14.638Z"}
{"level":"info","message":"Google Gmail Service initialized","redirectUri":"http://localhost:8890/auth/google/callback","scopes":7,"service":"google-gmail-service","timestamp":"2025-10-14T03:47:41.525Z"}
{"level":"info","message":"Google Gmail Service initialized","redirectUri":"http://localhost:8890/auth/google/callback","scopes":7,"service":"google-gmail-service","timestamp":"2025-10-14T03:51:06.443Z"}
{"level":"info","message":"Google Gmail Service initialized","redirectUri":"http://localhost:8890/auth/google/callback","scopes":7,"service":"google-gmail-service","timestamp":"2025-10-14T16:29:45.054Z"}
{"level":"info","message":"Google Gmail Service initialized","redirectUri":"http://localhost:8890/auth/google/callback","scopes":7,"service":"google-gmail-service","timestamp":"2025-10-14T16:32:59.100Z"}
{"level":"info","message":"Google Gmail Service initialized","redirectUri":"http://localhost:8890/auth/google/callback","scopes":7,"service":"google-gmail-service","timestamp":"2025-10-14T16:35:06.665Z"}
{"level":"info","message":"Google Gmail Service initialized","redirectUri":"http://localhost:8890/auth/google/callback","scopes":7,"service":"google-gmail-service","timestamp":"2025-10-14T16:35:18.869Z"}
{"level":"info","message":"Google Gmail Service initialized","redirectUri":"http://localhost:8890/auth/google/callback","scopes":7,"service":"google-gmail-service","timestamp":"2025-10-14T16:37:38.373Z"}
{"level":"info","message":"Google Gmail Service initialized","redirectUri":"http://localhost:8890/auth/google/callback","scopes":7,"service":"google-gmail-service","timestamp":"2025-10-14T16:39:53.707Z"}
{"level":"info","message":"Google Gmail Service initialized","redirectUri":"http://localhost:8890/auth/google/callback","scopes":7,"service":"google-gmail-service","timestamp":"2025-10-14T16:40:21.528Z"}
{"level":"info","message":"Google Gmail Service initialized","redirectUri":"http://localhost:8890/auth/google/callback","scopes":7,"service":"google-gmail-service","timestamp":"2025-10-14T16:42:00.403Z"}
{"level":"info","message":"Google Gmail Service initialized","redirectUri":"http://localhost:8890/auth/google/callback","scopes":7,"service":"google-gmail-service","timestamp":"2025-10-14T16:42:21.518Z"}
{"level":"info","message":"Google Gmail Service initialized","redirectUri":"http://localhost:8890/auth/google/callback","scopes":7,"service":"google-gmail-service","timestamp":"2025-10-14T16:45:44.663Z"}
{"level":"info","message":"Google Gmail Service initialized","redirectUri":"http://localhost:8890/auth/google/callback","scopes":7,"service":"google-gmail-service","timestamp":"2025-10-14T16:55:01.785Z"}
{"level":"info","message":"Google Gmail Service initialized","redirectUri":"http://localhost:8890/auth/google/callback","scopes":7,"service":"google-gmail-service","timestamp":"2025-10-14T16:58:52.822Z"}
{"level":"info","message":"Google Gmail Service initialized","redirectUri":"http://localhost:8890/auth/google/callback","scopes":7,"service":"google-gmail-service","timestamp":"2025-10-14T16:59:16.059Z"}
{"level":"info","message":"Google Gmail Service initialized","redirectUri":"http://localhost:8890/auth/google/callback","scopes":7,"service":"google-gmail-service","timestamp":"2025-10-14T17:00:43.273Z"}
{"level":"info","message":"Google Gmail Service initialized","redirectUri":"http://localhost:8890/auth/google/callback","scopes":7,"service":"google-gmail-service","timestamp":"2025-10-14T17:00:48.081Z"}
{"level":"info","message":"Google Gmail Service initialized","redirectUri":"http://localhost:8890/auth/google/callback","scopes":7,"service":"google-gmail-service","timestamp":"2025-10-14T17:02:23.255Z"}
{"level":"info","message":"Google Gmail Service initialized","redirectUri":"http://localhost:8890/auth/google/callback","scopes":7,"service":"google-gmail-service","timestamp":"2025-10-14T17:02:43.249Z"}
{"level":"info","message":"Google Gmail Service initialized","redirectUri":"http://localhost:8890/auth/google/callback","scopes":7,"service":"google-gmail-service","timestamp":"2025-10-14T17:02:56.327Z"}
{"level":"info","message":"Google Gmail Service initialized","redirectUri":"http://localhost:8890/auth/google/callback","scopes":7,"service":"google-gmail-service","timestamp":"2025-10-14T17:06:06.081Z"}
{"level":"info","message":"Google Gmail Service initialized","redirectUri":"http://localhost:8890/auth/google/callback","scopes":7,"service":"google-gmail-service","timestamp":"2025-10-14T17:06:25.661Z"}
{"level":"info","message":"Google Gmail Service initialized","redirectUri":"http://localhost:8890/auth/google/callback","scopes":7,"service":"google-gmail-service","timestamp":"2025-10-14T17:06:50.571Z"}
{"level":"info","message":"Google Gmail Service initialized","redirectUri":"http://localhost:8890/auth/google/callback","scopes":7,"service":"google-gmail-service","timestamp":"2025-10-14T17:06:51.928Z"}
{"level":"info","message":"Google Gmail Service initialized","redirectUri":"http://localhost:8890/auth/google/callback","scopes":7,"service":"google-gmail-service","timestamp":"2025-10-14T17:09:00.682Z"}
{"level":"info","message":"Google Gmail Service initialized","redirectUri":"http://localhost:8890/auth/google/callback","scopes":7,"service":"google-gmail-service","timestamp":"2025-10-14T17:10:54.317Z"}
{"level":"info","message":"Google Gmail Service initialized","redirectUri":"http://localhost:8890/auth/google/callback","scopes":7,"service":"google-gmail-service","timestamp":"2025-10-14T17:13:40.078Z"}
{"level":"info","message":"Google Gmail Service initialized","redirectUri":"http://localhost:8890/auth/google/callback","scopes":7,"service":"google-gmail-service","timestamp":"2025-10-14T17:14:39.529Z"}
{"level":"info","message":"Google Gmail Service initialized","redirectUri":"http://localhost:8890/auth/google/callback","scopes":7,"service":"google-gmail-service","timestamp":"2025-10-14T17:16:05.553Z"}
{"level":"info","message":"Google Gmail Service initialized","redirectUri":"http://localhost:8890/auth/google/callback","scopes":7,"service":"google-gmail-service","timestamp":"2025-10-14T17:18:00.978Z"}
{"level":"info","message":"Google Gmail Service initialized","redirectUri":"http://localhost:8890/auth/google/callback","scopes":7,"service":"google-gmail-service","timestamp":"2025-10-14T17:20:47.197Z"}
{"level":"info","message":"Google Gmail Service initialized","redirectUri":"http://localhost:8890/auth/google/callback","scopes":7,"service":"google-gmail-service","timestamp":"2025-10-14T17:25:27.268Z"}
{"level":"info","message":"Google Gmail Service initialized","redirectUri":"http://localhost:8890/auth/google/callback","scopes":7,"service":"google-gmail-service","timestamp":"2025-10-14T17:27:48.989Z"}
{"level":"info","message":"Google Gmail Service initialized","redirectUri":"http://localhost:8890/auth/google/callback","scopes":7,"service":"google-gmail-service","timestamp":"2025-10-14T17:29:21.724Z"}
{"level":"info","message":"Google Gmail Service initialized","redirectUri":"http://localhost:8890/auth/google/callback","scopes":7,"service":"google-gmail-service","timestamp":"2025-10-14T17:31:10.522Z"}
{"level":"info","message":"Google Gmail Service initialized","redirectUri":"http://localhost:8890/auth/google/callback","scopes":7,"service":"google-gmail-service","timestamp":"2025-10-14T17:31:40.084Z"}
{"level":"info","message":"Google Gmail Service initialized","redirectUri":"http://localhost:8890/auth/google/callback","scopes":7,"service":"google-gmail-service","timestamp":"2025-10-14T17:35:54.391Z"}
{"level":"info","message":"Google Gmail Service initialized","redirectUri":"http://localhost:8890/auth/google/callback","scopes":7,"service":"google-gmail-service","timestamp":"2025-10-14T17:36:06.726Z"}
{"level":"info","message":"Google Gmail Service initialized","redirectUri":"http://localhost:8890/auth/google/callback","scopes":7,"service":"google-gmail-service","timestamp":"2025-10-14T17:36:36.720Z"}
{"level":"info","message":"Google Gmail Service initialized","redirectUri":"http://localhost:8890/auth/google/callback","scopes":7,"service":"google-gmail-service","timestamp":"2025-10-14T17:36:55.883Z"}
{"level":"info","message":"Google Gmail Service initialized","redirectUri":"http://localhost:8890/auth/google/callback","scopes":7,"service":"google-gmail-service","timestamp":"2025-10-14T17:38:33.828Z"}
{"level":"info","message":"Google Gmail Service initialized","redirectUri":"http://localhost:8890/auth/google/callback","scopes":7,"service":"google-gmail-service","timestamp":"2025-10-14T17:40:27.759Z"}
{"level":"info","message":"Google Gmail Service initialized","redirectUri":"http://localhost:8890/auth/google/callback","scopes":7,"service":"google-gmail-service","timestamp":"2025-10-14T17:41:31.824Z"}
{"level":"info","message":"Google Gmail Service initialized","redirectUri":"http://localhost:8890/auth/google/callback","scopes":7,"service":"google-gmail-service","timestamp":"2025-10-14T17:41:42.936Z"}
{"level":"info","message":"Google Gmail Service initialized","redirectUri":"http://localhost:8890/auth/google/callback","scopes":7,"service":"google-gmail-service","timestamp":"2025-10-14T17:41:58.778Z"}
{"level":"info","message":"Google Gmail Service initialized","redirectUri":"http://localhost:8890/auth/google/callback","scopes":7,"service":"google-gmail-service","timestamp":"2025-10-14T17:43:18.913Z"}
{"level":"info","message":"Google Gmail Service initialized","redirectUri":"http://localhost:8890/auth/google/callback","scopes":7,"service":"google-gmail-service","timestamp":"2025-10-14T17:45:54.116Z"}
{"level":"info","message":"Google Gmail Service initialized","redirectUri":"http://localhost:8890/auth/google/callback","scopes":7,"service":"google-gmail-service","timestamp":"2025-10-14T17:46:09.898Z"}
{"level":"info","message":"Google Gmail Service initialized","redirectUri":"http://localhost:8890/auth/google/callback","scopes":7,"service":"google-gmail-service","timestamp":"2025-10-14T17:46:39.971Z"}
{"level":"info","message":"Google Gmail Service initialized","redirectUri":"http://localhost:8890/auth/google/callback","scopes":7,"service":"google-gmail-service","timestamp":"2025-10-14T17:48:12.088Z"}
{"level":"info","message":"Google Gmail Service initialized","redirectUri":"http://localhost:8890/auth/google/callback","scopes":7,"service":"google-gmail-service","timestamp":"2025-10-14T17:48:13.054Z"}
{"level":"info","message":"Google Gmail Service initialized","redirectUri":"http://localhost:8890/auth/google/callback","scopes":7,"service":"google-gmail-service","timestamp":"2025-10-14T17:49:49.626Z"}
{"level":"info","message":"Google Gmail Service initialized","redirectUri":"http://localhost:8890/auth/google/callback","scopes":7,"service":"google-gmail-service","timestamp":"2025-10-14T17:50:08.030Z"}
{"level":"info","message":"Google Gmail Service initialized","redirectUri":"http://localhost:8890/auth/google/callback","scopes":7,"service":"google-gmail-service","timestamp":"2025-10-14T17:50:19.232Z"}
{"level":"info","message":"Google Gmail Service initialized","redirectUri":"http://localhost:8890/auth/google/callback","scopes":7,"service":"google-gmail-service","timestamp":"2025-10-14T17:52:29.112Z"}
{"level":"info","message":"Google Gmail Service initialized","redirectUri":"http://localhost:8890/auth/google/callback","scopes":7,"service":"google-gmail-service","timestamp":"2025-10-14T17:53:03.388Z"}
{"level":"info","message":"Google Gmail Service initialized","redirectUri":"http://localhost:8890/auth/google/callback","scopes":7,"service":"google-gmail-service","timestamp":"2025-10-14T17:54:05.369Z"}
{"level":"info","message":"Google Gmail Service initialized","redirectUri":"http://localhost:8890/auth/google/callback","scopes":7,"service":"google-gmail-service","timestamp":"2025-10-14T17:54:32.855Z"}
{"level":"info","message":"Google Gmail Service initialized","redirectUri":"http://localhost:8890/auth/google/callback","scopes":7,"service":"google-gmail-service","timestamp":"2025-10-14T17:54:43.810Z"}
{"level":"info","message":"Google Gmail Service initialized","redirectUri":"http://localhost:8890/auth/google/callback","scopes":7,"service":"google-gmail-service","timestamp":"2025-10-14T17:55:51.109Z"}
{"level":"info","message":"Google Gmail Service initialized","redirectUri":"http://localhost:8890/auth/google/callback","scopes":7,"service":"google-gmail-service","timestamp":"2025-10-14T17:57:26.556Z"}
{"level":"info","message":"Google Gmail Service initialized","redirectUri":"http://localhost:8890/auth/google/callback","scopes":7,"service":"google-gmail-service","timestamp":"2025-10-14T19:01:02.294Z"}
