{"level":"info","message":"OAuth server started","port":8890,"service":"google-oauth-handler","timestamp":"2025-10-07T23:32:58.164Z"}
{"authUrl":"https://accounts.google.com/o/oauth2/v2/auth?acces...","level":"info","message":"Authorization URL generated","service":"google-oauth-handler","timestamp":"2025-10-07T23:32:58.165Z"}
{"email":"shail@heyjarvis.ai","level":"info","message":"Authentication successful","service":"google-oauth-handler","timestamp":"2025-10-07T23:33:25.631Z"}
{"level":"info","message":"OAuth server stopped","service":"google-oauth-handler","timestamp":"2025-10-07T23:33:30.684Z"}
{"level":"info","message":"OAuth server started","port":8890,"service":"google-oauth-handler","timestamp":"2025-10-07T23:40:02.591Z"}
{"authUrl":"https://accounts.google.com/o/oauth2/v2/auth?acces...","level":"info","message":"Authorization URL generated","service":"google-oauth-handler","timestamp":"2025-10-07T23:40:02.592Z"}
{"email":"shail@heyjarvis.ai","level":"info","message":"Authentication successful","service":"google-oauth-handler","timestamp":"2025-10-07T23:40:24.835Z"}
{"level":"info","message":"OAuth server stopped","service":"google-oauth-handler","timestamp":"2025-10-07T23:40:29.837Z"}
{"level":"info","message":"OAuth server started","port":8890,"service":"google-oauth-handler","timestamp":"2025-10-08T02:29:28.144Z"}
{"authUrl":"https://accounts.google.com/o/oauth2/v2/auth?acces...","level":"info","message":"Authorization URL generated","service":"google-oauth-handler","timestamp":"2025-10-08T02:29:28.145Z"}
{"email":"shail@heyjarvis.ai","level":"info","message":"Authentication successful","service":"google-oauth-handler","timestamp":"2025-10-08T02:29:38.203Z"}
{"level":"info","message":"OAuth server stopped","service":"google-oauth-handler","timestamp":"2025-10-08T02:29:43.206Z"}
{"level":"info","message":"OAuth server started","port":8890,"service":"google-oauth-handler","timestamp":"2025-10-08T02:35:17.101Z"}
{"authUrl":"https://accounts.google.com/o/oauth2/v2/auth?acces...","level":"info","message":"Authorization URL generated","service":"google-oauth-handler","timestamp":"2025-10-08T02:35:17.102Z"}
{"email":"shail@heyjarvis.ai","level":"info","message":"Authentication successful","service":"google-oauth-handler","timestamp":"2025-10-08T02:35:25.826Z"}
{"level":"info","message":"OAuth server stopped","service":"google-oauth-handler","timestamp":"2025-10-08T02:35:30.827Z"}
{"level":"info","message":"OAuth server started","port":8890,"service":"google-oauth-handler","timestamp":"2025-10-08T03:00:41.651Z"}
{"authUrl":"https://accounts.google.com/o/oauth2/v2/auth?acces...","level":"info","message":"Authorization URL generated","service":"google-oauth-handler","timestamp":"2025-10-08T03:00:41.652Z"}
{"email":"shail@heyjarvis.ai","level":"info","message":"Authentication successful","service":"google-oauth-handler","timestamp":"2025-10-08T03:00:49.201Z"}
{"level":"info","message":"OAuth server stopped","service":"google-oauth-handler","timestamp":"2025-10-08T03:00:50.202Z"}
{"level":"info","message":"OAuth server started","port":8890,"service":"google-oauth-handler","timestamp":"2025-10-12T02:48:20.962Z"}
{"authUrl":"https://accounts.google.com/o/oauth2/v2/auth?acces...","level":"info","message":"Authorization URL generated","service":"google-oauth-handler","timestamp":"2025-10-12T02:48:20.963Z"}
{"email":"shail@heyjarvis.ai","level":"info","message":"Authentication successful","service":"google-oauth-handler","timestamp":"2025-10-12T02:48:31.692Z"}
{"level":"info","message":"OAuth server stopped","service":"google-oauth-handler","timestamp":"2025-10-12T02:48:32.693Z"}
{"level":"info","message":"OAuth server started","port":8890,"service":"google-oauth-handler","timestamp":"2025-10-12T02:53:14.983Z"}
{"authUrl":"https://accounts.google.com/o/oauth2/v2/auth?acces...","level":"info","message":"Authorization URL generated","service":"google-oauth-handler","timestamp":"2025-10-12T02:53:14.983Z"}
{"email":"shail@heyjarvis.ai","level":"info","message":"Authentication successful","service":"google-oauth-handler","timestamp":"2025-10-12T02:53:21.799Z"}
{"level":"info","message":"OAuth server stopped","service":"google-oauth-handler","timestamp":"2025-10-12T02:53:22.801Z"}
{"level":"info","message":"OAuth server started","port":8890,"service":"google-oauth-handler","timestamp":"2025-10-12T21:20:22.741Z"}
{"authUrl":"https://accounts.google.com/o/oauth2/v2/auth?acces...","level":"info","message":"Authorization URL generated","service":"google-oauth-handler","timestamp":"2025-10-12T21:20:22.742Z"}
{"email":"avi@heyjarvis.ai","level":"info","message":"Authentication successful","service":"google-oauth-handler","timestamp":"2025-10-12T21:20:28.491Z"}
{"level":"info","message":"OAuth server stopped","service":"google-oauth-handler","timestamp":"2025-10-12T21:21:28.463Z"}
{"level":"info","message":"OAuth server started","port":8890,"service":"google-oauth-handler","timestamp":"2025-10-12T21:23:52.227Z"}
{"authUrl":"https://accounts.google.com/o/oauth2/v2/auth?acces...","level":"info","message":"Authorization URL generated","service":"google-oauth-handler","timestamp":"2025-10-12T21:23:52.227Z"}
{"level":"info","message":"OAuth server started","port":8890,"service":"google-oauth-handler","timestamp":"2025-10-12T21:40:09.537Z"}
{"authUrl":"https://accounts.google.com/o/oauth2/v2/auth?acces...","level":"info","message":"Authorization URL generated","service":"google-oauth-handler","timestamp":"2025-10-12T21:40:09.537Z"}
{"email":"avi@heyjarvis.ai","level":"info","message":"Authentication successful","service":"google-oauth-handler","timestamp":"2025-10-12T21:40:32.590Z"}
{"level":"info","message":"OAuth server stopped","service":"google-oauth-handler","timestamp":"2025-10-12T21:41:35.437Z"}
{"error":"listen EADDRINUSE: address already in use :::8890","level":"error","message":"OAuth server error","service":"google-oauth-handler","timestamp":"2025-10-12T22:12:43.599Z"}
{"error":"listen EADDRINUSE: address already in use :::8890","level":"error","message":"OAuth server error","service":"google-oauth-handler","timestamp":"2025-10-12T22:12:44.672Z"}
{"error":"listen EADDRINUSE: address already in use :::8890","level":"error","message":"OAuth server error","service":"google-oauth-handler","timestamp":"2025-10-12T22:13:14.465Z"}
{"level":"info","message":"OAuth server started","port":8890,"service":"google-oauth-handler","timestamp":"2025-10-12T22:19:49.759Z"}
{"authUrl":"https://accounts.google.com/o/oauth2/v2/auth?acces...","level":"info","message":"Authorization URL generated","service":"google-oauth-handler","timestamp":"2025-10-12T22:19:49.759Z"}
{"email":"avi@heyjarvis.ai","level":"info","message":"Authentication successful","service":"google-oauth-handler","timestamp":"2025-10-12T22:19:54.515Z"}
{"level":"info","message":"OAuth server started","port":8890,"service":"google-oauth-handler","timestamp":"2025-10-12T22:22:07.062Z"}
{"authUrl":"https://accounts.google.com/o/oauth2/v2/auth?acces...","level":"info","message":"Authorization URL generated","service":"google-oauth-handler","timestamp":"2025-10-12T22:22:07.062Z"}
{"email":"avi@heyjarvis.ai","level":"info","message":"Authentication successful","service":"google-oauth-handler","timestamp":"2025-10-12T22:22:23.856Z"}
{"level":"info","message":"OAuth server stopped","service":"google-oauth-handler","timestamp":"2025-10-12T22:23:32.388Z"}
{"level":"info","message":"OAuth server started","port":8890,"service":"google-oauth-handler","timestamp":"2025-10-13T01:21:02.620Z"}
{"authUrl":"https://accounts.google.com/o/oauth2/v2/auth?acces...","level":"info","message":"Authorization URL generated","service":"google-oauth-handler","timestamp":"2025-10-13T01:21:02.621Z"}
{"email":"avi@heyjarvis.ai","level":"info","message":"Authentication successful","service":"google-oauth-handler","timestamp":"2025-10-13T01:21:08.403Z"}
{"level":"info","message":"OAuth server stopped","service":"google-oauth-handler","timestamp":"2025-10-13T01:22:15.152Z"}
