{"level":"info","message":"OAuth server started","port":8889,"service":"microsoft-oauth-handler","timestamp":"2025-10-07T17:29:09.135Z"}
{"authUrl":{},"level":"info","message":"Authorization URL generated","service":"microsoft-oauth-handler","timestamp":"2025-10-07T17:29:09.135Z"}
{"level":"info","message":"OAuth server started","port":8889,"service":"microsoft-oauth-handler","timestamp":"2025-10-07T17:30:15.964Z"}
{"authUrl":{},"level":"info","message":"Authorization URL generated","service":"microsoft-oauth-handler","timestamp":"2025-10-07T17:30:15.964Z"}
{"level":"info","message":"OAuth server started","port":8889,"service":"microsoft-oauth-handler","timestamp":"2025-10-07T17:31:37.974Z"}
{"authUrl":"https://login.microsoftonline.com/common/oauth2/v2...","level":"info","message":"Authorization URL generated","service":"microsoft-oauth-handler","timestamp":"2025-10-07T17:31:37.975Z"}
{"error":"invalid_request","error_description":"AADSTS9002325: Proof Key for Code Exchange is required for cross-origin authorization code redemption. Trace ID: b29b4036-e0bf-4e89-8cff-9dc4047a2700 Correlation ID: 18471aa4-62d2-47d0-af89-09ac296bc488 Timestamp: 2025-10-07 17:32:10Z","level":"error","message":"OAuth error","service":"microsoft-oauth-handler","timestamp":"2025-10-07T17:32:10.774Z"}
{"level":"info","message":"OAuth server stopped","service":"microsoft-oauth-handler","timestamp":"2025-10-07T17:32:15.989Z"}
{"level":"info","message":"OAuth server started","port":8889,"service":"microsoft-oauth-handler","timestamp":"2025-10-07T17:33:32.315Z"}
{"authUrl":"https://login.microsoftonline.com/common/oauth2/v2...","level":"info","message":"Authorization URL generated","service":"microsoft-oauth-handler","timestamp":"2025-10-07T17:33:32.317Z"}
{"error":"Microsoft authentication failed: invalid_client: Error(s): 700025 - Timestamp: 2025-10-07 17:33:48Z - Description: AADSTS700025: Client is public so neither 'client_assertion' nor 'client_secret' should be presented. Trace ID: 3b2312c1-bdf7-4d5e-a081-6a3fa71eda00 Correlation ID: 1212a56f-a6bf-4d35-a876-e982330d81a0 Timestamp: 2025-10-07 17:33:48Z - Correlation ID: 1212a56f-a6bf-4d35-a876-e982330d81a0 - Trace ID: 3b2312c1-bdf7-4d5e-a081-6a3fa71eda00","level":"error","message":"Token exchange failed","service":"microsoft-oauth-handler","timestamp":"2025-10-07T17:33:48.928Z"}
{"level":"info","message":"OAuth server stopped","service":"microsoft-oauth-handler","timestamp":"2025-10-07T17:33:53.931Z"}
{"level":"info","message":"OAuth server started","port":8889,"service":"microsoft-oauth-handler","timestamp":"2025-10-07T17:35:06.041Z"}
{"authUrl":"https://login.microsoftonline.com/common/oauth2/v2...","level":"info","message":"Authorization URL generated","service":"microsoft-oauth-handler","timestamp":"2025-10-07T17:35:06.043Z"}
{"error":"Microsoft authentication failed: invalid_request: Error(s): 9002327 - Timestamp: 2025-10-07 17:35:07Z - Description: AADSTS9002327: Tokens issued for the 'Single-Page Application' client-type may only be redeemed via cross-origin requests. Trace ID: 512a2675-5f4e-4984-98ca-8cc415c20900 Correlation ID: 6e48da50-013c-4709-ab42-d0dd20c4ff0d Timestamp: 2025-10-07 17:35:07Z - Correlation ID: 6e48da50-013c-4709-ab42-d0dd20c4ff0d - Trace ID: 512a2675-5f4e-4984-98ca-8cc415c20900","level":"error","message":"Token exchange failed","service":"microsoft-oauth-handler","timestamp":"2025-10-07T17:35:07.231Z"}
{"level":"info","message":"OAuth server stopped","service":"microsoft-oauth-handler","timestamp":"2025-10-07T17:35:12.236Z"}
{"level":"info","message":"OAuth server started","port":8889,"service":"microsoft-oauth-handler","timestamp":"2025-10-07T17:38:12.991Z"}
{"authUrl":"https://login.microsoftonline.com/common/oauth2/v2...","level":"info","message":"Authorization URL generated","service":"microsoft-oauth-handler","timestamp":"2025-10-07T17:38:12.993Z"}
{"error":"Microsoft authentication failed: invalid_request: Error(s): 9002327 - Timestamp: 2025-10-07 17:38:14Z - Description: AADSTS9002327: Tokens issued for the 'Single-Page Application' client-type may only be redeemed via cross-origin requests. Trace ID: 677ab266-983a-42a2-8c44-98bcd0cb3000 Correlation ID: b49925fd-4164-44f1-b959-8a7a4606cf94 Timestamp: 2025-10-07 17:38:14Z - Correlation ID: b49925fd-4164-44f1-b959-8a7a4606cf94 - Trace ID: 677ab266-983a-42a2-8c44-98bcd0cb3000","level":"error","message":"Token exchange failed","service":"microsoft-oauth-handler","timestamp":"2025-10-07T17:38:14.440Z"}
{"level":"info","message":"OAuth server stopped","service":"microsoft-oauth-handler","timestamp":"2025-10-07T17:38:19.446Z"}
{"level":"info","message":"OAuth server started","port":8889,"service":"microsoft-oauth-handler","timestamp":"2025-10-07T17:40:09.317Z"}
{"authUrl":"https://login.microsoftonline.com/common/oauth2/v2...","level":"info","message":"Authorization URL generated","service":"microsoft-oauth-handler","timestamp":"2025-10-07T17:40:09.319Z"}
{"account":"avi@jarv1s.onmicrosoft.com","level":"info","message":"Authentication successful","service":"microsoft-oauth-handler","timestamp":"2025-10-07T17:40:10.442Z"}
{"level":"info","message":"OAuth server stopped","service":"microsoft-oauth-handler","timestamp":"2025-10-07T17:40:15.446Z"}
{"level":"info","message":"OAuth server started","port":8889,"service":"microsoft-oauth-handler","timestamp":"2025-10-07T17:43:15.129Z"}
{"authUrl":"https://login.microsoftonline.com/common/oauth2/v2...","level":"info","message":"Authorization URL generated","service":"microsoft-oauth-handler","timestamp":"2025-10-07T17:43:15.130Z"}
{"account":"avi@jarv1s.onmicrosoft.com","level":"info","message":"Authentication successful","service":"microsoft-oauth-handler","timestamp":"2025-10-07T17:43:16.555Z"}
{"level":"info","message":"OAuth server stopped","service":"microsoft-oauth-handler","timestamp":"2025-10-07T17:43:21.560Z"}
{"level":"info","message":"OAuth server started","port":8889,"service":"microsoft-oauth-handler","timestamp":"2025-10-07T17:50:32.144Z"}
{"authUrl":"https://login.microsoftonline.com/common/oauth2/v2...","level":"info","message":"Authorization URL generated","service":"microsoft-oauth-handler","timestamp":"2025-10-07T17:50:32.146Z"}
{"account":"avi@jarv1s.onmicrosoft.com","level":"info","message":"Authentication successful","service":"microsoft-oauth-handler","timestamp":"2025-10-07T17:50:33.440Z"}
{"level":"info","message":"OAuth server stopped","service":"microsoft-oauth-handler","timestamp":"2025-10-07T17:50:38.443Z"}
{"level":"info","message":"OAuth server started","port":8889,"service":"microsoft-oauth-handler","timestamp":"2025-10-07T18:39:24.580Z"}
{"authUrl":"https://login.microsoftonline.com/common/oauth2/v2...","level":"info","message":"Authorization URL generated","service":"microsoft-oauth-handler","timestamp":"2025-10-07T18:39:24.582Z"}
{"account":"avi@jarv1s.onmicrosoft.com","level":"info","message":"Authentication successful","service":"microsoft-oauth-handler","timestamp":"2025-10-07T18:39:25.926Z"}
{"level":"info","message":"OAuth server stopped","service":"microsoft-oauth-handler","timestamp":"2025-10-07T18:39:30.933Z"}
{"level":"info","message":"OAuth server started","port":8889,"service":"microsoft-oauth-handler","timestamp":"2025-10-07T18:45:32.616Z"}
{"authUrl":"https://login.microsoftonline.com/common/oauth2/v2...","level":"info","message":"Authorization URL generated","service":"microsoft-oauth-handler","timestamp":"2025-10-07T18:45:32.618Z"}
{"account":"avi@jarv1s.onmicrosoft.com","level":"info","message":"Authentication successful","service":"microsoft-oauth-handler","timestamp":"2025-10-07T18:45:34.096Z"}
{"level":"info","message":"OAuth server stopped","service":"microsoft-oauth-handler","timestamp":"2025-10-07T18:45:39.097Z"}
{"level":"info","message":"OAuth server started","port":8889,"service":"microsoft-oauth-handler","timestamp":"2025-10-07T18:46:03.724Z"}
{"authUrl":"https://login.microsoftonline.com/common/oauth2/v2...","level":"info","message":"Authorization URL generated","service":"microsoft-oauth-handler","timestamp":"2025-10-07T18:46:03.726Z"}
{"account":"avi@jarv1s.onmicrosoft.com","level":"info","message":"Authentication successful","service":"microsoft-oauth-handler","timestamp":"2025-10-07T18:46:06.432Z"}
{"level":"info","message":"OAuth server stopped","service":"microsoft-oauth-handler","timestamp":"2025-10-07T18:46:11.438Z"}
{"level":"info","message":"OAuth server started","port":8889,"service":"microsoft-oauth-handler","timestamp":"2025-10-07T18:55:40.919Z"}
{"authUrl":"https://login.microsoftonline.com/common/oauth2/v2...","level":"info","message":"Authorization URL generated","service":"microsoft-oauth-handler","timestamp":"2025-10-07T18:55:40.921Z"}
{"account":"avi@jarv1s.onmicrosoft.com","level":"info","message":"Authentication successful","service":"microsoft-oauth-handler","timestamp":"2025-10-07T18:55:42.443Z"}
{"level":"info","message":"OAuth server stopped","service":"microsoft-oauth-handler","timestamp":"2025-10-07T18:55:47.445Z"}
{"level":"info","message":"OAuth server started","port":8889,"service":"microsoft-oauth-handler","timestamp":"2025-10-07T19:03:26.554Z"}
{"authUrl":"https://login.microsoftonline.com/common/oauth2/v2...","level":"info","message":"Authorization URL generated","service":"microsoft-oauth-handler","timestamp":"2025-10-07T19:03:26.556Z"}
{"account":"avi@jarv1s.onmicrosoft.com","level":"info","message":"Authentication successful","service":"microsoft-oauth-handler","timestamp":"2025-10-07T19:03:28.333Z"}
{"level":"info","message":"OAuth server stopped","service":"microsoft-oauth-handler","timestamp":"2025-10-07T19:03:33.335Z"}
{"level":"info","message":"OAuth server started","port":8889,"service":"microsoft-oauth-handler","timestamp":"2025-10-07T19:15:59.091Z"}
{"authUrl":"https://login.microsoftonline.com/common/oauth2/v2...","level":"info","message":"Authorization URL generated","service":"microsoft-oauth-handler","timestamp":"2025-10-07T19:15:59.093Z"}
{"account":"avi@jarv1s.onmicrosoft.com","level":"info","message":"Authentication successful","service":"microsoft-oauth-handler","timestamp":"2025-10-07T19:16:00.484Z"}
{"level":"info","message":"OAuth server stopped","service":"microsoft-oauth-handler","timestamp":"2025-10-07T19:16:05.491Z"}
{"level":"info","message":"OAuth server started","port":8889,"service":"microsoft-oauth-handler","timestamp":"2025-10-07T19:21:09.267Z"}
{"authUrl":"https://login.microsoftonline.com/common/oauth2/v2...","level":"info","message":"Authorization URL generated","service":"microsoft-oauth-handler","timestamp":"2025-10-07T19:21:09.268Z"}
{"account":"avi@jarv1s.onmicrosoft.com","level":"info","message":"Authentication successful","service":"microsoft-oauth-handler","timestamp":"2025-10-07T19:21:10.772Z"}
{"level":"info","message":"OAuth server stopped","service":"microsoft-oauth-handler","timestamp":"2025-10-07T19:21:15.773Z"}
{"level":"info","message":"OAuth server started","port":8889,"service":"microsoft-oauth-handler","timestamp":"2025-10-07T19:32:10.207Z"}
{"authUrl":"https://login.microsoftonline.com/common/oauth2/v2...","level":"info","message":"Authorization URL generated","service":"microsoft-oauth-handler","timestamp":"2025-10-07T19:32:10.208Z"}
{"account":"avi@jarv1s.onmicrosoft.com","level":"info","message":"Authentication successful","service":"microsoft-oauth-handler","timestamp":"2025-10-07T19:32:11.686Z"}
{"level":"info","message":"OAuth server stopped","service":"microsoft-oauth-handler","timestamp":"2025-10-07T19:32:16.687Z"}
{"level":"info","message":"OAuth server started","port":8889,"service":"microsoft-oauth-handler","timestamp":"2025-10-07T21:53:43.799Z"}
{"authUrl":"https://login.microsoftonline.com/common/oauth2/v2...","level":"info","message":"Authorization URL generated","service":"microsoft-oauth-handler","timestamp":"2025-10-07T21:53:43.806Z"}
{"account":"shail@jarv1s.onmicrosoft.com","level":"info","message":"Authentication successful","service":"microsoft-oauth-handler","timestamp":"2025-10-07T21:54:19.052Z"}
{"level":"info","message":"OAuth server stopped","service":"microsoft-oauth-handler","timestamp":"2025-10-07T21:54:24.114Z"}
{"level":"info","message":"OAuth server started","port":8889,"service":"microsoft-oauth-handler","timestamp":"2025-10-07T23:05:26.495Z"}
{"authUrl":"https://login.microsoftonline.com/common/oauth2/v2...","level":"info","message":"Authorization URL generated","service":"microsoft-oauth-handler","timestamp":"2025-10-07T23:05:26.502Z"}
{"account":"shail@jarv1s.onmicrosoft.com","level":"info","message":"Authentication successful","service":"microsoft-oauth-handler","timestamp":"2025-10-07T23:07:25.882Z"}
{"level":"info","message":"OAuth server stopped","service":"microsoft-oauth-handler","timestamp":"2025-10-07T23:07:26.883Z"}
{"level":"info","message":"OAuth server started","port":8889,"service":"microsoft-oauth-handler","timestamp":"2025-10-08T02:55:20.926Z"}
{"authUrl":"https://login.microsoftonline.com/common/oauth2/v2...","level":"info","message":"Authorization URL generated","service":"microsoft-oauth-handler","timestamp":"2025-10-08T02:55:20.934Z"}
{"account":"shail@jarv1s.onmicrosoft.com","level":"info","message":"Authentication successful","service":"microsoft-oauth-handler","timestamp":"2025-10-08T02:55:29.931Z"}
{"level":"info","message":"OAuth server stopped","service":"microsoft-oauth-handler","timestamp":"2025-10-08T02:55:34.934Z"}
{"level":"info","message":"OAuth server started","port":8889,"service":"microsoft-oauth-handler","timestamp":"2025-10-08T02:59:09.865Z"}
{"authUrl":"https://login.microsoftonline.com/common/oauth2/v2...","level":"info","message":"Authorization URL generated","service":"microsoft-oauth-handler","timestamp":"2025-10-08T02:59:09.871Z"}
{"account":"shail@jarv1s.onmicrosoft.com","level":"info","message":"Authentication successful","service":"microsoft-oauth-handler","timestamp":"2025-10-08T02:59:21.476Z"}
{"level":"info","message":"OAuth server stopped","service":"microsoft-oauth-handler","timestamp":"2025-10-08T02:59:26.478Z"}
