{"level":"info","message":"Microsoft Graph Service initialized","scopes":6,"service":"microsoft-graph-service","tenantId":"common","timestamp":"2025-10-07T16:59:40.051Z"}
{"level":"info","message":"Microsoft Graph Service initialized","scopes":6,"service":"microsoft-graph-service","tenantId":"common","timestamp":"2025-10-07T17:22:24.966Z"}
{"level":"info","message":"Microsoft Graph Service initialized","scopes":6,"service":"microsoft-graph-service","tenantId":"common","timestamp":"2025-10-07T17:22:48.922Z"}
{"level":"info","message":"Microsoft Graph Service initialized","scopes":6,"service":"microsoft-graph-service","tenantId":"common","timestamp":"2025-10-07T17:26:19.781Z"}
{"level":"info","message":"Microsoft Graph Service initialized","scopes":6,"service":"microsoft-graph-service","tenantId":"common","timestamp":"2025-10-07T17:26:52.040Z"}
{"level":"info","message":"Microsoft Graph Service initialized","scopes":6,"service":"microsoft-graph-service","tenantId":"common","timestamp":"2025-10-07T17:29:04.069Z"}
{"error":"Not authenticated or token expired. Please authenticate first.","level":"error","message":"Failed to get user profile","service":"microsoft-graph-service","timestamp":"2025-10-07T17:29:05.198Z"}
{"level":"info","message":"Microsoft Graph Service initialized","scopes":6,"service":"microsoft-graph-service","tenantId":"common","timestamp":"2025-10-07T17:30:09.586Z"}
{"error":"Not authenticated or token expired. Please authenticate first.","level":"error","message":"Failed to get user profile","service":"microsoft-graph-service","timestamp":"2025-10-07T17:30:10.706Z"}
{"level":"info","message":"Microsoft Graph Service initialized","scopes":6,"service":"microsoft-graph-service","tenantId":"common","timestamp":"2025-10-07T17:31:34.618Z"}
{"error":"Not authenticated or token expired. Please authenticate first.","level":"error","message":"Failed to get user profile","service":"microsoft-graph-service","timestamp":"2025-10-07T17:31:35.761Z"}
{"level":"info","message":"Microsoft Graph Service initialized","scopes":6,"service":"microsoft-graph-service","tenantId":"common","timestamp":"2025-10-07T17:33:25.131Z"}
{"error":"Not authenticated or token expired. Please authenticate first.","level":"error","message":"Failed to get user profile","service":"microsoft-graph-service","timestamp":"2025-10-07T17:33:26.301Z"}
{"challengeLength":43,"level":"debug","message":"PKCE generated","service":"microsoft-graph-service","timestamp":"2025-10-07T17:33:32.315Z","verifierLength":43}
{"error":"invalid_client: Error(s): 700025 - Timestamp: 2025-10-07 17:33:48Z - Description: AADSTS700025: Client is public so neither 'client_assertion' nor 'client_secret' should be presented. Trace ID: 3b2312c1-bdf7-4d5e-a081-6a3fa71eda00 Correlation ID: 1212a56f-a6bf-4d35-a876-e982330d81a0 Timestamp: 2025-10-07 17:33:48Z - Correlation ID: 1212a56f-a6bf-4d35-a876-e982330d81a0 - Trace ID: 3b2312c1-bdf7-4d5e-a081-6a3fa71eda00","errorCode":"invalid_client","level":"error","message":"Authentication failed","service":"microsoft-graph-service","timestamp":"2025-10-07T17:33:48.928Z"}
{"level":"info","message":"Microsoft Graph Service initialized","scopes":6,"service":"microsoft-graph-service","tenantId":"common","timestamp":"2025-10-07T17:35:01.813Z"}
{"error":"Not authenticated or token expired. Please authenticate first.","level":"error","message":"Failed to get user profile","service":"microsoft-graph-service","timestamp":"2025-10-07T17:35:02.971Z"}
{"challengeLength":43,"level":"debug","message":"PKCE generated","service":"microsoft-graph-service","timestamp":"2025-10-07T17:35:06.042Z","verifierLength":43}
{"error":"invalid_request: Error(s): 9002327 - Timestamp: 2025-10-07 17:35:07Z - Description: AADSTS9002327: Tokens issued for the 'Single-Page Application' client-type may only be redeemed via cross-origin requests. Trace ID: 512a2675-5f4e-4984-98ca-8cc415c20900 Correlation ID: 6e48da50-013c-4709-ab42-d0dd20c4ff0d Timestamp: 2025-10-07 17:35:07Z - Correlation ID: 6e48da50-013c-4709-ab42-d0dd20c4ff0d - Trace ID: 512a2675-5f4e-4984-98ca-8cc415c20900","errorCode":"invalid_request","level":"error","message":"Authentication failed","service":"microsoft-graph-service","timestamp":"2025-10-07T17:35:07.231Z"}
{"level":"info","message":"Microsoft Graph Service initialized","scopes":6,"service":"microsoft-graph-service","tenantId":"common","timestamp":"2025-10-07T17:38:08.272Z"}
{"error":"Not authenticated or token expired. Please authenticate first.","level":"error","message":"Failed to get user profile","service":"microsoft-graph-service","timestamp":"2025-10-07T17:38:09.443Z"}
{"challengeLength":43,"level":"debug","message":"PKCE generated","service":"microsoft-graph-service","timestamp":"2025-10-07T17:38:12.991Z","verifierLength":43}
{"error":"invalid_request: Error(s): 9002327 - Timestamp: 2025-10-07 17:38:14Z - Description: AADSTS9002327: Tokens issued for the 'Single-Page Application' client-type may only be redeemed via cross-origin requests. Trace ID: 677ab266-983a-42a2-8c44-98bcd0cb3000 Correlation ID: b49925fd-4164-44f1-b959-8a7a4606cf94 Timestamp: 2025-10-07 17:38:14Z - Correlation ID: b49925fd-4164-44f1-b959-8a7a4606cf94 - Trace ID: 677ab266-983a-42a2-8c44-98bcd0cb3000","errorCode":"invalid_request","level":"error","message":"Authentication failed","service":"microsoft-graph-service","timestamp":"2025-10-07T17:38:14.440Z"}
{"level":"info","message":"Microsoft Graph Service initialized","scopes":6,"service":"microsoft-graph-service","tenantId":"common","timestamp":"2025-10-07T17:40:05.529Z"}
{"error":"Not authenticated or token expired. Please authenticate first.","level":"error","message":"Failed to get user profile","service":"microsoft-graph-service","timestamp":"2025-10-07T17:40:06.656Z"}
{"challengeLength":43,"level":"debug","message":"PKCE generated","service":"microsoft-graph-service","timestamp":"2025-10-07T17:40:09.317Z","verifierLength":43}
{"account":"avi@jarv1s.onmicrosoft.com","expiresOn":"2025-10-07T18:41:10.000Z","level":"info","message":"Successfully authenticated with Microsoft","service":"microsoft-graph-service","timestamp":"2025-10-07T17:40:10.442Z"}
{"level":"info","message":"Microsoft Graph Service initialized","scopes":6,"service":"microsoft-graph-service","tenantId":"common","timestamp":"2025-10-07T17:43:08.890Z"}
{"error":"Not authenticated or token expired. Please authenticate first.","level":"error","message":"Failed to get user profile","service":"microsoft-graph-service","timestamp":"2025-10-07T17:43:10.015Z"}
{"challengeLength":43,"level":"debug","message":"PKCE generated","service":"microsoft-graph-service","timestamp":"2025-10-07T17:43:15.129Z","verifierLength":43}
{"account":"avi@jarv1s.onmicrosoft.com","expiresOn":"2025-10-07T18:51:42.000Z","level":"info","message":"Successfully authenticated with Microsoft","service":"microsoft-graph-service","timestamp":"2025-10-07T17:43:16.555Z"}
{"level":"info","message":"Microsoft Graph Service initialized","scopes":6,"service":"microsoft-graph-service","tenantId":"common","timestamp":"2025-10-07T17:50:21.085Z"}
{"error":"Not authenticated or token expired. Please authenticate first.","level":"error","message":"Failed to get user profile","service":"microsoft-graph-service","timestamp":"2025-10-07T17:50:22.520Z"}
{"challengeLength":43,"level":"debug","message":"PKCE generated","service":"microsoft-graph-service","timestamp":"2025-10-07T17:50:32.144Z","verifierLength":43}
{"account":"avi@jarv1s.onmicrosoft.com","expiresOn":"2025-10-07T19:03:41.000Z","level":"info","message":"Successfully authenticated with Microsoft","service":"microsoft-graph-service","timestamp":"2025-10-07T17:50:33.439Z"}
{"level":"info","message":"Microsoft Graph Service initialized","scopes":6,"service":"microsoft-graph-service","tenantId":"common","timestamp":"2025-10-07T17:54:49.550Z"}
{"error":"Not authenticated or token expired. Please authenticate first.","level":"error","message":"Failed to get user profile","service":"microsoft-graph-service","timestamp":"2025-10-07T17:54:50.793Z"}
{"level":"info","message":"Microsoft Graph Service initialized","scopes":6,"service":"microsoft-graph-service","tenantId":"common","timestamp":"2025-10-07T17:55:24.999Z"}
{"error":"Not authenticated or token expired. Please authenticate first.","level":"error","message":"Failed to get user profile","service":"microsoft-graph-service","timestamp":"2025-10-07T17:55:26.154Z"}
{"level":"info","message":"Microsoft Graph Service initialized","scopes":6,"service":"microsoft-graph-service","tenantId":"common","timestamp":"2025-10-07T17:57:27.587Z"}
{"error":"Not authenticated or token expired. Please authenticate first.","level":"error","message":"Failed to get user profile","service":"microsoft-graph-service","timestamp":"2025-10-07T17:57:28.705Z"}
{"level":"info","message":"Microsoft Graph Service initialized","scopes":6,"service":"microsoft-graph-service","tenantId":"common","timestamp":"2025-10-07T18:01:19.995Z"}
{"error":"Not authenticated or token expired. Please authenticate first.","level":"error","message":"Failed to get user profile","service":"microsoft-graph-service","timestamp":"2025-10-07T18:01:21.243Z"}
{"level":"info","message":"Microsoft Graph Service initialized","scopes":6,"service":"microsoft-graph-service","tenantId":"common","timestamp":"2025-10-07T18:04:11.727Z"}
{"error":"Not authenticated or token expired. Please authenticate first.","level":"error","message":"Failed to get user profile","service":"microsoft-graph-service","timestamp":"2025-10-07T18:04:12.885Z"}
{"level":"info","message":"Microsoft Graph Service initialized","scopes":6,"service":"microsoft-graph-service","tenantId":"common","timestamp":"2025-10-07T18:06:32.067Z"}
{"error":"Not authenticated or token expired. Please authenticate first.","level":"error","message":"Failed to get user profile","service":"microsoft-graph-service","timestamp":"2025-10-07T18:06:33.192Z"}
{"level":"info","message":"Microsoft Graph Service initialized","scopes":6,"service":"microsoft-graph-service","tenantId":"common","timestamp":"2025-10-07T18:06:52.823Z"}
{"error":"Not authenticated or token expired. Please authenticate first.","level":"error","message":"Failed to get user profile","service":"microsoft-graph-service","timestamp":"2025-10-07T18:06:54.113Z"}
{"level":"info","message":"Microsoft Graph Service initialized","scopes":6,"service":"microsoft-graph-service","tenantId":"common","timestamp":"2025-10-07T18:07:14.159Z"}
{"error":"Not authenticated or token expired. Please authenticate first.","level":"error","message":"Failed to get user profile","service":"microsoft-graph-service","timestamp":"2025-10-07T18:07:15.301Z"}
{"level":"info","message":"Microsoft Graph Service initialized","scopes":6,"service":"microsoft-graph-service","tenantId":"common","timestamp":"2025-10-07T18:07:40.335Z"}
{"error":"Not authenticated or token expired. Please authenticate first.","level":"error","message":"Failed to get user profile","service":"microsoft-graph-service","timestamp":"2025-10-07T18:07:41.555Z"}
{"level":"info","message":"Microsoft Graph Service initialized","scopes":6,"service":"microsoft-graph-service","tenantId":"common","timestamp":"2025-10-07T18:10:48.796Z"}
{"level":"info","message":"Microsoft Graph Service initialized","scopes":6,"service":"microsoft-graph-service","tenantId":"common","timestamp":"2025-10-07T18:10:49.492Z"}
{"error":"Not authenticated or token expired. Please authenticate first.","level":"error","message":"Failed to get user profile","service":"microsoft-graph-service","timestamp":"2025-10-07T18:10:49.930Z"}
{"error":"Not authenticated or token expired. Please authenticate first.","level":"error","message":"Failed to get user profile","service":"microsoft-graph-service","timestamp":"2025-10-07T18:10:51.370Z"}
{"level":"info","message":"Microsoft Graph Service initialized","scopes":6,"service":"microsoft-graph-service","tenantId":"common","timestamp":"2025-10-07T18:12:14.059Z"}
{"error":"Not authenticated or token expired. Please authenticate first.","level":"error","message":"Failed to get user profile","service":"microsoft-graph-service","timestamp":"2025-10-07T18:12:15.175Z"}
{"level":"info","message":"Microsoft Graph Service initialized","scopes":6,"service":"microsoft-graph-service","tenantId":"common","timestamp":"2025-10-07T18:12:27.178Z"}
{"error":"Not authenticated or token expired. Please authenticate first.","level":"error","message":"Failed to get user profile","service":"microsoft-graph-service","timestamp":"2025-10-07T18:12:28.333Z"}
{"level":"info","message":"Microsoft Graph Service initialized","scopes":6,"service":"microsoft-graph-service","tenantId":"common","timestamp":"2025-10-07T18:13:15.209Z"}
{"error":"Not authenticated or token expired. Please authenticate first.","level":"error","message":"Failed to get user profile","service":"microsoft-graph-service","timestamp":"2025-10-07T18:13:16.266Z"}
{"level":"info","message":"Microsoft Graph Service initialized","scopes":6,"service":"microsoft-graph-service","tenantId":"common","timestamp":"2025-10-07T18:14:02.936Z"}
{"error":"Not authenticated or token expired. Please authenticate first.","level":"error","message":"Failed to get user profile","service":"microsoft-graph-service","timestamp":"2025-10-07T18:14:04.820Z"}
{"level":"info","message":"Microsoft Graph Service initialized","scopes":6,"service":"microsoft-graph-service","tenantId":"common","timestamp":"2025-10-07T18:22:44.799Z"}
{"error":"Not authenticated or token expired. Please authenticate first.","level":"error","message":"Failed to get user profile","service":"microsoft-graph-service","timestamp":"2025-10-07T18:22:45.923Z"}
{"level":"info","message":"Microsoft Graph Service initialized","scopes":6,"service":"microsoft-graph-service","tenantId":"common","timestamp":"2025-10-07T18:22:54.859Z"}
{"error":"Not authenticated or token expired. Please authenticate first.","level":"error","message":"Failed to get user profile","service":"microsoft-graph-service","timestamp":"2025-10-07T18:22:55.923Z"}
{"level":"info","message":"Microsoft Graph Service initialized","scopes":6,"service":"microsoft-graph-service","tenantId":"common","timestamp":"2025-10-07T18:24:11.763Z"}
{"error":"Not authenticated or token expired. Please authenticate first.","level":"error","message":"Failed to get user profile","service":"microsoft-graph-service","timestamp":"2025-10-07T18:24:12.887Z"}
{"level":"info","message":"Microsoft Graph Service initialized","scopes":6,"service":"microsoft-graph-service","tenantId":"common","timestamp":"2025-10-07T18:26:27.287Z"}
{"error":"Not authenticated or token expired. Please authenticate first.","level":"error","message":"Failed to get user profile","service":"microsoft-graph-service","timestamp":"2025-10-07T18:26:28.412Z"}
{"level":"info","message":"Microsoft Graph Service initialized","scopes":6,"service":"microsoft-graph-service","tenantId":"common","timestamp":"2025-10-07T18:27:55.711Z"}
{"error":"Not authenticated or token expired. Please authenticate first.","level":"error","message":"Failed to get user profile","service":"microsoft-graph-service","timestamp":"2025-10-07T18:27:56.901Z"}
{"level":"info","message":"Microsoft Graph Service initialized","scopes":6,"service":"microsoft-graph-service","tenantId":"common","timestamp":"2025-10-07T18:29:53.746Z"}
{"error":"Not authenticated or token expired. Please authenticate first.","level":"error","message":"Failed to get user profile","service":"microsoft-graph-service","timestamp":"2025-10-07T18:29:55.639Z"}
{"level":"info","message":"Microsoft Graph Service initialized","scopes":6,"service":"microsoft-graph-service","tenantId":"common","timestamp":"2025-10-07T18:32:12.818Z"}
{"error":"Not authenticated or token expired. Please authenticate first.","level":"error","message":"Failed to get user profile","service":"microsoft-graph-service","timestamp":"2025-10-07T18:32:13.984Z"}
{"level":"info","message":"Microsoft Graph Service initialized","scopes":6,"service":"microsoft-graph-service","tenantId":"common","timestamp":"2025-10-07T18:34:56.250Z"}
{"error":"Not authenticated or token expired. Please authenticate first.","level":"error","message":"Failed to get user profile","service":"microsoft-graph-service","timestamp":"2025-10-07T18:34:57.659Z"}
{"level":"info","message":"Microsoft Graph Service initialized","scopes":6,"service":"microsoft-graph-service","tenantId":"common","timestamp":"2025-10-07T18:36:09.422Z"}
{"error":"Not authenticated or token expired. Please authenticate first.","level":"error","message":"Failed to get user profile","service":"microsoft-graph-service","timestamp":"2025-10-07T18:36:10.566Z"}
{"challengeLength":43,"level":"debug","message":"PKCE generated","service":"microsoft-graph-service","timestamp":"2025-10-07T18:39:24.581Z","verifierLength":43}
{"account":"avi@jarv1s.onmicrosoft.com","expiresOn":"2025-10-07T19:45:01.000Z","level":"info","message":"Successfully authenticated with Microsoft","service":"microsoft-graph-service","timestamp":"2025-10-07T18:39:25.926Z"}
{"level":"info","message":"Microsoft Graph Service initialized","scopes":6,"service":"microsoft-graph-service","tenantId":"common","timestamp":"2025-10-07T18:45:14.524Z"}
{"error":"Not authenticated or token expired. Please authenticate first.","level":"error","message":"Failed to get user profile","service":"microsoft-graph-service","timestamp":"2025-10-07T18:45:15.717Z"}
{"challengeLength":43,"level":"debug","message":"PKCE generated","service":"microsoft-graph-service","timestamp":"2025-10-07T18:45:32.616Z","verifierLength":43}
{"account":"avi@jarv1s.onmicrosoft.com","expiresOn":"2025-10-07T20:03:06.000Z","level":"info","message":"Successfully authenticated with Microsoft","service":"microsoft-graph-service","timestamp":"2025-10-07T18:45:34.095Z"}
{"level":"info","message":"Microsoft Graph Service initialized","scopes":6,"service":"microsoft-graph-service","tenantId":"common","timestamp":"2025-10-07T18:45:58.106Z"}
{"error":"Not authenticated or token expired. Please authenticate first.","level":"error","message":"Failed to get user profile","service":"microsoft-graph-service","timestamp":"2025-10-07T18:45:59.224Z"}
{"challengeLength":43,"level":"debug","message":"PKCE generated","service":"microsoft-graph-service","timestamp":"2025-10-07T18:46:03.724Z","verifierLength":43}
{"account":"avi@jarv1s.onmicrosoft.com","expiresOn":"2025-10-07T20:05:11.000Z","level":"info","message":"Successfully authenticated with Microsoft","service":"microsoft-graph-service","timestamp":"2025-10-07T18:46:06.431Z"}
{"error":"email.split is not a function","eventData":{"attendees":[{"emailAddress":{"address":"shail@heyjarvis.ai"},"type":"required"}],"end":{"dateTime":"2024-01-24T23:30:00.000Z","timeZone":"America/Denver"},"start":{"dateTime":"2024-01-24T23:00:00.000Z","timeZone":"America/Denver"},"subject":"New Dashboard"},"level":"error","message":"Failed to create calendar event","service":"microsoft-graph-service","timestamp":"2025-10-07T18:47:23.921Z"}
{"level":"info","message":"Microsoft Graph Service initialized","scopes":6,"service":"microsoft-graph-service","tenantId":"common","timestamp":"2025-10-07T18:51:05.357Z"}
{"error":"Not authenticated or token expired. Please authenticate first.","level":"error","message":"Failed to get user profile","service":"microsoft-graph-service","timestamp":"2025-10-07T18:51:06.474Z"}
{"level":"info","message":"Microsoft Graph Service initialized","scopes":6,"service":"microsoft-graph-service","tenantId":"common","timestamp":"2025-10-07T18:55:33.457Z"}
{"error":"Not authenticated or token expired. Please authenticate first.","level":"error","message":"Failed to get user profile","service":"microsoft-graph-service","timestamp":"2025-10-07T18:55:34.582Z"}
{"challengeLength":43,"level":"debug","message":"PKCE generated","service":"microsoft-graph-service","timestamp":"2025-10-07T18:55:40.919Z","verifierLength":43}
{"account":"avi@jarv1s.onmicrosoft.com","expiresOn":"2025-10-07T20:00:55.000Z","level":"info","message":"Successfully authenticated with Microsoft","service":"microsoft-graph-service","timestamp":"2025-10-07T18:55:42.443Z"}
{"event_id":"AAMkADdhYjQ5MGZiLTRmMzgtNDczNS04ZWM5LWZjMTY3NzExMDQ0YwBGAAAAAAC9wnZj5DA2TYh4S3vqb26BBwBAjenV_X5tRbUk6hX30pJ0AAAAAAENAABAjenV_X5tRbUk6hX30pJ0AAAAAJA-AAA=","level":"info","message":"Calendar event created","service":"microsoft-graph-service","start":"2025-10-08T21:00:00.0000000","subject":"Meeting with Shail","timestamp":"2025-10-07T18:56:20.379Z"}
{"level":"info","message":"Microsoft Graph Service initialized","scopes":6,"service":"microsoft-graph-service","tenantId":"common","timestamp":"2025-10-07T18:59:28.337Z"}
{"error":"Not authenticated or token expired. Please authenticate first.","level":"error","message":"Failed to get user profile","service":"microsoft-graph-service","timestamp":"2025-10-07T18:59:29.578Z"}
{"level":"info","message":"Microsoft Graph Service initialized","scopes":6,"service":"microsoft-graph-service","tenantId":"common","timestamp":"2025-10-07T19:02:45.564Z"}
{"error":"Not authenticated or token expired. Please authenticate first.","level":"error","message":"Failed to get user profile","service":"microsoft-graph-service","timestamp":"2025-10-07T19:02:46.744Z"}
{"challengeLength":43,"level":"debug","message":"PKCE generated","service":"microsoft-graph-service","timestamp":"2025-10-07T19:03:26.555Z","verifierLength":43}
{"account":"avi@jarv1s.onmicrosoft.com","expiresOn":"2025-10-07T20:33:00.000Z","level":"info","message":"Successfully authenticated with Microsoft","service":"microsoft-graph-service","timestamp":"2025-10-07T19:03:28.333Z"}
{"event_id":"AAMkADdhYjQ5MGZiLTRmMzgtNDczNS04ZWM5LWZjMTY3NzExMDQ0YwBGAAAAAAC9wnZj5DA2TYh4S3vqb26BBwBAjenV_X5tRbUk6hX30pJ0AAAAAAENAABAjenV_X5tRbUk6hX30pJ0AAAAAJBBAAA=","level":"info","message":"Calendar event created","service":"microsoft-graph-service","start":"2025-10-08T21:00:00.0000000","subject":"Meeting with Shail","timestamp":"2025-10-07T19:03:48.476Z"}
{"event_id":"AAMkADdhYjQ5MGZiLTRmMzgtNDczNS04ZWM5LWZjMTY3NzExMDQ0YwBGAAAAAAC9wnZj5DA2TYh4S3vqb26BBwBAjenV_X5tRbUk6hX30pJ0AAAAAAENAABAjenV_X5tRbUk6hX30pJ0AAAAAJBCAAA=","level":"info","message":"Calendar event created","service":"microsoft-graph-service","start":"2025-10-08T21:00:00.0000000","subject":"Meeting with Shail and Avi","timestamp":"2025-10-07T19:06:37.902Z"}
{"email":"avi@jarv1s.onmicrosoft.com","level":"info","message":"Retrieved user profile","service":"microsoft-graph-service","timestamp":"2025-10-07T19:08:15.716Z","user_id":"feefa571-46d7-4c95-80e6-402d719133a5"}
{"level":"info","message":"Microsoft Graph Service initialized","scopes":6,"service":"microsoft-graph-service","tenantId":"common","timestamp":"2025-10-07T19:12:42.435Z"}
{"error":"Not authenticated or token expired. Please authenticate first.","level":"error","message":"Failed to get user profile","service":"microsoft-graph-service","timestamp":"2025-10-07T19:12:43.571Z"}
{"level":"info","message":"Microsoft Graph Service initialized","scopes":6,"service":"microsoft-graph-service","tenantId":"common","timestamp":"2025-10-07T19:15:56.271Z"}
{"error":"Not authenticated or token expired. Please authenticate first.","level":"error","message":"Failed to get user profile","service":"microsoft-graph-service","timestamp":"2025-10-07T19:15:57.401Z"}
{"challengeLength":43,"level":"debug","message":"PKCE generated","service":"microsoft-graph-service","timestamp":"2025-10-07T19:15:59.091Z","verifierLength":43}
{"account":"avi@jarv1s.onmicrosoft.com","expiresOn":"2025-10-07T20:34:06.000Z","level":"info","message":"Successfully authenticated with Microsoft","service":"microsoft-graph-service","timestamp":"2025-10-07T19:16:00.483Z"}
{"event_id":"AAMkADdhYjQ5MGZiLTRmMzgtNDczNS04ZWM5LWZjMTY3NzExMDQ0YwBGAAAAAAC9wnZj5DA2TYh4S3vqb26BBwBAjenV_X5tRbUk6hX30pJ0AAAAAAENAABAjenV_X5tRbUk6hX30pJ0AAAAAJBDAAA=","level":"info","message":"Calendar event created","service":"microsoft-graph-service","start":"2024-10-09T15:00:00.0000000","subject":"Teams Meeting","timestamp":"2025-10-07T19:16:48.898Z"}
{"level":"info","message":"Microsoft Graph Service initialized","scopes":6,"service":"microsoft-graph-service","tenantId":"common","timestamp":"2025-10-07T19:20:56.994Z"}
{"error":"Not authenticated or token expired. Please authenticate first.","level":"error","message":"Failed to get user profile","service":"microsoft-graph-service","timestamp":"2025-10-07T19:20:58.133Z"}
{"challengeLength":43,"level":"debug","message":"PKCE generated","service":"microsoft-graph-service","timestamp":"2025-10-07T19:21:09.267Z","verifierLength":43}
{"account":"avi@jarv1s.onmicrosoft.com","expiresOn":"2025-10-07T20:36:54.000Z","level":"info","message":"Successfully authenticated with Microsoft","service":"microsoft-graph-service","timestamp":"2025-10-07T19:21:10.772Z"}
{"event_id":"AAMkADdhYjQ5MGZiLTRmMzgtNDczNS04ZWM5LWZjMTY3NzExMDQ0YwBGAAAAAAC9wnZj5DA2TYh4S3vqb26BBwBAjenV_X5tRbUk6hX30pJ0AAAAAAENAABAjenV_X5tRbUk6hX30pJ0AAAAAJBEAAA=","level":"info","message":"Calendar event created","service":"microsoft-graph-service","start":"2023-10-13T16:00:00.0000000","subject":"Meeting with Shail","timestamp":"2025-10-07T19:23:41.830Z"}
{"level":"info","message":"Microsoft Graph Service initialized","scopes":6,"service":"microsoft-graph-service","tenantId":"common","timestamp":"2025-10-07T19:32:04.803Z"}
{"error":"Not authenticated or token expired. Please authenticate first.","level":"error","message":"Failed to get user profile","service":"microsoft-graph-service","timestamp":"2025-10-07T19:32:05.930Z"}
{"challengeLength":43,"level":"debug","message":"PKCE generated","service":"microsoft-graph-service","timestamp":"2025-10-07T19:32:10.207Z","verifierLength":43}
{"account":"avi@jarv1s.onmicrosoft.com","expiresOn":"2025-10-07T20:48:15.000Z","level":"info","message":"Successfully authenticated with Microsoft","service":"microsoft-graph-service","timestamp":"2025-10-07T19:32:11.685Z"}
{"event_id":"AAMkADdhYjQ5MGZiLTRmMzgtNDczNS04ZWM5LWZjMTY3NzExMDQ0YwBGAAAAAAC9wnZj5DA2TYh4S3vqb26BBwBAjenV_X5tRbUk6hX30pJ0AAAAAAENAABAjenV_X5tRbUk6hX30pJ0AAAAAJBFAAA=","has_online_meeting":true,"level":"info","meeting_link":"https://teams.microsoft.com/l/meetup-join/19%3ameeting_MjU2N2RhYTYtMmM0Ny00MDkwLTk2YzgtNDI1NDE5YmUwMmQx%40thread.v2/0?context=%7b%22Tid%22%3a%228101f735-6d05-4dbf-b9b3-c9b6469b7b3d%22%2c%22Oid%22%3a%22feefa571-46d7-4c95-80e6-402d719133a5%22%7d","message":"Calendar event created","service":"microsoft-graph-service","start":"2024-01-24T00:30:00.0000000","subject":"Meeting","timestamp":"2025-10-07T19:32:45.849Z"}
{"level":"info","message":"Microsoft Graph Service initialized","scopes":6,"service":"microsoft-graph-service","tenantId":"common","timestamp":"2025-10-07T19:35:06.104Z"}
{"error":"Not authenticated or token expired. Please authenticate first.","level":"error","message":"Failed to get user profile","service":"microsoft-graph-service","timestamp":"2025-10-07T19:35:07.534Z"}
{"level":"info","message":"Microsoft Graph Service initialized","scopes":6,"service":"microsoft-graph-service","tenantId":"common","timestamp":"2025-10-07T21:52:10.290Z"}
{"error":"Not authenticated or token expired. Please authenticate first.","level":"error","message":"Failed to get user profile","service":"microsoft-graph-service","timestamp":"2025-10-07T21:52:11.409Z"}
{"level":"info","message":"Microsoft Graph Service initialized","scopes":6,"service":"microsoft-graph-service","tenantId":"common","timestamp":"2025-10-07T21:53:38.975Z"}
{"error":"Not authenticated or token expired. Please authenticate first.","level":"error","message":"Failed to get user profile","service":"microsoft-graph-service","timestamp":"2025-10-07T21:53:40.121Z"}
{"account":"shail@jarv1s.onmicrosoft.com","expiresOn":"2025-10-07T23:06:10.000Z","level":"info","message":"Successfully authenticated with Microsoft","service":"microsoft-graph-service","timestamp":"2025-10-07T21:54:19.050Z"}
{"level":"info","message":"Microsoft Graph Service initialized","scopes":6,"service":"microsoft-graph-service","tenantId":"common","timestamp":"2025-10-07T23:05:11.398Z"}
{"error":"Not authenticated or token expired. Please authenticate first.","level":"error","message":"Failed to get user profile","service":"microsoft-graph-service","timestamp":"2025-10-07T23:05:12.523Z"}
{"account":"shail@jarv1s.onmicrosoft.com","expiresOn":"2025-10-08T00:35:57.000Z","level":"info","message":"Successfully authenticated with Microsoft","service":"microsoft-graph-service","timestamp":"2025-10-07T23:07:25.881Z"}
{"event_id":"AQMkADAyOWZhN2M2LTQ2ODUtNDhhMi1iYgExLTFjMDI5YjdmMmZkZgBGAAADt0P0af9P7kWOX53lrWzpwAcA_k5yjNUskE219LLpHaEU8gAAAgENAAAA_k5yjNUskE219LLpHaEU8gAAAiqAAAAA","has_online_meeting":false,"level":"info","meeting_link":"https://outlook.office365.com/owa/?itemid=AQMkADAyOWZhN2M2LTQ2ODUtNDhhMi1iYgExLTFjMDI5YjdmMmZkZgBGAAADt0P0af9P7kWOX53lrWzpwAcA%2Bk5yjNUskE219LLpHaEU8gAAAgENAAAA%2Bk5yjNUskE219LLpHaEU8gAAAiqAAAAA&exvsurl=1&path=/calendar/item","message":"Calendar event created","service":"microsoft-graph-service","start":"2025-10-20T15:00:00.0000000","subject":"Meeting with Shail","timestamp":"2025-10-07T23:08:55.090Z"}
{"level":"info","message":"Microsoft Graph Service initialized","scopes":6,"service":"microsoft-graph-service","tenantId":"common","timestamp":"2025-10-07T23:14:30.998Z"}
{"error":"Not authenticated or token expired. Please authenticate first.","level":"error","message":"Failed to get user profile","service":"microsoft-graph-service","timestamp":"2025-10-07T23:14:32.151Z"}
{"level":"info","message":"Microsoft Graph Service initialized","scopes":6,"service":"microsoft-graph-service","tenantId":"common","timestamp":"2025-10-07T23:21:57.906Z"}
{"error":"Not authenticated or token expired. Please authenticate first.","level":"error","message":"Failed to get user profile","service":"microsoft-graph-service","timestamp":"2025-10-07T23:21:59.012Z"}
{"level":"info","message":"Microsoft Graph Service initialized","scopes":6,"service":"microsoft-graph-service","tenantId":"common","timestamp":"2025-10-07T23:24:00.887Z"}
{"error":"Not authenticated or token expired. Please authenticate first.","level":"error","message":"Failed to get user profile","service":"microsoft-graph-service","timestamp":"2025-10-07T23:24:02.011Z"}
{"level":"info","message":"Microsoft Graph Service initialized","scopes":6,"service":"microsoft-graph-service","tenantId":"common","timestamp":"2025-10-07T23:32:44.881Z"}
{"error":"Not authenticated or token expired. Please authenticate first.","level":"error","message":"Failed to get user profile","service":"microsoft-graph-service","timestamp":"2025-10-07T23:32:45.969Z"}
{"level":"info","message":"Microsoft Graph Service initialized","scopes":6,"service":"microsoft-graph-service","tenantId":"common","timestamp":"2025-10-07T23:39:48.758Z"}
{"error":"Not authenticated or token expired. Please authenticate first.","level":"error","message":"Failed to get user profile","service":"microsoft-graph-service","timestamp":"2025-10-07T23:39:49.897Z"}
{"level":"info","message":"Microsoft Graph Service initialized","scopes":6,"service":"microsoft-graph-service","tenantId":"common","timestamp":"2025-10-07T23:47:13.159Z"}
{"level":"info","message":"Microsoft Graph Service initialized","scopes":6,"service":"microsoft-graph-service","tenantId":"common","timestamp":"2025-10-07T23:48:37.601Z"}
{"level":"info","message":"Microsoft Graph Service initialized","scopes":6,"service":"microsoft-graph-service","tenantId":"common","timestamp":"2025-10-07T23:50:19.878Z"}
{"level":"info","message":"Microsoft Graph Service initialized","scopes":6,"service":"microsoft-graph-service","tenantId":"common","timestamp":"2025-10-07T23:51:58.636Z"}
{"level":"info","message":"Microsoft Graph Service initialized","scopes":6,"service":"microsoft-graph-service","tenantId":"common","timestamp":"2025-10-07T23:56:02.740Z"}
{"error":"Not authenticated or token expired. Please authenticate first.","level":"error","message":"Failed to get user profile","service":"microsoft-graph-service","timestamp":"2025-10-07T23:56:03.881Z"}
{"level":"info","message":"Microsoft Graph Service initialized","scopes":6,"service":"microsoft-graph-service","tenantId":"common","timestamp":"2025-10-07T23:59:50.125Z"}
{"level":"info","message":"Microsoft Graph Service initialized","scopes":6,"service":"microsoft-graph-service","tenantId":"common","timestamp":"2025-10-08T01:17:14.070Z"}
{"level":"info","message":"Microsoft Graph Service initialized","scopes":6,"service":"microsoft-graph-service","tenantId":"common","timestamp":"2025-10-08T01:18:15.004Z"}
{"level":"info","message":"Microsoft Graph Service initialized","scopes":6,"service":"microsoft-graph-service","tenantId":"common","timestamp":"2025-10-08T01:21:55.451Z"}
{"level":"info","message":"Microsoft Graph Service initialized","scopes":6,"service":"microsoft-graph-service","tenantId":"common","timestamp":"2025-10-08T01:36:13.476Z"}
{"level":"info","message":"Microsoft Graph Service initialized","scopes":6,"service":"microsoft-graph-service","tenantId":"common","timestamp":"2025-10-08T01:41:04.708Z"}
{"level":"info","message":"Microsoft Graph Service initialized","scopes":6,"service":"microsoft-graph-service","tenantId":"common","timestamp":"2025-10-08T01:41:52.629Z"}
{"level":"info","message":"Microsoft Graph Service initialized","scopes":6,"service":"microsoft-graph-service","tenantId":"common","timestamp":"2025-10-08T01:43:14.715Z"}
{"error":"Not authenticated or token expired. Please authenticate first.","level":"error","message":"Failed to get user profile","service":"microsoft-graph-service","timestamp":"2025-10-08T01:43:15.842Z"}
{"level":"info","message":"Microsoft Graph Service initialized","scopes":6,"service":"microsoft-graph-service","tenantId":"common","timestamp":"2025-10-08T01:43:44.808Z"}
{"error":"Not authenticated or token expired. Please authenticate first.","level":"error","message":"Failed to get user profile","service":"microsoft-graph-service","timestamp":"2025-10-08T01:43:45.964Z"}
{"level":"info","message":"Microsoft Graph Service initialized","scopes":6,"service":"microsoft-graph-service","tenantId":"common","timestamp":"2025-10-08T02:27:57.461Z"}
{"error":"Not authenticated or token expired. Please authenticate first.","level":"error","message":"Failed to get user profile","service":"microsoft-graph-service","timestamp":"2025-10-08T02:27:58.651Z"}
{"level":"info","message":"Microsoft Graph Service initialized","scopes":6,"service":"microsoft-graph-service","tenantId":"common","timestamp":"2025-10-08T02:28:29.678Z"}
{"error":"Not authenticated or token expired. Please authenticate first.","level":"error","message":"Failed to get user profile","service":"microsoft-graph-service","timestamp":"2025-10-08T02:28:30.824Z"}
{"level":"info","message":"Microsoft Graph Service initialized","scopes":6,"service":"microsoft-graph-service","tenantId":"common","timestamp":"2025-10-08T02:29:22.941Z"}
{"error":"Not authenticated or token expired. Please authenticate first.","level":"error","message":"Failed to get user profile","service":"microsoft-graph-service","timestamp":"2025-10-08T02:29:24.060Z"}
{"error":"Not authenticated or token expired. Please authenticate first.","eventData":{"attendeeList":["sdalal1@termail.umd.edu"],"attendees":[],"body":"Meeting scheduled from task: I need you to set up a meeting with <mailto:sdalal1@termail\n\nTask Description: <@U09GEFMKGE7> I need you to set up a meeting with <mailto:sdalal1@termail.umd.edu|sdalal1@termail.umd.edu> on october 20th","endTime":"2025-10-20T16:30:00.000Z","isOnlineMeeting":true,"service":"google","startTime":"2025-10-20T16:00:00.000Z","subject":"Meeting","timeZone":"America/Denver"},"level":"error","message":"Failed to create calendar event","service":"microsoft-graph-service","timestamp":"2025-10-08T02:30:29.384Z"}
{"level":"info","message":"Microsoft Graph Service initialized","scopes":6,"service":"microsoft-graph-service","tenantId":"common","timestamp":"2025-10-08T02:33:33.021Z"}
{"error":"Not authenticated or token expired. Please authenticate first.","level":"error","message":"Failed to get user profile","service":"microsoft-graph-service","timestamp":"2025-10-08T02:33:34.146Z"}
{"level":"info","message":"Microsoft Graph Service initialized","scopes":6,"service":"microsoft-graph-service","tenantId":"common","timestamp":"2025-10-08T02:35:12.433Z"}
{"error":"Not authenticated or token expired. Please authenticate first.","level":"error","message":"Failed to get user profile","service":"microsoft-graph-service","timestamp":"2025-10-08T02:35:13.542Z"}
{"level":"info","message":"Microsoft Graph Service initialized","scopes":6,"service":"microsoft-graph-service","tenantId":"common","timestamp":"2025-10-08T02:55:16.257Z"}
{"error":"Not authenticated or token expired. Please authenticate first.","level":"error","message":"Failed to get user profile","service":"microsoft-graph-service","timestamp":"2025-10-08T02:55:17.386Z"}
{"account":"shail@jarv1s.onmicrosoft.com","expiresOn":"2025-10-08T04:14:37.000Z","level":"info","message":"Successfully authenticated with Microsoft","service":"microsoft-graph-service","timestamp":"2025-10-08T02:55:29.931Z"}
{"level":"info","message":"Microsoft Graph Service initialized","scopes":6,"service":"microsoft-graph-service","tenantId":"common","timestamp":"2025-10-08T02:59:02.349Z"}
{"error":"Not authenticated or token expired. Please authenticate first.","level":"error","message":"Failed to get user profile","service":"microsoft-graph-service","timestamp":"2025-10-08T02:59:03.485Z"}
{"account":"shail@jarv1s.onmicrosoft.com","expiresOn":"2025-10-08T04:27:39.000Z","level":"info","message":"Successfully authenticated with Microsoft","service":"microsoft-graph-service","timestamp":"2025-10-08T02:59:21.474Z"}
{"event_id":"AQMkADAyOWZhN2M2LTQ2ODUtNDhhMi1iYgExLTFjMDI5YjdmMmZkZgBGAAADt0P0af9P7kWOX53lrWzpwAcA_k5yjNUskE219LLpHaEU8gAAAgENAAAA_k5yjNUskE219LLpHaEU8gAAAiqIAAAA","has_online_meeting":true,"level":"info","meeting_link":"https://teams.microsoft.com/l/meetup-join/19%3ameeting_OGJlNmFlNzgtNTAyMC00ZmQ1LWJlZjQtNDAyOGI1M2JiZWY4%40thread.v2/0?context=%7b%22Tid%22%3a%228101f735-6d05-4dbf-b9b3-c9b6469b7b3d%22%2c%22Oid%22%3a%220f6bbf0f-4842-4440-8739-55691d1e65ac%22%7d","message":"Calendar event created","service":"microsoft-graph-service","start":"2025-10-20T15:00:00.0000000","subject":"Meeting with Shail","timestamp":"2025-10-08T03:00:32.103Z"}
{"level":"info","message":"Microsoft Graph Service initialized","scopes":6,"service":"microsoft-graph-service","tenantId":"common","timestamp":"2025-10-12T02:48:05.718Z"}
{"error":"Not authenticated or token expired. Please authenticate first.","level":"error","message":"Failed to get user profile","service":"microsoft-graph-service","timestamp":"2025-10-12T02:48:06.846Z"}
{"level":"info","message":"Microsoft Graph Service initialized","scopes":6,"service":"microsoft-graph-service","tenantId":"common","timestamp":"2025-10-12T02:53:08.120Z"}
{"error":"Not authenticated or token expired. Please authenticate first.","level":"error","message":"Failed to get user profile","service":"microsoft-graph-service","timestamp":"2025-10-12T02:53:09.268Z"}
{"level":"info","message":"Microsoft Graph Service initialized","scopes":6,"service":"microsoft-graph-service","tenantId":"common","timestamp":"2025-10-12T02:57:04.977Z"}
{"error":"Not authenticated or token expired. Please authenticate first.","level":"error","message":"Failed to get user profile","service":"microsoft-graph-service","timestamp":"2025-10-12T02:57:06.153Z"}
{"level":"info","message":"Microsoft Graph Service initialized","scopes":6,"service":"microsoft-graph-service","tenantId":"common","timestamp":"2025-10-12T02:57:36.336Z"}
{"error":"Not authenticated or token expired. Please authenticate first.","level":"error","message":"Failed to get user profile","service":"microsoft-graph-service","timestamp":"2025-10-12T02:57:37.559Z"}
{"level":"info","message":"Microsoft Graph Service initialized","scopes":6,"service":"microsoft-graph-service","tenantId":"common","timestamp":"2025-10-12T18:11:51.251Z"}
{"error":"Not authenticated or token expired. Please authenticate first.","level":"error","message":"Failed to get user profile","service":"microsoft-graph-service","timestamp":"2025-10-12T18:11:52.384Z"}
{"level":"info","message":"Microsoft Graph Service initialized","scopes":6,"service":"microsoft-graph-service","tenantId":"common","timestamp":"2025-10-12T18:48:14.245Z"}
{"error":"Not authenticated or token expired. Please authenticate first.","level":"error","message":"Failed to get user profile","service":"microsoft-graph-service","timestamp":"2025-10-12T18:48:15.379Z"}
{"level":"info","message":"Microsoft Graph Service initialized","scopes":6,"service":"microsoft-graph-service","tenantId":"common","timestamp":"2025-10-12T20:08:53.821Z"}
{"error":"Not authenticated or token expired. Please authenticate first.","level":"error","message":"Failed to get user profile","service":"microsoft-graph-service","timestamp":"2025-10-12T20:08:54.957Z"}
{"level":"info","message":"Microsoft Graph Service initialized","scopes":6,"service":"microsoft-graph-service","tenantId":"common","timestamp":"2025-10-12T20:11:33.235Z"}
{"error":"Not authenticated or token expired. Please authenticate first.","level":"error","message":"Failed to get user profile","service":"microsoft-graph-service","timestamp":"2025-10-12T20:11:34.384Z"}
{"level":"info","message":"Microsoft Graph Service initialized","scopes":6,"service":"microsoft-graph-service","tenantId":"common","timestamp":"2025-10-12T20:51:05.760Z"}
{"error":"Not authenticated or token expired. Please authenticate first.","level":"error","message":"Failed to get user profile","service":"microsoft-graph-service","timestamp":"2025-10-12T20:51:06.913Z"}
{"level":"info","message":"Microsoft Graph Service initialized","scopes":6,"service":"microsoft-graph-service","tenantId":"common","timestamp":"2025-10-12T20:51:32.488Z"}
{"error":"Not authenticated or token expired. Please authenticate first.","level":"error","message":"Failed to get user profile","service":"microsoft-graph-service","timestamp":"2025-10-12T20:51:33.610Z"}
{"level":"info","message":"Microsoft Graph Service initialized","scopes":6,"service":"microsoft-graph-service","tenantId":"common","timestamp":"2025-10-12T20:55:04.490Z"}
{"error":"Not authenticated or token expired. Please authenticate first.","level":"error","message":"Failed to get user profile","service":"microsoft-graph-service","timestamp":"2025-10-12T20:55:05.712Z"}
{"level":"info","message":"Microsoft Graph Service initialized","scopes":6,"service":"microsoft-graph-service","tenantId":"common","timestamp":"2025-10-12T20:56:05.362Z"}
{"error":"Not authenticated or token expired. Please authenticate first.","level":"error","message":"Failed to get user profile","service":"microsoft-graph-service","timestamp":"2025-10-12T20:56:06.507Z"}
{"level":"info","message":"Microsoft Graph Service initialized","scopes":6,"service":"microsoft-graph-service","tenantId":"common","timestamp":"2025-10-12T20:59:57.533Z"}
{"error":"Not authenticated or token expired. Please authenticate first.","level":"error","message":"Failed to get user profile","service":"microsoft-graph-service","timestamp":"2025-10-12T20:59:58.655Z"}
{"level":"info","message":"Microsoft Graph Service initialized","scopes":6,"service":"microsoft-graph-service","tenantId":"common","timestamp":"2025-10-12T21:02:06.975Z"}
{"error":"Not authenticated or token expired. Please authenticate first.","level":"error","message":"Failed to get user profile","service":"microsoft-graph-service","timestamp":"2025-10-12T21:02:08.134Z"}
{"level":"info","message":"Microsoft Graph Service initialized","scopes":6,"service":"microsoft-graph-service","tenantId":"common","timestamp":"2025-10-12T21:06:24.780Z"}
{"error":"Not authenticated or token expired. Please authenticate first.","level":"error","message":"Failed to get user profile","service":"microsoft-graph-service","timestamp":"2025-10-12T21:06:25.909Z"}
{"level":"info","message":"Microsoft Graph Service initialized","scopes":6,"service":"microsoft-graph-service","tenantId":"common","timestamp":"2025-10-12T21:09:20.491Z"}
{"error":"Not authenticated or token expired. Please authenticate first.","level":"error","message":"Failed to get user profile","service":"microsoft-graph-service","timestamp":"2025-10-12T21:09:21.628Z"}
{"level":"info","message":"Microsoft Graph Service initialized","scopes":6,"service":"microsoft-graph-service","tenantId":"common","timestamp":"2025-10-12T21:09:35.822Z"}
{"error":"Not authenticated or token expired. Please authenticate first.","level":"error","message":"Failed to get user profile","service":"microsoft-graph-service","timestamp":"2025-10-12T21:09:36.956Z"}
{"level":"info","message":"Microsoft Graph Service initialized","scopes":6,"service":"microsoft-graph-service","tenantId":"common","timestamp":"2025-10-12T21:11:25.285Z"}
{"error":"Not authenticated or token expired. Please authenticate first.","level":"error","message":"Failed to get user profile","service":"microsoft-graph-service","timestamp":"2025-10-12T21:11:26.443Z"}
{"level":"info","message":"Microsoft Graph Service initialized","scopes":6,"service":"microsoft-graph-service","tenantId":"common","timestamp":"2025-10-12T21:19:12.277Z"}
{"error":"Not authenticated or token expired. Please authenticate first.","level":"error","message":"Failed to get user profile","service":"microsoft-graph-service","timestamp":"2025-10-12T21:19:13.842Z"}
{"level":"info","message":"Microsoft Graph Service initialized","scopes":6,"service":"microsoft-graph-service","tenantId":"common","timestamp":"2025-10-12T21:19:21.332Z"}
{"error":"Not authenticated or token expired. Please authenticate first.","level":"error","message":"Failed to get user profile","service":"microsoft-graph-service","timestamp":"2025-10-12T21:19:23.341Z"}
{"level":"info","message":"Microsoft Graph Service initialized","scopes":6,"service":"microsoft-graph-service","tenantId":"common","timestamp":"2025-10-12T21:20:00.271Z"}
{"error":"Not authenticated or token expired. Please authenticate first.","level":"error","message":"Failed to get user profile","service":"microsoft-graph-service","timestamp":"2025-10-12T21:20:02.177Z"}
{"level":"info","message":"Microsoft Graph Service initialized","scopes":6,"service":"microsoft-graph-service","tenantId":"common","timestamp":"2025-10-12T21:23:04.426Z"}
{"error":"Not authenticated or token expired. Please authenticate first.","level":"error","message":"Failed to get user profile","service":"microsoft-graph-service","timestamp":"2025-10-12T21:23:06.251Z"}
{"level":"info","message":"Microsoft Graph Service initialized","scopes":6,"service":"microsoft-graph-service","tenantId":"common","timestamp":"2025-10-12T21:23:23.468Z"}
{"error":"Not authenticated or token expired. Please authenticate first.","level":"error","message":"Failed to get user profile","service":"microsoft-graph-service","timestamp":"2025-10-12T21:23:25.405Z"}
{"level":"info","message":"Microsoft Graph Service initialized","scopes":6,"service":"microsoft-graph-service","tenantId":"common","timestamp":"2025-10-12T21:26:48.819Z"}
{"error":"Not authenticated or token expired. Please authenticate first.","level":"error","message":"Failed to get user profile","service":"microsoft-graph-service","timestamp":"2025-10-12T21:26:50.791Z"}
{"level":"info","message":"Microsoft Graph Service initialized","scopes":6,"service":"microsoft-graph-service","tenantId":"common","timestamp":"2025-10-12T21:31:35.241Z"}
{"error":"Not authenticated or token expired. Please authenticate first.","level":"error","message":"Failed to get user profile","service":"microsoft-graph-service","timestamp":"2025-10-12T21:31:36.390Z"}
{"level":"info","message":"Microsoft Graph Service initialized","scopes":6,"service":"microsoft-graph-service","tenantId":"common","timestamp":"2025-10-12T21:31:49.772Z"}
{"error":"Not authenticated or token expired. Please authenticate first.","level":"error","message":"Failed to get user profile","service":"microsoft-graph-service","timestamp":"2025-10-12T21:31:50.895Z"}
{"challengeLength":43,"level":"debug","message":"PKCE generated","service":"microsoft-graph-service","timestamp":"2025-10-12T21:31:53.766Z","verifierLength":43}
{"account":"avi@jarv1s.onmicrosoft.com","expiresOn":"2025-10-12T22:48:45.000Z","level":"info","message":"Successfully authenticated with Microsoft","service":"microsoft-graph-service","timestamp":"2025-10-12T21:31:55.134Z"}
{"event_id":"AAMkADdhYjQ5MGZiLTRmMzgtNDczNS04ZWM5LWZjMTY3NzExMDQ0YwBGAAAAAAC9wnZj5DA2TYh4S3vqb26BBwBAjenV_X5tRbUk6hX30pJ0AAAAAAENAABAjenV_X5tRbUk6hX30pJ0AAAC6UaGAAA=","has_online_meeting":true,"level":"info","meeting_link":"https://teams.microsoft.com/l/meetup-join/19%3ameeting_Y2JjMjQ1MTktODM0YS00MWEyLTg0NzktMGRjNGI4ZmNmOGM1%40thread.v2/0?context=%7b%22Tid%22%3a%228101f735-6d05-4dbf-b9b3-c9b6469b7b3d%22%2c%22Oid%22%3a%22feefa571-46d7-4c95-80e6-402d719133a5%22%7d","message":"Calendar event created","service":"microsoft-graph-service","start":"2025-10-13T16:15:00.0000000","subject":"Competitor Setup Analysis for ABC Corp","timestamp":"2025-10-12T21:41:13.483Z"}
{"level":"info","message":"Microsoft Graph Service initialized","scopes":6,"service":"microsoft-graph-service","tenantId":"common","timestamp":"2025-10-12T22:05:52.911Z"}
{"error":"Not authenticated or token expired. Please authenticate first.","level":"error","message":"Failed to get user profile","service":"microsoft-graph-service","timestamp":"2025-10-12T22:05:54.034Z"}
{"level":"info","message":"Microsoft Graph Service initialized","scopes":6,"service":"microsoft-graph-service","tenantId":"common","timestamp":"2025-10-12T22:07:32.748Z"}
{"error":"Not authenticated or token expired. Please authenticate first.","level":"error","message":"Failed to get user profile","service":"microsoft-graph-service","timestamp":"2025-10-12T22:07:34.526Z"}
{"level":"info","message":"Microsoft Graph Service initialized","scopes":6,"service":"microsoft-graph-service","tenantId":"common","timestamp":"2025-10-12T22:08:14.725Z"}
{"error":"Not authenticated or token expired. Please authenticate first.","level":"error","message":"Failed to get user profile","service":"microsoft-graph-service","timestamp":"2025-10-12T22:08:15.919Z"}
{"level":"info","message":"Microsoft Graph Service initialized","scopes":6,"service":"microsoft-graph-service","tenantId":"common","timestamp":"2025-10-12T22:08:27.693Z"}
{"error":"Not authenticated or token expired. Please authenticate first.","level":"error","message":"Failed to get user profile","service":"microsoft-graph-service","timestamp":"2025-10-12T22:08:28.820Z"}
{"level":"info","message":"Microsoft Graph Service initialized","scopes":6,"service":"microsoft-graph-service","tenantId":"common","timestamp":"2025-10-12T22:11:10.488Z"}
{"error":"Not authenticated or token expired. Please authenticate first.","level":"error","message":"Failed to get user profile","service":"microsoft-graph-service","timestamp":"2025-10-12T22:11:11.609Z"}
{"challengeLength":43,"level":"debug","message":"PKCE generated","service":"microsoft-graph-service","timestamp":"2025-10-12T22:12:37.700Z","verifierLength":43}
{"account":"avi@jarv1s.onmicrosoft.com","expiresOn":"2025-10-12T23:41:43.000Z","level":"info","message":"Successfully authenticated with Microsoft","service":"microsoft-graph-service","timestamp":"2025-10-12T22:12:39.206Z"}
{"level":"info","message":"Microsoft Graph Service initialized","scopes":6,"service":"microsoft-graph-service","tenantId":"common","timestamp":"2025-10-12T22:13:26.793Z"}
{"error":"Not authenticated or token expired. Please authenticate first.","level":"error","message":"Failed to get user profile","service":"microsoft-graph-service","timestamp":"2025-10-12T22:13:28.008Z"}
{"level":"info","message":"Microsoft Graph Service initialized","scopes":6,"service":"microsoft-graph-service","tenantId":"common","timestamp":"2025-10-12T22:17:00.906Z"}
{"error":"Not authenticated or token expired. Please authenticate first.","level":"error","message":"Failed to get user profile","service":"microsoft-graph-service","timestamp":"2025-10-12T22:17:02.024Z"}
{"level":"info","message":"Microsoft Graph Service initialized","scopes":6,"service":"microsoft-graph-service","tenantId":"common","timestamp":"2025-10-12T22:17:43.716Z"}
{"error":"Not authenticated or token expired. Please authenticate first.","level":"error","message":"Failed to get user profile","service":"microsoft-graph-service","timestamp":"2025-10-12T22:17:44.844Z"}
{"level":"info","message":"Microsoft Graph Service initialized","scopes":6,"service":"microsoft-graph-service","tenantId":"common","timestamp":"2025-10-12T22:17:51.915Z"}
{"error":"Not authenticated or token expired. Please authenticate first.","level":"error","message":"Failed to get user profile","service":"microsoft-graph-service","timestamp":"2025-10-12T22:17:53.044Z"}
{"level":"info","message":"Microsoft Graph Service initialized","scopes":6,"service":"microsoft-graph-service","tenantId":"common","timestamp":"2025-10-12T22:18:48.390Z"}
{"error":"Not authenticated or token expired. Please authenticate first.","level":"error","message":"Failed to get user profile","service":"microsoft-graph-service","timestamp":"2025-10-12T22:18:50.240Z"}
{"level":"info","message":"Microsoft Graph Service initialized","scopes":6,"service":"microsoft-graph-service","tenantId":"common","timestamp":"2025-10-12T22:19:17.234Z"}
{"error":"Not authenticated or token expired. Please authenticate first.","level":"error","message":"Failed to get user profile","service":"microsoft-graph-service","timestamp":"2025-10-12T22:19:18.360Z"}
{"level":"info","message":"Microsoft Graph Service initialized","scopes":6,"service":"microsoft-graph-service","tenantId":"common","timestamp":"2025-10-12T22:19:36.707Z"}
{"error":"Not authenticated or token expired. Please authenticate first.","level":"error","message":"Failed to get user profile","service":"microsoft-graph-service","timestamp":"2025-10-12T22:19:37.831Z"}
{"challengeLength":43,"level":"debug","message":"PKCE generated","service":"microsoft-graph-service","timestamp":"2025-10-12T22:19:44.242Z","verifierLength":43}
{"account":"avi@jarv1s.onmicrosoft.com","expiresOn":"2025-10-12T23:44:58.000Z","level":"info","message":"Successfully authenticated with Microsoft","service":"microsoft-graph-service","timestamp":"2025-10-12T22:19:45.493Z"}
{"level":"info","message":"Microsoft Graph Service initialized","scopes":6,"service":"microsoft-graph-service","tenantId":"common","timestamp":"2025-10-12T22:20:51.281Z"}
{"error":"Not authenticated or token expired. Please authenticate first.","level":"error","message":"Failed to get user profile","service":"microsoft-graph-service","timestamp":"2025-10-12T22:20:52.413Z"}
{"level":"info","message":"Microsoft Graph Service initialized","scopes":6,"service":"microsoft-graph-service","tenantId":"common","timestamp":"2025-10-12T22:21:00.155Z"}
{"error":"Not authenticated or token expired. Please authenticate first.","level":"error","message":"Failed to get user profile","service":"microsoft-graph-service","timestamp":"2025-10-12T22:21:01.340Z"}
{"level":"info","message":"Microsoft Graph Service initialized","scopes":6,"service":"microsoft-graph-service","tenantId":"common","timestamp":"2025-10-12T22:21:37.947Z"}
{"error":"Not authenticated or token expired. Please authenticate first.","level":"error","message":"Failed to get user profile","service":"microsoft-graph-service","timestamp":"2025-10-12T22:21:39.065Z"}
{"level":"info","message":"Microsoft Graph Service initialized","scopes":6,"service":"microsoft-graph-service","tenantId":"common","timestamp":"2025-10-12T22:36:04.625Z"}
{"error":"Not authenticated or token expired. Please authenticate first.","level":"error","message":"Failed to get user profile","service":"microsoft-graph-service","timestamp":"2025-10-12T22:36:05.805Z"}
{"level":"info","message":"Microsoft Graph Service initialized","scopes":6,"service":"microsoft-graph-service","tenantId":"common","timestamp":"2025-10-12T22:36:31.469Z"}
{"error":"Not authenticated or token expired. Please authenticate first.","level":"error","message":"Failed to get user profile","service":"microsoft-graph-service","timestamp":"2025-10-12T22:36:32.587Z"}
{"level":"info","message":"Microsoft Graph Service initialized","scopes":6,"service":"microsoft-graph-service","tenantId":"common","timestamp":"2025-10-12T22:38:19.481Z"}
{"error":"Not authenticated or token expired. Please authenticate first.","level":"error","message":"Failed to get user profile","service":"microsoft-graph-service","timestamp":"2025-10-12T22:38:20.857Z"}
{"level":"info","message":"Microsoft Graph Service initialized","scopes":6,"service":"microsoft-graph-service","tenantId":"common","timestamp":"2025-10-12T22:39:39.878Z"}
{"error":"Not authenticated or token expired. Please authenticate first.","level":"error","message":"Failed to get user profile","service":"microsoft-graph-service","timestamp":"2025-10-12T22:39:41.010Z"}
{"level":"info","message":"Microsoft Graph Service initialized","scopes":6,"service":"microsoft-graph-service","tenantId":"common","timestamp":"2025-10-12T22:42:13.733Z"}
{"error":"Not authenticated or token expired. Please authenticate first.","level":"error","message":"Failed to get user profile","service":"microsoft-graph-service","timestamp":"2025-10-12T22:42:14.857Z"}
{"level":"info","message":"Microsoft Graph Service initialized","scopes":6,"service":"microsoft-graph-service","tenantId":"common","timestamp":"2025-10-12T22:51:56.737Z"}
{"error":"Not authenticated or token expired. Please authenticate first.","level":"error","message":"Failed to get user profile","service":"microsoft-graph-service","timestamp":"2025-10-12T22:51:57.855Z"}
{"level":"info","message":"Microsoft Graph Service initialized","scopes":6,"service":"microsoft-graph-service","tenantId":"common","timestamp":"2025-10-12T22:53:00.593Z"}
{"error":"Not authenticated or token expired. Please authenticate first.","level":"error","message":"Failed to get user profile","service":"microsoft-graph-service","timestamp":"2025-10-12T22:53:01.739Z"}
{"level":"info","message":"Microsoft Graph Service initialized","scopes":6,"service":"microsoft-graph-service","tenantId":"common","timestamp":"2025-10-12T22:53:14.322Z"}
{"error":"Not authenticated or token expired. Please authenticate first.","level":"error","message":"Failed to get user profile","service":"microsoft-graph-service","timestamp":"2025-10-12T22:53:15.432Z"}
{"level":"info","message":"Microsoft Graph Service initialized","scopes":6,"service":"microsoft-graph-service","tenantId":"common","timestamp":"2025-10-12T22:55:39.631Z"}
{"error":"Not authenticated or token expired. Please authenticate first.","level":"error","message":"Failed to get user profile","service":"microsoft-graph-service","timestamp":"2025-10-12T22:55:40.754Z"}
{"level":"info","message":"Microsoft Graph Service initialized","scopes":6,"service":"microsoft-graph-service","tenantId":"common","timestamp":"2025-10-12T22:55:47.146Z"}
{"error":"Not authenticated or token expired. Please authenticate first.","level":"error","message":"Failed to get user profile","service":"microsoft-graph-service","timestamp":"2025-10-12T22:55:48.275Z"}
{"level":"info","message":"Microsoft Graph Service initialized","scopes":6,"service":"microsoft-graph-service","tenantId":"common","timestamp":"2025-10-12T22:56:27.713Z"}
{"error":"Not authenticated or token expired. Please authenticate first.","level":"error","message":"Failed to get user profile","service":"microsoft-graph-service","timestamp":"2025-10-12T22:56:28.830Z"}
{"level":"info","message":"Microsoft Graph Service initialized","scopes":6,"service":"microsoft-graph-service","tenantId":"common","timestamp":"2025-10-12T22:58:51.923Z"}
{"error":"Not authenticated or token expired. Please authenticate first.","level":"error","message":"Failed to get user profile","service":"microsoft-graph-service","timestamp":"2025-10-12T22:58:53.085Z"}
{"level":"info","message":"Microsoft Graph Service initialized","scopes":6,"service":"microsoft-graph-service","tenantId":"common","timestamp":"2025-10-12T23:08:23.982Z"}
{"error":"Not authenticated or token expired. Please authenticate first.","level":"error","message":"Failed to get user profile","service":"microsoft-graph-service","timestamp":"2025-10-12T23:08:25.106Z"}
{"level":"info","message":"Microsoft Graph Service initialized","scopes":6,"service":"microsoft-graph-service","tenantId":"common","timestamp":"2025-10-12T23:10:18.526Z"}
{"error":"Not authenticated or token expired. Please authenticate first.","level":"error","message":"Failed to get user profile","service":"microsoft-graph-service","timestamp":"2025-10-12T23:10:19.647Z"}
{"error":"Not authenticated or token expired. Please authenticate first.","level":"error","message":"Failed to get user profile","service":"microsoft-graph-service","timestamp":"2025-10-12T23:11:59.221Z"}
{"level":"info","message":"Microsoft Graph Service initialized","scopes":6,"service":"microsoft-graph-service","tenantId":"common","timestamp":"2025-10-12T23:24:46.346Z"}
{"error":"Not authenticated or token expired. Please authenticate first.","level":"error","message":"Failed to get user profile","service":"microsoft-graph-service","timestamp":"2025-10-12T23:24:47.517Z"}
{"level":"info","message":"Microsoft Graph Service initialized","scopes":6,"service":"microsoft-graph-service","tenantId":"common","timestamp":"2025-10-12T23:30:55.328Z"}
{"error":"Not authenticated or token expired. Please authenticate first.","level":"error","message":"Failed to get user profile","service":"microsoft-graph-service","timestamp":"2025-10-12T23:30:56.502Z"}
{"level":"info","message":"Microsoft Graph Service initialized","scopes":6,"service":"microsoft-graph-service","tenantId":"common","timestamp":"2025-10-12T23:31:33.122Z"}
{"error":"Not authenticated or token expired. Please authenticate first.","level":"error","message":"Failed to get user profile","service":"microsoft-graph-service","timestamp":"2025-10-12T23:31:34.315Z"}
{"level":"info","message":"Microsoft Graph Service initialized","scopes":6,"service":"microsoft-graph-service","tenantId":"common","timestamp":"2025-10-12T23:36:46.902Z"}
{"error":"Not authenticated or token expired. Please authenticate first.","level":"error","message":"Failed to get user profile","service":"microsoft-graph-service","timestamp":"2025-10-12T23:36:48.074Z"}
{"level":"info","message":"Microsoft Graph Service initialized","scopes":6,"service":"microsoft-graph-service","tenantId":"common","timestamp":"2025-10-12T23:41:10.147Z"}
{"error":"Not authenticated or token expired. Please authenticate first.","level":"error","message":"Failed to get user profile","service":"microsoft-graph-service","timestamp":"2025-10-12T23:41:11.326Z"}
{"level":"info","message":"Microsoft Graph Service initialized","scopes":6,"service":"microsoft-graph-service","tenantId":"common","timestamp":"2025-10-12T23:45:01.204Z"}
{"error":"Not authenticated or token expired. Please authenticate first.","level":"error","message":"Failed to get user profile","service":"microsoft-graph-service","timestamp":"2025-10-12T23:45:02.386Z"}
{"level":"info","message":"Microsoft Graph Service initialized","scopes":6,"service":"microsoft-graph-service","tenantId":"common","timestamp":"2025-10-12T23:48:44.041Z"}
{"error":"Not authenticated or token expired. Please authenticate first.","level":"error","message":"Failed to get user profile","service":"microsoft-graph-service","timestamp":"2025-10-12T23:48:45.225Z"}
{"level":"info","message":"Microsoft Graph Service initialized","scopes":6,"service":"microsoft-graph-service","tenantId":"common","timestamp":"2025-10-12T23:50:41.680Z"}
{"error":"Not authenticated or token expired. Please authenticate first.","level":"error","message":"Failed to get user profile","service":"microsoft-graph-service","timestamp":"2025-10-12T23:50:42.866Z"}
{"level":"info","message":"Microsoft Graph Service initialized","scopes":6,"service":"microsoft-graph-service","tenantId":"common","timestamp":"2025-10-12T23:51:57.011Z"}
{"error":"Not authenticated or token expired. Please authenticate first.","level":"error","message":"Failed to get user profile","service":"microsoft-graph-service","timestamp":"2025-10-12T23:51:58.187Z"}
{"level":"info","message":"Microsoft Graph Service initialized","scopes":6,"service":"microsoft-graph-service","tenantId":"common","timestamp":"2025-10-13T00:00:25.377Z"}
{"error":"Not authenticated or token expired. Please authenticate first.","level":"error","message":"Failed to get user profile","service":"microsoft-graph-service","timestamp":"2025-10-13T00:00:26.570Z"}
{"level":"info","message":"Microsoft Graph Service initialized","scopes":14,"service":"microsoft-graph-service","tenantId":"common","timestamp":"2025-10-13T01:01:14.714Z"}
{"error":"Not authenticated or token expired. Please authenticate first.","level":"error","message":"Failed to get user profile","service":"microsoft-graph-service","timestamp":"2025-10-13T01:01:15.876Z"}
{"level":"info","message":"Microsoft Graph Service initialized","scopes":14,"service":"microsoft-graph-service","tenantId":"common","timestamp":"2025-10-13T01:06:19.032Z"}
{"error":"Not authenticated or token expired. Please authenticate first.","level":"error","message":"Failed to get user profile","service":"microsoft-graph-service","timestamp":"2025-10-13T01:06:20.155Z"}
{"challengeLength":43,"level":"debug","message":"PKCE generated","service":"microsoft-graph-service","timestamp":"2025-10-13T01:06:26.371Z","verifierLength":43}
{"account":"avi@jarv1s.onmicrosoft.com","expiresOn":"2025-10-13T02:10:43.000Z","level":"info","message":"Successfully authenticated with Microsoft","service":"microsoft-graph-service","timestamp":"2025-10-13T01:06:31.417Z"}
{"level":"info","message":"Microsoft Graph Service initialized","scopes":14,"service":"microsoft-graph-service","tenantId":"common","timestamp":"2025-10-13T01:09:14.044Z"}
{"error":"Not authenticated or token expired. Please authenticate first.","level":"error","message":"Failed to get user profile","service":"microsoft-graph-service","timestamp":"2025-10-13T01:09:15.175Z"}
{"challengeLength":43,"level":"debug","message":"PKCE generated","service":"microsoft-graph-service","timestamp":"2025-10-13T01:10:27.913Z","verifierLength":43}
{"account":"avi@jarv1s.onmicrosoft.com","expiresOn":"2025-10-13T02:25:36.000Z","level":"info","message":"Successfully authenticated with Microsoft","service":"microsoft-graph-service","timestamp":"2025-10-13T01:10:29.307Z"}
{"level":"info","message":"Microsoft Graph Service initialized","scopes":14,"service":"microsoft-graph-service","tenantId":"common","timestamp":"2025-10-13T01:12:43.313Z"}
{"error":"Not authenticated or token expired. Please authenticate first.","level":"error","message":"Failed to get user profile","service":"microsoft-graph-service","timestamp":"2025-10-13T01:12:44.434Z"}
{"challengeLength":43,"level":"debug","message":"PKCE generated","service":"microsoft-graph-service","timestamp":"2025-10-13T01:12:50.052Z","verifierLength":43}
{"account":"avi@jarv1s.onmicrosoft.com","expiresOn":"2025-10-13T02:34:17.000Z","level":"info","message":"Successfully authenticated with Microsoft","service":"microsoft-graph-service","timestamp":"2025-10-13T01:12:51.358Z"}
{"email":"avi@jarv1s.onmicrosoft.com","level":"info","message":"Retrieved user profile","service":"microsoft-graph-service","timestamp":"2025-10-13T01:14:59.470Z","user_id":"feefa571-46d7-4c95-80e6-402d719133a5"}
{"level":"info","message":"Fetching user teams","service":"microsoft-graph-service","timestamp":"2025-10-13T01:16:02.303Z"}
{"level":"info","message":"User teams fetched","service":"microsoft-graph-service","teamCount":1,"timestamp":"2025-10-13T01:16:03.577Z"}
{"level":"info","message":"Fetching team channels","service":"microsoft-graph-service","teamId":"<teamId>","timestamp":"2025-10-13T01:16:30.565Z"}
{"error":"teamId needs to be a valid GUID.","level":"error","message":"Failed to fetch team channels","service":"microsoft-graph-service","teamId":"<teamId>","timestamp":"2025-10-13T01:16:30.697Z"}
{"level":"info","message":"Fetching team channels","service":"microsoft-graph-service","teamId":"<teamId>","timestamp":"2025-10-13T01:17:09.816Z"}
{"error":"teamId needs to be a valid GUID.","level":"error","message":"Failed to fetch team channels","service":"microsoft-graph-service","teamId":"<teamId>","timestamp":"2025-10-13T01:17:09.941Z"}
{"folderId":"inbox","level":"info","maxResults":10,"message":"Fetching unread emails","service":"microsoft-graph-service","timestamp":"2025-10-13T01:17:24.507Z"}
{"emailCount":5,"folderId":"inbox","level":"info","message":"Unread emails fetched","service":"microsoft-graph-service","timestamp":"2025-10-13T01:17:25.103Z"}
{"level":"info","message":"Fetching user chats","service":"microsoft-graph-service","timestamp":"2025-10-13T01:17:40.610Z"}
{"chatCount":2,"level":"info","message":"User chats fetched","service":"microsoft-graph-service","timestamp":"2025-10-13T01:17:41.688Z"}
{"level":"info","message":"Microsoft Graph Service initialized","scopes":14,"service":"microsoft-graph-service","tenantId":"common","timestamp":"2025-10-13T01:18:54.126Z"}
{"error":"Not authenticated or token expired. Please authenticate first.","level":"error","message":"Failed to get user profile","service":"microsoft-graph-service","timestamp":"2025-10-13T01:18:55.245Z"}
{"challengeLength":43,"level":"debug","message":"PKCE generated","service":"microsoft-graph-service","timestamp":"2025-10-13T01:19:01.490Z","verifierLength":43}
{"account":"avi@jarv1s.onmicrosoft.com","expiresOn":"2025-10-13T02:32:23.000Z","level":"info","message":"Successfully authenticated with Microsoft","service":"microsoft-graph-service","timestamp":"2025-10-13T01:19:02.843Z"}
{"level":"info","message":"Microsoft Graph Service initialized","scopes":14,"service":"microsoft-graph-service","tenantId":"common","timestamp":"2025-10-13T01:20:58.282Z"}
{"error":"Not authenticated or token expired. Please authenticate first.","level":"error","message":"Failed to get user profile","service":"microsoft-graph-service","timestamp":"2025-10-13T01:20:59.407Z"}
{"challengeLength":43,"level":"debug","message":"PKCE generated","service":"microsoft-graph-service","timestamp":"2025-10-13T01:21:12.803Z","verifierLength":43}
{"account":"avi@jarv1s.onmicrosoft.com","expiresOn":"2025-10-13T02:34:26.000Z","level":"info","message":"Successfully authenticated with Microsoft","service":"microsoft-graph-service","timestamp":"2025-10-13T01:21:14.112Z"}
{"level":"info","message":"Microsoft Graph Service initialized","scopes":14,"service":"microsoft-graph-service","tenantId":"common","timestamp":"2025-10-13T01:34:59.521Z"}
{"error":"Not authenticated or token expired. Please authenticate first.","level":"error","message":"Failed to get user profile","service":"microsoft-graph-service","timestamp":"2025-10-13T01:35:00.644Z"}
{"challengeLength":43,"level":"debug","message":"PKCE generated","service":"microsoft-graph-service","timestamp":"2025-10-13T01:35:05.249Z","verifierLength":43}
{"account":"avi@jarv1s.onmicrosoft.com","expiresOn":"2025-10-13T02:51:05.000Z","level":"info","message":"Successfully authenticated with Microsoft","service":"microsoft-graph-service","timestamp":"2025-10-13T01:35:06.644Z"}
