{"level":"info","message":"Going to establish a new connection to Slack ...","service":"slack-app","timestamp":"2025-10-02T01:52:21.539Z"}
{"level":"info","message":"HeyJarvis Slack app started successfully","port":3000,"service":"slack-app","timestamp":"2025-10-02T01:52:21.782Z","webhook_port":3001}
{"level":"info","message":"Webhook server started","port":3001,"service":"slack-app","timestamp":"2025-10-02T01:52:21.782Z"}
{"level":"info","message":"Now connected to Slack","service":"slack-app","timestamp":"2025-10-02T01:52:22.060Z"}
{"level":"info","message":"Disconnecting ...","service":"slack-app","timestamp":"2025-10-02T01:53:12.726Z"}
{"level":"info","message":"✅ Supabase adapter initialized for Slack bot","service":"slack-app","timestamp":"2025-10-08T02:42:30.168Z"}
{"level":"info","message":"Going to establish a new connection to Slack ...","service":"slack-app","timestamp":"2025-10-08T02:42:30.190Z"}
{"level":"info","message":"HeyJarvis Slack app started successfully","port":"3000","service":"slack-app","timestamp":"2025-10-08T02:42:30.408Z","webhook_port":"30001"}
{"level":"info","message":"Webhook server started","port":"30001","service":"slack-app","timestamp":"2025-10-08T02:42:30.408Z"}
{"level":"info","message":"Now connected to Slack","service":"slack-app","timestamp":"2025-10-08T02:42:30.683Z"}
{"level":"info","message":"Disconnecting ...","service":"slack-app","timestamp":"2025-10-08T02:42:40.118Z"}
{"level":"info","message":"✅ Supabase adapter initialized for Slack bot","service":"slack-app","timestamp":"2025-10-08T02:46:18.942Z"}
{"level":"info","message":"Going to establish a new connection to Slack ...","service":"slack-app","timestamp":"2025-10-08T02:46:18.967Z"}
{"level":"info","message":"HeyJarvis Slack app started successfully","port":"3000","service":"slack-app","timestamp":"2025-10-08T02:46:19.218Z","webhook_port":"30001"}
{"level":"info","message":"Webhook server started","port":"30001","service":"slack-app","timestamp":"2025-10-08T02:46:19.218Z"}
{"level":"info","message":"Now connected to Slack","service":"slack-app","timestamp":"2025-10-08T02:46:19.484Z"}
{"level":"info","message":"Disconnecting ...","service":"slack-app","timestamp":"2025-10-08T02:46:52.377Z"}
{"level":"info","message":"✅ Supabase adapter initialized for Slack bot","service":"slack-app","timestamp":"2025-10-08T02:48:39.682Z"}
{"level":"info","message":"Going to establish a new connection to Slack ...","service":"slack-app","timestamp":"2025-10-08T02:48:39.705Z"}
{"level":"info","message":"HeyJarvis Slack app started successfully","port":"3000","service":"slack-app","timestamp":"2025-10-08T02:48:39.949Z","webhook_port":"30001"}
{"level":"info","message":"Webhook server started","port":"30001","service":"slack-app","timestamp":"2025-10-08T02:48:39.949Z"}
{"level":"info","message":"Now connected to Slack","service":"slack-app","timestamp":"2025-10-08T02:48:40.218Z"}
{"level":"info","message":"Disconnecting ...","service":"slack-app","timestamp":"2025-10-08T02:56:18.741Z"}
{"level":"info","message":"✅ Supabase adapter initialized for Slack bot","service":"slack-app","timestamp":"2025-10-08T02:56:22.171Z"}
{"level":"info","message":"Going to establish a new connection to Slack ...","service":"slack-app","timestamp":"2025-10-08T02:56:22.195Z"}
{"level":"info","message":"HeyJarvis Slack app started successfully","port":"3000","service":"slack-app","timestamp":"2025-10-08T02:56:22.382Z","webhook_port":"30001"}
{"level":"info","message":"Webhook server started","port":"30001","service":"slack-app","timestamp":"2025-10-08T02:56:22.382Z"}
{"level":"info","message":"Now connected to Slack","service":"slack-app","timestamp":"2025-10-08T02:56:22.629Z"}
{"level":"info","message":"Disconnecting ...","service":"slack-app","timestamp":"2025-10-08T02:57:40.393Z"}
{"level":"info","message":"✅ Supabase adapter initialized for Slack bot","service":"slack-app","timestamp":"2025-10-08T02:59:25.581Z"}
{"level":"info","message":"Going to establish a new connection to Slack ...","service":"slack-app","timestamp":"2025-10-08T02:59:25.603Z"}
{"level":"info","message":"HeyJarvis Slack app started successfully","port":"3000","service":"slack-app","timestamp":"2025-10-08T02:59:25.786Z","webhook_port":"30001"}
{"level":"info","message":"Webhook server started","port":"30001","service":"slack-app","timestamp":"2025-10-08T02:59:25.786Z"}
{"level":"info","message":"Now connected to Slack","service":"slack-app","timestamp":"2025-10-08T02:59:26.054Z"}
{"level":"info","message":"Disconnecting ...","service":"slack-app","timestamp":"2025-10-08T03:00:06.802Z"}
{"level":"info","message":"✅ Supabase adapter initialized for Slack bot","service":"slack-app","timestamp":"2025-10-08T03:00:08.428Z"}
{"level":"info","message":"Going to establish a new connection to Slack ...","service":"slack-app","timestamp":"2025-10-08T03:00:08.450Z"}
{"level":"info","message":"HeyJarvis Slack app started successfully","port":"3000","service":"slack-app","timestamp":"2025-10-08T03:00:08.843Z","webhook_port":"30001"}
{"level":"info","message":"Webhook server started","port":"30001","service":"slack-app","timestamp":"2025-10-08T03:00:08.843Z"}
{"level":"info","message":"Now connected to Slack","service":"slack-app","timestamp":"2025-10-08T03:00:09.157Z"}
{"level":"info","message":"Disconnecting ...","service":"slack-app","timestamp":"2025-10-08T03:01:06.629Z"}
