{"level":"info","message":"Generating task recommendations","service":"ai-task-recommendations","task_id":"task_1759186143377_gtmr0e84n","task_type":"meeting","timestamp":"2025-09-29T22:49:03.379Z","urgency":"medium"}
{"error":"Unterminated string in JSON at position 4344","level":"warn","message":"Step-by-step guidance generation failed","service":"ai-task-recommendations","timestamp":"2025-09-29T22:49:14.088Z"}
{"confidence":0.57,"level":"info","message":"Task recommendations generated successfully","service":"ai-task-recommendations","steps_provided":3,"task_id":"task_1759186143377_gtmr0e84n","timestamp":"2025-09-29T22:49:20.964Z","tools_recommended":2}
{"level":"info","message":"Generating task recommendations","service":"ai-task-recommendations","task_id":"task_1759195300168_thugqwl19","task_type":"meeting","timestamp":"2025-09-30T01:21:40.169Z","urgency":"medium"}
{"confidence":0.47,"level":"info","message":"Task recommendations generated successfully","service":"ai-task-recommendations","steps_provided":0,"task_id":"task_1759195300168_thugqwl19","timestamp":"2025-09-30T01:21:57.542Z","tools_recommended":2}
{"level":"info","message":"Generating task recommendations","service":"ai-task-recommendations","task_id":"task_1759198163722_6jmjfy9qt","task_type":"meeting","timestamp":"2025-09-30T02:09:23.724Z","urgency":"medium"}
{"confidence":0.47,"level":"info","message":"Task recommendations generated successfully","service":"ai-task-recommendations","steps_provided":0,"task_id":"task_1759198163722_6jmjfy9qt","timestamp":"2025-09-30T02:09:42.820Z","tools_recommended":3}
{"level":"info","message":"Generating task recommendations","service":"ai-task-recommendations","task_id":"task_1759198444067_hvj41ech9","task_type":"meeting","timestamp":"2025-09-30T02:14:04.068Z","urgency":"medium"}
{"confidence":0.47,"level":"info","message":"Task recommendations generated successfully","service":"ai-task-recommendations","steps_provided":0,"task_id":"task_1759198444067_hvj41ech9","timestamp":"2025-09-30T02:14:22.040Z","tools_recommended":2}
{"level":"info","message":"Generating task recommendations","service":"ai-task-recommendations","task_id":"task_1759198680142_eq643lqe6","task_type":"meeting","timestamp":"2025-09-30T02:18:00.143Z","urgency":"medium"}
{"confidence":0.47,"level":"info","message":"Task recommendations generated successfully","service":"ai-task-recommendations","steps_provided":0,"task_id":"task_1759198680142_eq643lqe6","timestamp":"2025-09-30T02:18:17.897Z","tools_recommended":2}
{"level":"info","message":"Generating task recommendations","service":"ai-task-recommendations","task_id":"task_1759198933846_405156ovi","task_type":"meeting","timestamp":"2025-09-30T02:22:13.848Z","urgency":"medium"}
{"confidence":0.47,"level":"info","message":"Task recommendations generated successfully","service":"ai-task-recommendations","steps_provided":0,"task_id":"task_1759198933846_405156ovi","timestamp":"2025-09-30T02:22:31.645Z","tools_recommended":2}
{"level":"info","message":"Generating task recommendations","service":"ai-task-recommendations","task_id":"task_1759198962273_74xs43v5r","task_type":"meeting","timestamp":"2025-09-30T02:22:42.275Z","urgency":"medium"}
{"confidence":0.47,"level":"info","message":"Task recommendations generated successfully","service":"ai-task-recommendations","steps_provided":0,"task_id":"task_1759198962273_74xs43v5r","timestamp":"2025-09-30T02:23:01.240Z","tools_recommended":3}
{"level":"info","message":"Generating task recommendations","service":"ai-task-recommendations","task_id":"task_1759199048233_fhdwfhydh","task_type":"meeting","timestamp":"2025-09-30T02:24:08.234Z","urgency":"medium"}
{"confidence":0.53,"level":"info","message":"Task recommendations generated successfully","service":"ai-task-recommendations","steps_provided":0,"task_id":"task_1759199048233_fhdwfhydh","timestamp":"2025-09-30T02:24:25.516Z","tools_recommended":2}
{"level":"info","message":"Generating task recommendations","service":"ai-task-recommendations","task_id":"task_1759199075579_oxwd0xp1t","task_type":"meeting","timestamp":"2025-09-30T02:24:35.581Z","urgency":"medium"}
{"confidence":0.53,"level":"info","message":"Task recommendations generated successfully","service":"ai-task-recommendations","steps_provided":0,"task_id":"task_1759199075579_oxwd0xp1t","timestamp":"2025-09-30T02:24:53.369Z","tools_recommended":2}
{"level":"info","message":"Generating task recommendations","service":"ai-task-recommendations","task_id":"task_1759199272127_oychj47az","task_type":"research","timestamp":"2025-09-30T02:27:52.128Z","urgency":"medium"}
{"confidence":0.53,"level":"info","message":"Task recommendations generated successfully","service":"ai-task-recommendations","steps_provided":0,"task_id":"task_1759199272127_oychj47az","timestamp":"2025-09-30T02:28:12.235Z","tools_recommended":3}
