{"level":"info","message":"🚀 Initializing CRM startup service...","service":"crm-startup-service","timestamp":"2025-10-02T03:10:33.751Z"}
{"level":"info","message":"🔧 Starting CRM background service...","service":"crm-startup-service","timestamp":"2025-10-02T03:10:33.752Z"}
{"level":"info","message":"✅ CRM background service started","service":"crm-startup-service","timestamp":"2025-10-02T03:10:33.766Z"}
{"level":"info","message":"✅ CRM service is ready","service":"crm-startup-service","timestamp":"2025-10-02T03:10:33.811Z","uptime":0.688840112}
{"level":"info","message":"📊 Loading initial CRM data...","service":"crm-startup-service","timestamp":"2025-10-02T03:10:33.812Z"}
{"level":"info","message":"No existing analysis found - will trigger new analysis","service":"crm-startup-service","timestamp":"2025-10-02T03:10:33.817Z"}
{"level":"info","message":"🧠 Triggering initial CRM analysis...","service":"crm-startup-service","timestamp":"2025-10-02T03:10:33.817Z"}
{"error":"Analysis trigger failed: 500","level":"warn","message":"Failed to trigger initial analysis","service":"crm-startup-service","timestamp":"2025-10-02T03:10:35.958Z"}
{"insights_count":0,"level":"info","load_time_ms":2208,"message":"✅ CRM startup service initialized successfully","recommendations_count":0,"service":"crm-startup-service","timestamp":"2025-10-02T03:10:35.959Z"}
{"level":"info","message":"🚀 Initializing CRM startup service...","service":"crm-startup-service","timestamp":"2025-10-02T03:13:23.425Z"}
{"level":"info","message":"🔧 Starting CRM background service...","service":"crm-startup-service","timestamp":"2025-10-02T03:13:23.426Z"}
{"level":"info","message":"✅ CRM background service started","service":"crm-startup-service","timestamp":"2025-10-02T03:13:23.439Z"}
{"level":"info","message":"✅ CRM service is ready","service":"crm-startup-service","timestamp":"2025-10-02T03:13:23.481Z","uptime":0.704750659}
{"level":"info","message":"📊 Loading initial CRM data...","service":"crm-startup-service","timestamp":"2025-10-02T03:13:23.482Z"}
{"level":"info","message":"No existing analysis found - will trigger new analysis","service":"crm-startup-service","timestamp":"2025-10-02T03:13:23.486Z"}
{"level":"info","message":"🧠 Triggering initial CRM analysis...","service":"crm-startup-service","timestamp":"2025-10-02T03:13:23.487Z"}
{"error":"Analysis trigger failed: 500","level":"warn","message":"Failed to trigger initial analysis","service":"crm-startup-service","timestamp":"2025-10-02T03:13:25.659Z"}
{"insights_count":0,"level":"info","load_time_ms":2234,"message":"✅ CRM startup service initialized successfully","recommendations_count":0,"service":"crm-startup-service","timestamp":"2025-10-02T03:13:25.659Z"}
{"level":"info","message":"🚀 Initializing CRM startup service...","service":"crm-startup-service","timestamp":"2025-10-02T03:16:35.263Z"}
{"level":"info","message":"🔧 Starting CRM background service...","service":"crm-startup-service","timestamp":"2025-10-02T03:16:35.264Z"}
{"level":"info","message":"✅ CRM background service started","service":"crm-startup-service","timestamp":"2025-10-02T03:16:35.277Z"}
{"level":"info","message":"✅ CRM service is ready","service":"crm-startup-service","timestamp":"2025-10-02T03:16:35.319Z","uptime":0.725798685}
{"level":"info","message":"📊 Loading initial CRM data...","service":"crm-startup-service","timestamp":"2025-10-02T03:16:35.320Z"}
{"level":"info","message":"No existing analysis found - will trigger new analysis","service":"crm-startup-service","timestamp":"2025-10-02T03:16:35.324Z"}
{"level":"info","message":"🧠 Triggering initial CRM analysis...","service":"crm-startup-service","timestamp":"2025-10-02T03:16:35.325Z"}
{"error":"Analysis trigger failed: 500","level":"warn","message":"Failed to trigger initial analysis","service":"crm-startup-service","timestamp":"2025-10-02T03:16:37.318Z"}
{"insights_count":0,"level":"info","load_time_ms":2055,"message":"✅ CRM startup service initialized successfully","recommendations_count":0,"service":"crm-startup-service","timestamp":"2025-10-02T03:16:37.318Z"}
